     1                                  bits 32
     2                                  
     3                                  global start
     4                                  
     5                                  extern exit,fopen,fclose,fprintf,fread,printf
     6                                  import exit msvcrt.dll
     7                                  import fopen msvcrt.dll
     8                                  import fclose msvcrt.dll
     9                                  import fprintf msvcrt.dll
    10                                  import fread msvcrt.dll
    11                                  import printf msvcrt.dll
    12                                  
    13                                  segment data use32 class=data
    14 00000000 616E612E74787400                nume_fisier db "ana.txt",0
    15 00000008 7200                            mod_acces db "r",0
    16 0000000A FFFFFFFF                        descriptor_fisier dd -1
    17                                          len equ 100
    18 0000000E 00<rept>                        text times (len+1) db 0
    19 00000073 416D20636974697420-             format db "Am citit %d caractere. Textul este %s",0
    19 0000007C 256420636172616374-
    19 00000085 6572652E2054657874-
    19 0000008E 756C20657374652025-
    19 00000097 7300               
    20                                      
    21                                  
    22                                  segment code use32 class=code
    23                                      start:
    24                                          ; ...
    25                                          ;fopen = (nume_fisier,mod_acces)
    26 00000000 68[08000000]                    push dword mod_acces
    27 00000005 68[00000000]                    push dword nume_fisier
    28 0000000A FF15[00000000]                  call [fopen]
    29 00000010 83C408                          add esp,4*2
    30                                          
    31 00000013 A3[0A000000]                    mov [descriptor_fisier],eax
    32                                          
    33 00000018 83F800                          cmp eax,0
    34 0000001B 743B                            je final
    35                                          
    36                                          ;fread = (text,1,len,descriptor_fisier)
    37 0000001D FF35[0A000000]                  push dword [descriptor_fisier]
    38 00000023 6A64                            push dword len
    39 00000025 6A01                            push dword 1
    40 00000027 68[0E000000]                    push text
    41 0000002C FF15[00000000]                  call [fread]
    42 00000032 83C410                          add esp,4*4
    43                                          
    44                                          ;printf = (format,eax,text)
    45 00000035 68[0E000000]                    push dword text
    46 0000003A 50                              push dword eax
    47 0000003B 68[73000000]                    push dword format
    48 00000040 FF15[00000000]                  call [printf]
    49 00000046 83C40C                          add esp,4*3
    50                                          
    51                                          ;fclose = (descriptor_fisier)
    52 00000049 FF35[0A000000]                  push dword [descriptor_fisier]
    53 0000004F FF15[00000000]                  call [fclose]
    54 00000055 83C404                          add esp,4
    55                                          
    56                                          
    57                                          
    58                                          final:
    59                                          ; exit(0)
    60 00000058 6A00                            push    dword 0      ; push the parameter for exit onto the stack
    61 0000005A FF15[00000000]                  call    [exit]       ; call exit to terminate the program
