2025-06-27 20:33:43 INFO  org.hibernate.validator.internal.util.Version 21 <clinit> - HV000001: Hibernate Validator 8.0.1.Final
2025-06-27 20:33:43 INFO  org.springframework.boot.StartupInfoLogger 50 logStarting - Starting StartRestServices using Java 17.0.15 with PID 30944 (D:\GithubRepositories\CS-UBB-FMI-INFO\2nd Year\2nd Semester\MPP\sesiune\gaseste-animal-doarRest\gaseste-animal-doarRest\RestServices\build\classes\java\main started by emicu in D:\GithubRepositories\CS-UBB-FMI-INFO\2nd Year\2nd Semester\MPP\sesiune\gaseste-animal-doarRest\gaseste-animal-doarRest)
2025-06-27 20:33:43 INFO  org.springframework.boot.SpringApplication 653 logStartupProfileInfo - No active profile set, falling back to 1 default profile: "default"
2025-06-27 20:33:43 INFO  org.springframework.data.repository.config.RepositoryConfigurationDelegate 139 registerRepositoriesIn - Bootstrapping Spring Data JPA repositories in DEFAULT mode.
2025-06-27 20:33:43 INFO  org.springframework.data.repository.config.RepositoryConfigurationDelegate 208 registerRepositoriesIn - Finished Spring Data repository scanning in 8 ms. Found 0 JPA repository interfaces.
2025-06-27 20:33:44 INFO  org.springframework.boot.web.embedded.tomcat.TomcatWebServer 108 initialize - Tomcat initialized with port 8080 (http)
2025-06-27 20:33:44 INFO  org.springframework.boot.web.servlet.context.ServletWebServerApplicationContext 296 prepareWebApplicationContext - Root WebApplicationContext: initialization completed in 1003 ms
2025-06-27 20:33:44 INFO  com.zaxxer.hikari.HikariDataSource 110 getConnection - HikariPool-1 - Starting...
2025-06-27 20:33:44 INFO  com.zaxxer.hikari.pool.HikariPool 565 checkFailFast - HikariPool-1 - Added connection org.sqlite.jdbc4.JDBC4Connection@58601e7a
2025-06-27 20:33:44 INFO  com.zaxxer.hikari.HikariDataSource 123 getConnection - HikariPool-1 - Start completed.
2025-06-27 20:33:44 INFO  org.hibernate.jpa.internal.util.LogHelper 31 logPersistenceUnitInformation - HHH000204: Processing PersistenceUnitInfo [name: default]
2025-06-27 20:33:44 INFO  org.hibernate.Version 44 logVersion - HHH000412: Hibernate ORM core version 6.3.1.Final
2025-06-27 20:33:44 INFO  org.hibernate.cfg.Environment 148 <clinit> - HHH000205: Loaded properties from resource hibernate.properties: {hibernate.format_sql=true, hibernate.id.new_generator_mappings=false, hibernate.dialect=org.hibernate.community.dialect.SQLiteDialect, hibernate.highlight_sql=true, jakarta.persistence.jdbc.url=jdbc:sqlite:/C:/Users/emicu/Desktop/databases/gaseste_animal_doarRest.db, hibernate.show_sql=true, jakarta.persistence.schema-generation.database.action=update}
2025-06-27 20:33:44 INFO  org.hibernate.cache.internal.RegionFactoryInitiator 50 initiateService - HHH000026: Second-level cache disabled
2025-06-27 20:33:44 INFO  org.springframework.orm.jpa.persistenceunit.SpringPersistenceUnitInfo 87 addTransformer - No LoadTimeWeaver setup: ignoring JPA class transformer
2025-06-27 20:33:45 INFO  org.hibernate.engine.transaction.jta.platform.internal.JtaPlatformInitiator 58 initiateService - HHH000489: No JTA platform available (set 'hibernate.transaction.jta.platform' to enable JTA platform integration)
2025-06-27 20:33:45 INFO  org.springframework.orm.jpa.AbstractEntityManagerFactoryBean 437 buildNativeEntityManagerFactory - Initialized JPA EntityManagerFactory for persistence unit 'default'
2025-06-27 20:33:45 INFO  com.persistence.repo.ConfiguratiiRepository 16 <init> - ConfiguratiiRepository initialized
2025-06-27 20:33:45 INFO  com.persistence.repo.JocuriRepository 21 <init> - JocuriRepository initialized
2025-06-27 20:33:45 INFO  com.persistence.repo.JucatoriRepository 18 <init> - JucatoriRepository initialized
2025-06-27 20:33:45 INFO  com.persistence.repo.IncercareRepository 15 <init> - IncercareRepository initialized
2025-06-27 20:33:45 WARN  org.springframework.boot.autoconfigure.orm.jpa.JpaBaseConfiguration$JpaWebConfiguration 232 openEntityManagerInViewInterceptor - spring.jpa.open-in-view is enabled by default. Therefore, database queries may be performed during view rendering. Explicitly configure spring.jpa.open-in-view to disable this warning
2025-06-27 20:33:45 INFO  org.springframework.boot.web.embedded.tomcat.TomcatWebServer 221 start - Tomcat started on port 8080 (http) with context path ''
2025-06-27 20:33:45 INFO  org.springframework.boot.StartupInfoLogger 56 logStarted - Started StartRestServices in 2.742 seconds (process running for 3.585)
2025-06-27 20:33:49 INFO  org.springframework.web.servlet.FrameworkServlet 532 initServletBean - Initializing Servlet 'dispatcherServlet'
2025-06-27 20:33:49 INFO  org.springframework.web.servlet.FrameworkServlet 554 initServletBean - Completed initialization in 1 ms
2025-06-27 20:33:49 INFO  com.rest.ConfiguratieController 47 getAll - Retrieving all configuratii 
2025-06-27 20:33:49 INFO  org.hibernate.cache.internal.RegionFactoryInitiator 50 initiateService - HHH000026: Second-level cache disabled
2025-06-27 20:33:49 WARN  org.hibernate.engine.jdbc.connections.internal.DriverManagerConnectionProviderImpl 80 configure - HHH10001002: Using built-in connection pool (not intended for production use)
2025-06-27 20:33:49 INFO  org.hibernate.engine.jdbc.connections.internal.DriverManagerConnectionProviderImpl 139 buildCreator - HHH10001010: No JDBC driver class specified by hibernate.connection.driver_class
2025-06-27 20:33:49 INFO  org.hibernate.engine.jdbc.connections.internal.DriverManagerConnectionProviderImpl 148 buildCreator - HHH10001011: Loaded JDBC drivers: org.sqlite.JDBC
2025-06-27 20:33:49 INFO  org.hibernate.engine.jdbc.connections.internal.DriverManagerConnectionProviderImpl 157 buildCreator - HHH10001012: Connecting with JDBC URL [jdbc:sqlite:/C:/Users/emicu/Desktop/databases/gaseste_animal_doarRest.db]
2025-06-27 20:33:49 INFO  org.hibernate.engine.jdbc.connections.internal.DriverManagerConnectionProviderImpl 166 buildCreator - HHH10001001: Connection properties: {}
2025-06-27 20:33:49 INFO  org.hibernate.engine.jdbc.connections.internal.DriverManagerConnectionProviderImpl 170 buildCreator - HHH10001003: Autocommit mode: false
2025-06-27 20:33:49 INFO  org.hibernate.engine.jdbc.connections.internal.DriverManagerConnectionProviderImpl$PooledConnections 366 <init> - HHH10001115: Connection pool size: 20 (min=1)
2025-06-27 20:33:50 INFO  org.hibernate.engine.transaction.jta.platform.internal.JtaPlatformInitiator 58 initiateService - HHH000489: No JTA platform available (set 'hibernate.transaction.jta.platform' to enable JTA platform integration)
2025-06-27 20:33:50 INFO  org.hibernate.resource.transaction.backend.jdbc.internal.DdlTransactionIsolatorNonJtaImpl 52 getIsolatedConnection - HHH10001501: Connection obtained from JdbcConnectionAccess [org.hibernate.engine.jdbc.env.internal.JdbcEnvironmentInitiator$ConnectionProviderJdbcConnectionAccess@23b78f1] for (non-JTA) DDL execution was not in auto-commit mode; the Connection 'local transaction' will be committed and the Connection will be set into auto-commit mode.
2025-06-27 20:34:35 INFO  org.springframework.orm.jpa.AbstractEntityManagerFactoryBean 650 destroy - Closing JPA EntityManagerFactory for persistence unit 'default'
2025-06-27 20:34:35 INFO  com.zaxxer.hikari.HikariDataSource 350 close - HikariPool-1 - Shutdown initiated...
2025-06-27 20:34:35 INFO  com.zaxxer.hikari.HikariDataSource 352 close - HikariPool-1 - Shutdown completed.
2025-06-27 20:36:42 INFO  org.hibernate.validator.internal.util.Version 21 <clinit> - HV000001: Hibernate Validator 8.0.1.Final
2025-06-27 20:36:42 INFO  org.springframework.boot.StartupInfoLogger 50 logStarting - Starting StartRestServices using Java 17.0.15 with PID 56836 (D:\GithubRepositories\CS-UBB-FMI-INFO\2nd Year\2nd Semester\MPP\sesiune\gaseste-animal-doarRest\gaseste-animal-doarRest\RestServices\build\classes\java\main started by emicu in D:\GithubRepositories\CS-UBB-FMI-INFO\2nd Year\2nd Semester\MPP\sesiune\gaseste-animal-doarRest\gaseste-animal-doarRest)
2025-06-27 20:36:42 INFO  org.springframework.boot.SpringApplication 653 logStartupProfileInfo - No active profile set, falling back to 1 default profile: "default"
2025-06-27 20:36:42 INFO  org.springframework.data.repository.config.RepositoryConfigurationDelegate 139 registerRepositoriesIn - Bootstrapping Spring Data JPA repositories in DEFAULT mode.
2025-06-27 20:36:42 INFO  org.springframework.data.repository.config.RepositoryConfigurationDelegate 208 registerRepositoriesIn - Finished Spring Data repository scanning in 9 ms. Found 0 JPA repository interfaces.
2025-06-27 20:36:43 INFO  org.springframework.boot.web.embedded.tomcat.TomcatWebServer 108 initialize - Tomcat initialized with port 8080 (http)
2025-06-27 20:36:43 INFO  org.springframework.boot.web.servlet.context.ServletWebServerApplicationContext 296 prepareWebApplicationContext - Root WebApplicationContext: initialization completed in 1064 ms
2025-06-27 20:36:43 INFO  com.zaxxer.hikari.HikariDataSource 110 getConnection - HikariPool-1 - Starting...
2025-06-27 20:36:43 INFO  com.zaxxer.hikari.pool.HikariPool 565 checkFailFast - HikariPool-1 - Added connection org.sqlite.jdbc4.JDBC4Connection@63e4484d
2025-06-27 20:36:43 INFO  com.zaxxer.hikari.HikariDataSource 123 getConnection - HikariPool-1 - Start completed.
2025-06-27 20:36:43 INFO  org.hibernate.jpa.internal.util.LogHelper 31 logPersistenceUnitInformation - HHH000204: Processing PersistenceUnitInfo [name: default]
2025-06-27 20:36:43 INFO  org.hibernate.Version 44 logVersion - HHH000412: Hibernate ORM core version 6.3.1.Final
2025-06-27 20:36:43 INFO  org.hibernate.cfg.Environment 148 <clinit> - HHH000205: Loaded properties from resource hibernate.properties: {hibernate.format_sql=true, hibernate.id.new_generator_mappings=false, hibernate.dialect=org.hibernate.community.dialect.SQLiteDialect, hibernate.highlight_sql=true, jakarta.persistence.jdbc.url=jdbc:sqlite:/C:/Users/emicu/Desktop/databases/gaseste_animal_doarRest.db, hibernate.show_sql=true, jakarta.persistence.schema-generation.database.action=update}
2025-06-27 20:36:43 INFO  org.hibernate.cache.internal.RegionFactoryInitiator 50 initiateService - HHH000026: Second-level cache disabled
2025-06-27 20:36:43 INFO  org.springframework.orm.jpa.persistenceunit.SpringPersistenceUnitInfo 87 addTransformer - No LoadTimeWeaver setup: ignoring JPA class transformer
2025-06-27 20:36:44 INFO  org.hibernate.engine.transaction.jta.platform.internal.JtaPlatformInitiator 58 initiateService - HHH000489: No JTA platform available (set 'hibernate.transaction.jta.platform' to enable JTA platform integration)
2025-06-27 20:36:44 INFO  org.springframework.orm.jpa.AbstractEntityManagerFactoryBean 437 buildNativeEntityManagerFactory - Initialized JPA EntityManagerFactory for persistence unit 'default'
2025-06-27 20:36:44 INFO  com.persistence.repo.ConfiguratiiRepository 16 <init> - ConfiguratiiRepository initialized
2025-06-27 20:36:44 INFO  com.persistence.repo.JocuriRepository 21 <init> - JocuriRepository initialized
2025-06-27 20:36:44 INFO  com.persistence.repo.JucatoriRepository 18 <init> - JucatoriRepository initialized
2025-06-27 20:36:44 INFO  com.persistence.repo.IncercareRepository 15 <init> - IncercareRepository initialized
2025-06-27 20:36:44 WARN  org.springframework.boot.autoconfigure.orm.jpa.JpaBaseConfiguration$JpaWebConfiguration 232 openEntityManagerInViewInterceptor - spring.jpa.open-in-view is enabled by default. Therefore, database queries may be performed during view rendering. Explicitly configure spring.jpa.open-in-view to disable this warning
2025-06-27 20:36:44 INFO  org.springframework.boot.web.embedded.tomcat.TomcatWebServer 221 start - Tomcat started on port 8080 (http) with context path ''
2025-06-27 20:36:44 INFO  org.springframework.boot.StartupInfoLogger 56 logStarted - Started StartRestServices in 2.801 seconds (process running for 4.215)
2025-06-27 20:36:47 INFO  org.springframework.web.servlet.FrameworkServlet 532 initServletBean - Initializing Servlet 'dispatcherServlet'
2025-06-27 20:36:47 INFO  org.springframework.web.servlet.FrameworkServlet 554 initServletBean - Completed initialization in 0 ms
2025-06-27 20:36:48 INFO  com.rest.ConfiguratieController 47 getAll - Retrieving all configuratii 
2025-06-27 20:36:48 INFO  org.hibernate.cache.internal.RegionFactoryInitiator 50 initiateService - HHH000026: Second-level cache disabled
2025-06-27 20:36:48 WARN  org.hibernate.engine.jdbc.connections.internal.DriverManagerConnectionProviderImpl 80 configure - HHH10001002: Using built-in connection pool (not intended for production use)
2025-06-27 20:36:48 INFO  org.hibernate.engine.jdbc.connections.internal.DriverManagerConnectionProviderImpl 139 buildCreator - HHH10001010: No JDBC driver class specified by hibernate.connection.driver_class
2025-06-27 20:36:48 INFO  org.hibernate.engine.jdbc.connections.internal.DriverManagerConnectionProviderImpl 148 buildCreator - HHH10001011: Loaded JDBC drivers: org.sqlite.JDBC
2025-06-27 20:36:48 INFO  org.hibernate.engine.jdbc.connections.internal.DriverManagerConnectionProviderImpl 157 buildCreator - HHH10001012: Connecting with JDBC URL [jdbc:sqlite:/C:/Users/emicu/Desktop/databases/gaseste_animal_doarRest.db]
2025-06-27 20:36:48 INFO  org.hibernate.engine.jdbc.connections.internal.DriverManagerConnectionProviderImpl 166 buildCreator - HHH10001001: Connection properties: {}
2025-06-27 20:36:48 INFO  org.hibernate.engine.jdbc.connections.internal.DriverManagerConnectionProviderImpl 170 buildCreator - HHH10001003: Autocommit mode: false
2025-06-27 20:36:48 INFO  org.hibernate.engine.jdbc.connections.internal.DriverManagerConnectionProviderImpl$PooledConnections 366 <init> - HHH10001115: Connection pool size: 20 (min=1)
2025-06-27 20:36:48 INFO  org.hibernate.engine.transaction.jta.platform.internal.JtaPlatformInitiator 58 initiateService - HHH000489: No JTA platform available (set 'hibernate.transaction.jta.platform' to enable JTA platform integration)
2025-06-27 20:36:48 INFO  org.hibernate.resource.transaction.backend.jdbc.internal.DdlTransactionIsolatorNonJtaImpl 52 getIsolatedConnection - HHH10001501: Connection obtained from JdbcConnectionAccess [org.hibernate.engine.jdbc.env.internal.JdbcEnvironmentInitiator$ConnectionProviderJdbcConnectionAccess@5a679ba6] for (non-JTA) DDL execution was not in auto-commit mode; the Connection 'local transaction' will be committed and the Connection will be set into auto-commit mode.
2025-06-27 20:37:17 INFO  org.springframework.orm.jpa.AbstractEntityManagerFactoryBean 650 destroy - Closing JPA EntityManagerFactory for persistence unit 'default'
2025-06-27 20:37:17 INFO  com.zaxxer.hikari.HikariDataSource 350 close - HikariPool-1 - Shutdown initiated...
2025-06-27 20:37:17 INFO  com.zaxxer.hikari.HikariDataSource 352 close - HikariPool-1 - Shutdown completed.
2025-06-27 20:37:19 INFO  org.hibernate.validator.internal.util.Version 21 <clinit> - HV000001: Hibernate Validator 8.0.1.Final
2025-06-27 20:37:19 INFO  org.springframework.boot.StartupInfoLogger 50 logStarting - Starting StartRestServices using Java 17.0.15 with PID 57244 (D:\GithubRepositories\CS-UBB-FMI-INFO\2nd Year\2nd Semester\MPP\sesiune\gaseste-animal-doarRest\gaseste-animal-doarRest\RestServices\build\classes\java\main started by emicu in D:\GithubRepositories\CS-UBB-FMI-INFO\2nd Year\2nd Semester\MPP\sesiune\gaseste-animal-doarRest\gaseste-animal-doarRest)
2025-06-27 20:37:20 INFO  org.springframework.boot.SpringApplication 653 logStartupProfileInfo - No active profile set, falling back to 1 default profile: "default"
2025-06-27 20:37:20 INFO  org.springframework.data.repository.config.RepositoryConfigurationDelegate 139 registerRepositoriesIn - Bootstrapping Spring Data JPA repositories in DEFAULT mode.
2025-06-27 20:37:20 INFO  org.springframework.data.repository.config.RepositoryConfigurationDelegate 208 registerRepositoriesIn - Finished Spring Data repository scanning in 9 ms. Found 0 JPA repository interfaces.
2025-06-27 20:37:21 INFO  org.springframework.boot.web.embedded.tomcat.TomcatWebServer 108 initialize - Tomcat initialized with port 8080 (http)
2025-06-27 20:37:21 INFO  org.springframework.boot.web.servlet.context.ServletWebServerApplicationContext 296 prepareWebApplicationContext - Root WebApplicationContext: initialization completed in 1270 ms
2025-06-27 20:37:21 INFO  com.zaxxer.hikari.HikariDataSource 110 getConnection - HikariPool-1 - Starting...
2025-06-27 20:37:21 INFO  com.zaxxer.hikari.pool.HikariPool 565 checkFailFast - HikariPool-1 - Added connection org.sqlite.jdbc4.JDBC4Connection@62735b13
2025-06-27 20:37:21 INFO  com.zaxxer.hikari.HikariDataSource 123 getConnection - HikariPool-1 - Start completed.
2025-06-27 20:37:21 INFO  org.hibernate.jpa.internal.util.LogHelper 31 logPersistenceUnitInformation - HHH000204: Processing PersistenceUnitInfo [name: default]
2025-06-27 20:37:21 INFO  org.hibernate.Version 44 logVersion - HHH000412: Hibernate ORM core version 6.3.1.Final
2025-06-27 20:37:21 INFO  org.hibernate.cfg.Environment 148 <clinit> - HHH000205: Loaded properties from resource hibernate.properties: {hibernate.format_sql=true, hibernate.id.new_generator_mappings=false, hibernate.dialect=org.hibernate.community.dialect.SQLiteDialect, hibernate.highlight_sql=true, jakarta.persistence.jdbc.url=jdbc:sqlite:/C:/Users/emicu/Desktop/databases/gaseste_animal_doarRest.db, hibernate.show_sql=true, jakarta.persistence.schema-generation.database.action=update}
2025-06-27 20:37:21 INFO  org.hibernate.cache.internal.RegionFactoryInitiator 50 initiateService - HHH000026: Second-level cache disabled
2025-06-27 20:37:21 INFO  org.springframework.orm.jpa.persistenceunit.SpringPersistenceUnitInfo 87 addTransformer - No LoadTimeWeaver setup: ignoring JPA class transformer
2025-06-27 20:37:22 INFO  org.hibernate.engine.transaction.jta.platform.internal.JtaPlatformInitiator 58 initiateService - HHH000489: No JTA platform available (set 'hibernate.transaction.jta.platform' to enable JTA platform integration)
2025-06-27 20:37:22 INFO  org.springframework.orm.jpa.AbstractEntityManagerFactoryBean 437 buildNativeEntityManagerFactory - Initialized JPA EntityManagerFactory for persistence unit 'default'
2025-06-27 20:37:22 INFO  com.persistence.repo.ConfiguratiiRepository 16 <init> - ConfiguratiiRepository initialized
2025-06-27 20:37:22 INFO  com.persistence.repo.JocuriRepository 21 <init> - JocuriRepository initialized
2025-06-27 20:37:22 INFO  com.persistence.repo.JucatoriRepository 18 <init> - JucatoriRepository initialized
2025-06-27 20:37:22 INFO  com.persistence.repo.IncercareRepository 15 <init> - IncercareRepository initialized
2025-06-27 20:37:22 WARN  org.springframework.boot.autoconfigure.orm.jpa.JpaBaseConfiguration$JpaWebConfiguration 232 openEntityManagerInViewInterceptor - spring.jpa.open-in-view is enabled by default. Therefore, database queries may be performed during view rendering. Explicitly configure spring.jpa.open-in-view to disable this warning
2025-06-27 20:37:22 INFO  org.springframework.boot.web.embedded.tomcat.TomcatWebServer 221 start - Tomcat started on port 8080 (http) with context path ''
2025-06-27 20:37:22 INFO  org.springframework.boot.StartupInfoLogger 56 logStarted - Started StartRestServices in 2.857 seconds (process running for 3.655)
2025-06-27 20:37:25 INFO  org.springframework.web.servlet.FrameworkServlet 532 initServletBean - Initializing Servlet 'dispatcherServlet'
2025-06-27 20:37:25 INFO  org.springframework.web.servlet.FrameworkServlet 554 initServletBean - Completed initialization in 0 ms
2025-06-27 20:37:25 INFO  com.rest.ConfiguratieController 47 getAll - Retrieving all configuratii 
2025-06-27 20:37:25 INFO  org.hibernate.cache.internal.RegionFactoryInitiator 50 initiateService - HHH000026: Second-level cache disabled
2025-06-27 20:37:25 WARN  org.hibernate.engine.jdbc.connections.internal.DriverManagerConnectionProviderImpl 80 configure - HHH10001002: Using built-in connection pool (not intended for production use)
2025-06-27 20:37:25 INFO  org.hibernate.engine.jdbc.connections.internal.DriverManagerConnectionProviderImpl 139 buildCreator - HHH10001010: No JDBC driver class specified by hibernate.connection.driver_class
2025-06-27 20:37:25 INFO  org.hibernate.engine.jdbc.connections.internal.DriverManagerConnectionProviderImpl 148 buildCreator - HHH10001011: Loaded JDBC drivers: org.sqlite.JDBC
2025-06-27 20:37:25 INFO  org.hibernate.engine.jdbc.connections.internal.DriverManagerConnectionProviderImpl 157 buildCreator - HHH10001012: Connecting with JDBC URL [jdbc:sqlite:/C:/Users/emicu/Desktop/databases/gaseste_animal_doarRest.db]
2025-06-27 20:37:25 INFO  org.hibernate.engine.jdbc.connections.internal.DriverManagerConnectionProviderImpl 166 buildCreator - HHH10001001: Connection properties: {}
2025-06-27 20:37:25 INFO  org.hibernate.engine.jdbc.connections.internal.DriverManagerConnectionProviderImpl 170 buildCreator - HHH10001003: Autocommit mode: false
2025-06-27 20:37:25 INFO  org.hibernate.engine.jdbc.connections.internal.DriverManagerConnectionProviderImpl$PooledConnections 366 <init> - HHH10001115: Connection pool size: 20 (min=1)
2025-06-27 20:37:26 INFO  org.hibernate.engine.transaction.jta.platform.internal.JtaPlatformInitiator 58 initiateService - HHH000489: No JTA platform available (set 'hibernate.transaction.jta.platform' to enable JTA platform integration)
2025-06-27 20:37:26 INFO  org.hibernate.resource.transaction.backend.jdbc.internal.DdlTransactionIsolatorNonJtaImpl 52 getIsolatedConnection - HHH10001501: Connection obtained from JdbcConnectionAccess [org.hibernate.engine.jdbc.env.internal.JdbcEnvironmentInitiator$ConnectionProviderJdbcConnectionAccess@793f7016] for (non-JTA) DDL execution was not in auto-commit mode; the Connection 'local transaction' will be committed and the Connection will be set into auto-commit mode.
2025-06-27 20:37:36 INFO  com.rest.JucatorController 36 getJucatorById - Getting Jucator with id: 1
2025-06-27 20:37:36 INFO  com.rest.JucatorController 42 getJucatorById - Found Jucator: com.model.Jucator@177159df
2025-06-27 20:38:03 INFO  com.rest.ConfiguratieController 47 getAll - Retrieving all configuratii 
2025-06-27 20:38:32 INFO  org.springframework.orm.jpa.AbstractEntityManagerFactoryBean 650 destroy - Closing JPA EntityManagerFactory for persistence unit 'default'
2025-06-27 20:38:32 INFO  com.zaxxer.hikari.HikariDataSource 350 close - HikariPool-1 - Shutdown initiated...
2025-06-27 20:38:32 INFO  com.zaxxer.hikari.HikariDataSource 352 close - HikariPool-1 - Shutdown completed.
2025-06-27 20:38:59 INFO  org.hibernate.validator.internal.util.Version 21 <clinit> - HV000001: Hibernate Validator 8.0.1.Final
2025-06-27 20:38:59 INFO  org.springframework.boot.StartupInfoLogger 50 logStarting - Starting StartRestServices using Java 17.0.15 with PID 52700 (D:\GithubRepositories\CS-UBB-FMI-INFO\2nd Year\2nd Semester\MPP\sesiune\gaseste-animal-doarRest\gaseste-animal-doarRest\RestServices\build\classes\java\main started by emicu in D:\GithubRepositories\CS-UBB-FMI-INFO\2nd Year\2nd Semester\MPP\sesiune\gaseste-animal-doarRest\gaseste-animal-doarRest)
2025-06-27 20:38:59 INFO  org.springframework.boot.SpringApplication 653 logStartupProfileInfo - No active profile set, falling back to 1 default profile: "default"
2025-06-27 20:38:59 INFO  org.springframework.data.repository.config.RepositoryConfigurationDelegate 139 registerRepositoriesIn - Bootstrapping Spring Data JPA repositories in DEFAULT mode.
2025-06-27 20:38:59 INFO  org.springframework.data.repository.config.RepositoryConfigurationDelegate 208 registerRepositoriesIn - Finished Spring Data repository scanning in 9 ms. Found 0 JPA repository interfaces.
2025-06-27 20:39:00 INFO  org.springframework.boot.web.embedded.tomcat.TomcatWebServer 108 initialize - Tomcat initialized with port 8080 (http)
2025-06-27 20:39:00 INFO  org.springframework.boot.web.servlet.context.ServletWebServerApplicationContext 296 prepareWebApplicationContext - Root WebApplicationContext: initialization completed in 1098 ms
2025-06-27 20:39:00 INFO  com.zaxxer.hikari.HikariDataSource 110 getConnection - HikariPool-1 - Starting...
2025-06-27 20:39:00 INFO  com.zaxxer.hikari.pool.HikariPool 565 checkFailFast - HikariPool-1 - Added connection org.sqlite.jdbc4.JDBC4Connection@58601e7a
2025-06-27 20:39:00 INFO  com.zaxxer.hikari.HikariDataSource 123 getConnection - HikariPool-1 - Start completed.
2025-06-27 20:39:00 INFO  org.hibernate.jpa.internal.util.LogHelper 31 logPersistenceUnitInformation - HHH000204: Processing PersistenceUnitInfo [name: default]
2025-06-27 20:39:00 INFO  org.hibernate.Version 44 logVersion - HHH000412: Hibernate ORM core version 6.3.1.Final
2025-06-27 20:39:00 INFO  org.hibernate.cfg.Environment 148 <clinit> - HHH000205: Loaded properties from resource hibernate.properties: {hibernate.format_sql=true, hibernate.id.new_generator_mappings=false, hibernate.dialect=org.hibernate.community.dialect.SQLiteDialect, hibernate.highlight_sql=true, jakarta.persistence.jdbc.url=jdbc:sqlite:/C:/Users/emicu/Desktop/databases/gaseste_animal_doarRest.db, hibernate.show_sql=true, jakarta.persistence.schema-generation.database.action=update}
2025-06-27 20:39:00 INFO  org.hibernate.cache.internal.RegionFactoryInitiator 50 initiateService - HHH000026: Second-level cache disabled
2025-06-27 20:39:01 INFO  org.springframework.orm.jpa.persistenceunit.SpringPersistenceUnitInfo 87 addTransformer - No LoadTimeWeaver setup: ignoring JPA class transformer
2025-06-27 20:39:01 INFO  org.hibernate.engine.transaction.jta.platform.internal.JtaPlatformInitiator 58 initiateService - HHH000489: No JTA platform available (set 'hibernate.transaction.jta.platform' to enable JTA platform integration)
2025-06-27 20:39:01 INFO  org.springframework.orm.jpa.AbstractEntityManagerFactoryBean 437 buildNativeEntityManagerFactory - Initialized JPA EntityManagerFactory for persistence unit 'default'
2025-06-27 20:39:01 INFO  com.persistence.repo.ConfiguratiiRepository 16 <init> - ConfiguratiiRepository initialized
2025-06-27 20:39:01 INFO  com.persistence.repo.JocuriRepository 21 <init> - JocuriRepository initialized
2025-06-27 20:39:01 INFO  com.persistence.repo.JucatoriRepository 18 <init> - JucatoriRepository initialized
2025-06-27 20:39:01 INFO  com.persistence.repo.IncercareRepository 15 <init> - IncercareRepository initialized
2025-06-27 20:39:01 WARN  org.springframework.boot.autoconfigure.orm.jpa.JpaBaseConfiguration$JpaWebConfiguration 232 openEntityManagerInViewInterceptor - spring.jpa.open-in-view is enabled by default. Therefore, database queries may be performed during view rendering. Explicitly configure spring.jpa.open-in-view to disable this warning
2025-06-27 20:39:01 INFO  org.springframework.boot.web.embedded.tomcat.TomcatWebServer 221 start - Tomcat started on port 8080 (http) with context path ''
2025-06-27 20:39:01 INFO  org.springframework.boot.StartupInfoLogger 56 logStarted - Started StartRestServices in 2.692 seconds (process running for 3.507)
2025-06-27 20:39:04 INFO  org.springframework.web.servlet.FrameworkServlet 532 initServletBean - Initializing Servlet 'dispatcherServlet'
2025-06-27 20:39:04 INFO  org.springframework.web.servlet.FrameworkServlet 554 initServletBean - Completed initialization in 0 ms
2025-06-27 20:39:04 INFO  com.rest.JucatorController 36 getJucatorById - Getting Jucator with id: 1
2025-06-27 20:39:05 INFO  org.hibernate.cache.internal.RegionFactoryInitiator 50 initiateService - HHH000026: Second-level cache disabled
2025-06-27 20:39:05 WARN  org.hibernate.engine.jdbc.connections.internal.DriverManagerConnectionProviderImpl 80 configure - HHH10001002: Using built-in connection pool (not intended for production use)
2025-06-27 20:39:05 INFO  org.hibernate.engine.jdbc.connections.internal.DriverManagerConnectionProviderImpl 139 buildCreator - HHH10001010: No JDBC driver class specified by hibernate.connection.driver_class
2025-06-27 20:39:05 INFO  org.hibernate.engine.jdbc.connections.internal.DriverManagerConnectionProviderImpl 148 buildCreator - HHH10001011: Loaded JDBC drivers: org.sqlite.JDBC
2025-06-27 20:39:05 INFO  org.hibernate.engine.jdbc.connections.internal.DriverManagerConnectionProviderImpl 157 buildCreator - HHH10001012: Connecting with JDBC URL [jdbc:sqlite:/C:/Users/emicu/Desktop/databases/gaseste_animal_doarRest.db]
2025-06-27 20:39:05 INFO  org.hibernate.engine.jdbc.connections.internal.DriverManagerConnectionProviderImpl 166 buildCreator - HHH10001001: Connection properties: {}
2025-06-27 20:39:05 INFO  org.hibernate.engine.jdbc.connections.internal.DriverManagerConnectionProviderImpl 170 buildCreator - HHH10001003: Autocommit mode: false
2025-06-27 20:39:05 INFO  org.hibernate.engine.jdbc.connections.internal.DriverManagerConnectionProviderImpl$PooledConnections 366 <init> - HHH10001115: Connection pool size: 20 (min=1)
2025-06-27 20:39:05 INFO  org.hibernate.engine.transaction.jta.platform.internal.JtaPlatformInitiator 58 initiateService - HHH000489: No JTA platform available (set 'hibernate.transaction.jta.platform' to enable JTA platform integration)
2025-06-27 20:39:05 INFO  org.hibernate.resource.transaction.backend.jdbc.internal.DdlTransactionIsolatorNonJtaImpl 52 getIsolatedConnection - HHH10001501: Connection obtained from JdbcConnectionAccess [org.hibernate.engine.jdbc.env.internal.JdbcEnvironmentInitiator$ConnectionProviderJdbcConnectionAccess@bbbc15] for (non-JTA) DDL execution was not in auto-commit mode; the Connection 'local transaction' will be committed and the Connection will be set into auto-commit mode.
2025-06-27 20:39:05 INFO  com.rest.JucatorController 42 getJucatorById - Found Jucator: com.model.Jucator@79e2d74
2025-06-27 20:39:15 INFO  com.rest.ConfiguratieController 47 getAll - Retrieving all configuratii 
2025-06-27 20:40:51 INFO  org.springframework.orm.jpa.AbstractEntityManagerFactoryBean 650 destroy - Closing JPA EntityManagerFactory for persistence unit 'default'
2025-06-27 20:40:51 INFO  com.zaxxer.hikari.HikariDataSource 350 close - HikariPool-1 - Shutdown initiated...
2025-06-27 20:40:51 INFO  com.zaxxer.hikari.HikariDataSource 352 close - HikariPool-1 - Shutdown completed.
2025-06-27 20:47:10 INFO  org.hibernate.validator.internal.util.Version 21 <clinit> - HV000001: Hibernate Validator 8.0.1.Final
2025-06-27 20:47:10 INFO  org.springframework.boot.StartupInfoLogger 50 logStarting - Starting StartRestServices using Java 17.0.15 with PID 56260 (D:\GithubRepositories\CS-UBB-FMI-INFO\2nd Year\2nd Semester\MPP\sesiune\gaseste-animal-doarRest\gaseste-animal-doarRest\RestServices\build\classes\java\main started by emicu in D:\GithubRepositories\CS-UBB-FMI-INFO\2nd Year\2nd Semester\MPP\sesiune\gaseste-animal-doarRest\gaseste-animal-doarRest)
2025-06-27 20:47:10 INFO  org.springframework.boot.SpringApplication 653 logStartupProfileInfo - No active profile set, falling back to 1 default profile: "default"
2025-06-27 20:47:11 INFO  org.springframework.data.repository.config.RepositoryConfigurationDelegate 139 registerRepositoriesIn - Bootstrapping Spring Data JPA repositories in DEFAULT mode.
2025-06-27 20:47:11 INFO  org.springframework.data.repository.config.RepositoryConfigurationDelegate 208 registerRepositoriesIn - Finished Spring Data repository scanning in 7 ms. Found 0 JPA repository interfaces.
2025-06-27 20:47:11 INFO  org.springframework.boot.web.embedded.tomcat.TomcatWebServer 108 initialize - Tomcat initialized with port 8080 (http)
2025-06-27 20:47:11 INFO  org.springframework.boot.web.servlet.context.ServletWebServerApplicationContext 296 prepareWebApplicationContext - Root WebApplicationContext: initialization completed in 1244 ms
2025-06-27 20:47:11 INFO  com.zaxxer.hikari.HikariDataSource 110 getConnection - HikariPool-1 - Starting...
2025-06-27 20:47:11 INFO  com.zaxxer.hikari.pool.HikariPool 565 checkFailFast - HikariPool-1 - Added connection org.sqlite.jdbc4.JDBC4Connection@6e8f2094
2025-06-27 20:47:11 INFO  com.zaxxer.hikari.HikariDataSource 123 getConnection - HikariPool-1 - Start completed.
2025-06-27 20:47:11 INFO  org.hibernate.jpa.internal.util.LogHelper 31 logPersistenceUnitInformation - HHH000204: Processing PersistenceUnitInfo [name: default]
2025-06-27 20:47:11 INFO  org.hibernate.Version 44 logVersion - HHH000412: Hibernate ORM core version 6.3.1.Final
2025-06-27 20:47:11 INFO  org.hibernate.cfg.Environment 148 <clinit> - HHH000205: Loaded properties from resource hibernate.properties: {hibernate.format_sql=true, hibernate.id.new_generator_mappings=false, hibernate.dialect=org.hibernate.community.dialect.SQLiteDialect, hibernate.highlight_sql=true, jakarta.persistence.jdbc.url=jdbc:sqlite:/C:/Users/emicu/Desktop/databases/gaseste_animal_doarRest.db, hibernate.show_sql=true, jakarta.persistence.schema-generation.database.action=update}
2025-06-27 20:47:11 INFO  org.hibernate.cache.internal.RegionFactoryInitiator 50 initiateService - HHH000026: Second-level cache disabled
2025-06-27 20:47:11 INFO  org.springframework.orm.jpa.persistenceunit.SpringPersistenceUnitInfo 87 addTransformer - No LoadTimeWeaver setup: ignoring JPA class transformer
2025-06-27 20:47:12 INFO  org.hibernate.engine.transaction.jta.platform.internal.JtaPlatformInitiator 58 initiateService - HHH000489: No JTA platform available (set 'hibernate.transaction.jta.platform' to enable JTA platform integration)
2025-06-27 20:47:12 INFO  org.springframework.orm.jpa.AbstractEntityManagerFactoryBean 437 buildNativeEntityManagerFactory - Initialized JPA EntityManagerFactory for persistence unit 'default'
2025-06-27 20:47:12 INFO  com.persistence.repo.ConfiguratiiRepository 16 <init> - ConfiguratiiRepository initialized
2025-06-27 20:47:12 INFO  com.persistence.repo.JocuriRepository 21 <init> - JocuriRepository initialized
2025-06-27 20:47:12 INFO  com.persistence.repo.JucatoriRepository 18 <init> - JucatoriRepository initialized
2025-06-27 20:47:12 INFO  com.persistence.repo.IncercareRepository 15 <init> - IncercareRepository initialized
2025-06-27 20:47:12 WARN  org.springframework.boot.autoconfigure.orm.jpa.JpaBaseConfiguration$JpaWebConfiguration 232 openEntityManagerInViewInterceptor - spring.jpa.open-in-view is enabled by default. Therefore, database queries may be performed during view rendering. Explicitly configure spring.jpa.open-in-view to disable this warning
2025-06-27 20:47:12 INFO  org.springframework.boot.web.embedded.tomcat.TomcatWebServer 221 start - Tomcat started on port 8080 (http) with context path ''
2025-06-27 20:47:12 INFO  org.springframework.boot.StartupInfoLogger 56 logStarted - Started StartRestServices in 2.799 seconds (process running for 3.483)
2025-06-27 20:49:42 INFO  org.springframework.orm.jpa.AbstractEntityManagerFactoryBean 650 destroy - Closing JPA EntityManagerFactory for persistence unit 'default'
2025-06-27 20:49:42 INFO  com.zaxxer.hikari.HikariDataSource 350 close - HikariPool-1 - Shutdown initiated...
2025-06-27 20:49:42 INFO  com.zaxxer.hikari.HikariDataSource 352 close - HikariPool-1 - Shutdown completed.
2025-06-27 20:49:44 INFO  org.hibernate.validator.internal.util.Version 21 <clinit> - HV000001: Hibernate Validator 8.0.1.Final
2025-06-27 20:49:44 INFO  org.springframework.boot.StartupInfoLogger 50 logStarting - Starting StartRestServices using Java 17.0.15 with PID 30188 (D:\GithubRepositories\CS-UBB-FMI-INFO\2nd Year\2nd Semester\MPP\sesiune\gaseste-animal-doarRest\gaseste-animal-doarRest\RestServices\build\classes\java\main started by emicu in D:\GithubRepositories\CS-UBB-FMI-INFO\2nd Year\2nd Semester\MPP\sesiune\gaseste-animal-doarRest\gaseste-animal-doarRest)
2025-06-27 20:49:44 INFO  org.springframework.boot.SpringApplication 653 logStartupProfileInfo - No active profile set, falling back to 1 default profile: "default"
2025-06-27 20:49:45 INFO  org.springframework.data.repository.config.RepositoryConfigurationDelegate 139 registerRepositoriesIn - Bootstrapping Spring Data JPA repositories in DEFAULT mode.
2025-06-27 20:49:45 INFO  org.springframework.data.repository.config.RepositoryConfigurationDelegate 208 registerRepositoriesIn - Finished Spring Data repository scanning in 8 ms. Found 0 JPA repository interfaces.
2025-06-27 20:49:45 INFO  org.springframework.boot.web.embedded.tomcat.TomcatWebServer 108 initialize - Tomcat initialized with port 8080 (http)
2025-06-27 20:49:45 INFO  org.springframework.boot.web.servlet.context.ServletWebServerApplicationContext 296 prepareWebApplicationContext - Root WebApplicationContext: initialization completed in 1023 ms
2025-06-27 20:49:45 INFO  com.zaxxer.hikari.HikariDataSource 110 getConnection - HikariPool-1 - Starting...
2025-06-27 20:49:45 INFO  com.zaxxer.hikari.pool.HikariPool 565 checkFailFast - HikariPool-1 - Added connection org.sqlite.jdbc4.JDBC4Connection@50a7c72b
2025-06-27 20:49:45 INFO  com.zaxxer.hikari.HikariDataSource 123 getConnection - HikariPool-1 - Start completed.
2025-06-27 20:49:45 INFO  org.hibernate.jpa.internal.util.LogHelper 31 logPersistenceUnitInformation - HHH000204: Processing PersistenceUnitInfo [name: default]
2025-06-27 20:49:46 INFO  org.hibernate.Version 44 logVersion - HHH000412: Hibernate ORM core version 6.3.1.Final
2025-06-27 20:49:46 INFO  org.hibernate.cfg.Environment 148 <clinit> - HHH000205: Loaded properties from resource hibernate.properties: {hibernate.format_sql=true, hibernate.id.new_generator_mappings=false, hibernate.dialect=org.hibernate.community.dialect.SQLiteDialect, hibernate.highlight_sql=true, jakarta.persistence.jdbc.url=jdbc:sqlite:/C:/Users/emicu/Desktop/databases/gaseste_animal_doarRest.db, hibernate.show_sql=true, jakarta.persistence.schema-generation.database.action=update}
2025-06-27 20:49:46 INFO  org.hibernate.cache.internal.RegionFactoryInitiator 50 initiateService - HHH000026: Second-level cache disabled
2025-06-27 20:49:46 INFO  org.springframework.orm.jpa.persistenceunit.SpringPersistenceUnitInfo 87 addTransformer - No LoadTimeWeaver setup: ignoring JPA class transformer
2025-06-27 20:49:46 INFO  org.hibernate.engine.transaction.jta.platform.internal.JtaPlatformInitiator 58 initiateService - HHH000489: No JTA platform available (set 'hibernate.transaction.jta.platform' to enable JTA platform integration)
2025-06-27 20:49:46 INFO  org.springframework.orm.jpa.AbstractEntityManagerFactoryBean 437 buildNativeEntityManagerFactory - Initialized JPA EntityManagerFactory for persistence unit 'default'
2025-06-27 20:49:46 INFO  com.persistence.repo.ConfiguratiiRepository 16 <init> - ConfiguratiiRepository initialized
2025-06-27 20:49:46 INFO  com.persistence.repo.JocuriRepository 21 <init> - JocuriRepository initialized
2025-06-27 20:49:46 INFO  com.persistence.repo.JucatoriRepository 18 <init> - JucatoriRepository initialized
2025-06-27 20:49:46 INFO  com.persistence.repo.IncercareRepository 15 <init> - IncercareRepository initialized
2025-06-27 20:49:46 WARN  org.springframework.boot.autoconfigure.orm.jpa.JpaBaseConfiguration$JpaWebConfiguration 232 openEntityManagerInViewInterceptor - spring.jpa.open-in-view is enabled by default. Therefore, database queries may be performed during view rendering. Explicitly configure spring.jpa.open-in-view to disable this warning
2025-06-27 20:49:46 INFO  org.springframework.boot.web.embedded.tomcat.TomcatWebServer 221 start - Tomcat started on port 8080 (http) with context path ''
2025-06-27 20:49:46 INFO  org.springframework.boot.StartupInfoLogger 56 logStarted - Started StartRestServices in 2.818 seconds (process running for 3.628)
2025-06-27 20:49:56 INFO  org.springframework.web.servlet.FrameworkServlet 532 initServletBean - Initializing Servlet 'dispatcherServlet'
2025-06-27 20:49:56 INFO  org.springframework.web.servlet.FrameworkServlet 554 initServletBean - Completed initialization in 1 ms
2025-06-27 20:49:56 INFO  com.rest.ConfiguratieController 47 getAll - Retrieving all configuratii 
2025-06-27 20:49:57 INFO  org.hibernate.cache.internal.RegionFactoryInitiator 50 initiateService - HHH000026: Second-level cache disabled
2025-06-27 20:49:57 WARN  org.hibernate.engine.jdbc.connections.internal.DriverManagerConnectionProviderImpl 80 configure - HHH10001002: Using built-in connection pool (not intended for production use)
2025-06-27 20:49:57 INFO  org.hibernate.engine.jdbc.connections.internal.DriverManagerConnectionProviderImpl 139 buildCreator - HHH10001010: No JDBC driver class specified by hibernate.connection.driver_class
2025-06-27 20:49:57 INFO  org.hibernate.engine.jdbc.connections.internal.DriverManagerConnectionProviderImpl 148 buildCreator - HHH10001011: Loaded JDBC drivers: org.sqlite.JDBC
2025-06-27 20:49:57 INFO  org.hibernate.engine.jdbc.connections.internal.DriverManagerConnectionProviderImpl 157 buildCreator - HHH10001012: Connecting with JDBC URL [jdbc:sqlite:/C:/Users/emicu/Desktop/databases/gaseste_animal_doarRest.db]
2025-06-27 20:49:57 INFO  org.hibernate.engine.jdbc.connections.internal.DriverManagerConnectionProviderImpl 166 buildCreator - HHH10001001: Connection properties: {}
2025-06-27 20:49:57 INFO  org.hibernate.engine.jdbc.connections.internal.DriverManagerConnectionProviderImpl 170 buildCreator - HHH10001003: Autocommit mode: false
2025-06-27 20:49:57 INFO  org.hibernate.engine.jdbc.connections.internal.DriverManagerConnectionProviderImpl$PooledConnections 366 <init> - HHH10001115: Connection pool size: 20 (min=1)
2025-06-27 20:49:57 INFO  org.hibernate.engine.transaction.jta.platform.internal.JtaPlatformInitiator 58 initiateService - HHH000489: No JTA platform available (set 'hibernate.transaction.jta.platform' to enable JTA platform integration)
2025-06-27 20:49:57 INFO  org.hibernate.resource.transaction.backend.jdbc.internal.DdlTransactionIsolatorNonJtaImpl 52 getIsolatedConnection - HHH10001501: Connection obtained from JdbcConnectionAccess [org.hibernate.engine.jdbc.env.internal.JdbcEnvironmentInitiator$ConnectionProviderJdbcConnectionAccess@41fc1af0] for (non-JTA) DDL execution was not in auto-commit mode; the Connection 'local transaction' will be committed and the Connection will be set into auto-commit mode.
2025-06-27 20:50:22 INFO  com.rest.ConfiguratieController 47 getAll - Retrieving all configuratii 
2025-06-27 20:50:58 INFO  org.springframework.orm.jpa.AbstractEntityManagerFactoryBean 650 destroy - Closing JPA EntityManagerFactory for persistence unit 'default'
2025-06-27 20:50:58 INFO  com.zaxxer.hikari.HikariDataSource 350 close - HikariPool-1 - Shutdown initiated...
2025-06-27 20:50:58 INFO  com.zaxxer.hikari.HikariDataSource 352 close - HikariPool-1 - Shutdown completed.
2025-06-27 20:51:00 INFO  org.hibernate.validator.internal.util.Version 21 <clinit> - HV000001: Hibernate Validator 8.0.1.Final
2025-06-27 20:51:00 INFO  org.springframework.boot.StartupInfoLogger 50 logStarting - Starting StartRestServices using Java 17.0.15 with PID 47560 (D:\GithubRepositories\CS-UBB-FMI-INFO\2nd Year\2nd Semester\MPP\sesiune\gaseste-animal-doarRest\gaseste-animal-doarRest\RestServices\build\classes\java\main started by emicu in D:\GithubRepositories\CS-UBB-FMI-INFO\2nd Year\2nd Semester\MPP\sesiune\gaseste-animal-doarRest\gaseste-animal-doarRest)
2025-06-27 20:51:00 INFO  org.springframework.boot.SpringApplication 653 logStartupProfileInfo - No active profile set, falling back to 1 default profile: "default"
2025-06-27 20:51:01 INFO  org.springframework.data.repository.config.RepositoryConfigurationDelegate 139 registerRepositoriesIn - Bootstrapping Spring Data JPA repositories in DEFAULT mode.
2025-06-27 20:51:01 INFO  org.springframework.data.repository.config.RepositoryConfigurationDelegate 208 registerRepositoriesIn - Finished Spring Data repository scanning in 9 ms. Found 0 JPA repository interfaces.
2025-06-27 20:51:01 INFO  org.springframework.boot.web.embedded.tomcat.TomcatWebServer 108 initialize - Tomcat initialized with port 8080 (http)
2025-06-27 20:51:01 INFO  org.springframework.boot.web.servlet.context.ServletWebServerApplicationContext 296 prepareWebApplicationContext - Root WebApplicationContext: initialization completed in 1263 ms
2025-06-27 20:51:01 INFO  com.zaxxer.hikari.HikariDataSource 110 getConnection - HikariPool-1 - Starting...
2025-06-27 20:51:01 INFO  com.zaxxer.hikari.pool.HikariPool 565 checkFailFast - HikariPool-1 - Added connection org.sqlite.jdbc4.JDBC4Connection@32a8ca06
2025-06-27 20:51:01 INFO  com.zaxxer.hikari.HikariDataSource 123 getConnection - HikariPool-1 - Start completed.
2025-06-27 20:51:02 INFO  org.hibernate.jpa.internal.util.LogHelper 31 logPersistenceUnitInformation - HHH000204: Processing PersistenceUnitInfo [name: default]
2025-06-27 20:51:02 INFO  org.hibernate.Version 44 logVersion - HHH000412: Hibernate ORM core version 6.3.1.Final
2025-06-27 20:51:02 INFO  org.hibernate.cfg.Environment 148 <clinit> - HHH000205: Loaded properties from resource hibernate.properties: {hibernate.format_sql=true, hibernate.id.new_generator_mappings=false, hibernate.dialect=org.hibernate.community.dialect.SQLiteDialect, hibernate.highlight_sql=true, jakarta.persistence.jdbc.url=jdbc:sqlite:/C:/Users/emicu/Desktop/databases/gaseste_animal_doarRest.db, hibernate.show_sql=true, jakarta.persistence.schema-generation.database.action=update}
2025-06-27 20:51:02 INFO  org.hibernate.cache.internal.RegionFactoryInitiator 50 initiateService - HHH000026: Second-level cache disabled
2025-06-27 20:51:02 INFO  org.springframework.orm.jpa.persistenceunit.SpringPersistenceUnitInfo 87 addTransformer - No LoadTimeWeaver setup: ignoring JPA class transformer
2025-06-27 20:51:02 INFO  org.hibernate.engine.transaction.jta.platform.internal.JtaPlatformInitiator 58 initiateService - HHH000489: No JTA platform available (set 'hibernate.transaction.jta.platform' to enable JTA platform integration)
2025-06-27 20:51:02 INFO  org.springframework.orm.jpa.AbstractEntityManagerFactoryBean 437 buildNativeEntityManagerFactory - Initialized JPA EntityManagerFactory for persistence unit 'default'
2025-06-27 20:51:02 INFO  com.persistence.repo.ConfiguratiiRepository 16 <init> - ConfiguratiiRepository initialized
2025-06-27 20:51:02 INFO  com.persistence.repo.JocuriRepository 21 <init> - JocuriRepository initialized
2025-06-27 20:51:02 INFO  com.persistence.repo.JucatoriRepository 18 <init> - JucatoriRepository initialized
2025-06-27 20:51:02 INFO  com.persistence.repo.IncercareRepository 15 <init> - IncercareRepository initialized
2025-06-27 20:51:02 WARN  org.springframework.boot.autoconfigure.orm.jpa.JpaBaseConfiguration$JpaWebConfiguration 232 openEntityManagerInViewInterceptor - spring.jpa.open-in-view is enabled by default. Therefore, database queries may be performed during view rendering. Explicitly configure spring.jpa.open-in-view to disable this warning
2025-06-27 20:51:02 INFO  org.springframework.boot.web.embedded.tomcat.TomcatWebServer 221 start - Tomcat started on port 8080 (http) with context path ''
2025-06-27 20:51:02 INFO  org.springframework.boot.StartupInfoLogger 56 logStarted - Started StartRestServices in 2.838 seconds (process running for 3.593)
2025-06-27 20:52:55 INFO  org.springframework.orm.jpa.AbstractEntityManagerFactoryBean 650 destroy - Closing JPA EntityManagerFactory for persistence unit 'default'
2025-06-27 20:52:55 INFO  com.zaxxer.hikari.HikariDataSource 350 close - HikariPool-1 - Shutdown initiated...
2025-06-27 20:52:55 INFO  com.zaxxer.hikari.HikariDataSource 352 close - HikariPool-1 - Shutdown completed.
2025-06-27 20:52:58 INFO  org.hibernate.validator.internal.util.Version 21 <clinit> - HV000001: Hibernate Validator 8.0.1.Final
2025-06-27 20:52:58 INFO  org.springframework.boot.StartupInfoLogger 50 logStarting - Starting StartRestServices using Java 17.0.15 with PID 57240 (D:\GithubRepositories\CS-UBB-FMI-INFO\2nd Year\2nd Semester\MPP\sesiune\gaseste-animal-doarRest\gaseste-animal-doarRest\RestServices\build\classes\java\main started by emicu in D:\GithubRepositories\CS-UBB-FMI-INFO\2nd Year\2nd Semester\MPP\sesiune\gaseste-animal-doarRest\gaseste-animal-doarRest)
2025-06-27 20:52:58 INFO  org.springframework.boot.SpringApplication 653 logStartupProfileInfo - No active profile set, falling back to 1 default profile: "default"
2025-06-27 20:52:58 INFO  org.springframework.data.repository.config.RepositoryConfigurationDelegate 139 registerRepositoriesIn - Bootstrapping Spring Data JPA repositories in DEFAULT mode.
2025-06-27 20:52:58 INFO  org.springframework.data.repository.config.RepositoryConfigurationDelegate 208 registerRepositoriesIn - Finished Spring Data repository scanning in 9 ms. Found 0 JPA repository interfaces.
2025-06-27 20:52:59 INFO  org.springframework.boot.web.embedded.tomcat.TomcatWebServer 108 initialize - Tomcat initialized with port 8080 (http)
2025-06-27 20:52:59 INFO  org.springframework.boot.web.servlet.context.ServletWebServerApplicationContext 296 prepareWebApplicationContext - Root WebApplicationContext: initialization completed in 1289 ms
2025-06-27 20:52:59 INFO  com.zaxxer.hikari.HikariDataSource 110 getConnection - HikariPool-1 - Starting...
2025-06-27 20:52:59 INFO  com.zaxxer.hikari.pool.HikariPool 565 checkFailFast - HikariPool-1 - Added connection org.sqlite.jdbc4.JDBC4Connection@638afcaa
2025-06-27 20:52:59 INFO  com.zaxxer.hikari.HikariDataSource 123 getConnection - HikariPool-1 - Start completed.
2025-06-27 20:52:59 INFO  org.hibernate.jpa.internal.util.LogHelper 31 logPersistenceUnitInformation - HHH000204: Processing PersistenceUnitInfo [name: default]
2025-06-27 20:52:59 INFO  org.hibernate.Version 44 logVersion - HHH000412: Hibernate ORM core version 6.3.1.Final
2025-06-27 20:52:59 INFO  org.hibernate.cfg.Environment 148 <clinit> - HHH000205: Loaded properties from resource hibernate.properties: {hibernate.format_sql=true, hibernate.id.new_generator_mappings=false, hibernate.dialect=org.hibernate.community.dialect.SQLiteDialect, hibernate.highlight_sql=true, jakarta.persistence.jdbc.url=jdbc:sqlite:/C:/Users/emicu/Desktop/databases/gaseste_animal_doarRest.db, hibernate.show_sql=true, jakarta.persistence.schema-generation.database.action=update}
2025-06-27 20:52:59 INFO  org.hibernate.cache.internal.RegionFactoryInitiator 50 initiateService - HHH000026: Second-level cache disabled
2025-06-27 20:53:00 INFO  org.springframework.orm.jpa.persistenceunit.SpringPersistenceUnitInfo 87 addTransformer - No LoadTimeWeaver setup: ignoring JPA class transformer
2025-06-27 20:53:00 INFO  org.hibernate.engine.transaction.jta.platform.internal.JtaPlatformInitiator 58 initiateService - HHH000489: No JTA platform available (set 'hibernate.transaction.jta.platform' to enable JTA platform integration)
2025-06-27 20:53:00 INFO  org.springframework.orm.jpa.AbstractEntityManagerFactoryBean 437 buildNativeEntityManagerFactory - Initialized JPA EntityManagerFactory for persistence unit 'default'
2025-06-27 20:53:00 INFO  com.persistence.repo.ConfiguratiiRepository 16 <init> - ConfiguratiiRepository initialized
2025-06-27 20:53:00 INFO  com.persistence.repo.JocuriRepository 21 <init> - JocuriRepository initialized
2025-06-27 20:53:00 INFO  com.persistence.repo.JucatoriRepository 18 <init> - JucatoriRepository initialized
2025-06-27 20:53:00 INFO  com.persistence.repo.IncercareRepository 15 <init> - IncercareRepository initialized
2025-06-27 20:53:00 WARN  org.springframework.boot.autoconfigure.orm.jpa.JpaBaseConfiguration$JpaWebConfiguration 232 openEntityManagerInViewInterceptor - spring.jpa.open-in-view is enabled by default. Therefore, database queries may be performed during view rendering. Explicitly configure spring.jpa.open-in-view to disable this warning
2025-06-27 20:53:01 INFO  org.springframework.boot.web.embedded.tomcat.TomcatWebServer 221 start - Tomcat started on port 8080 (http) with context path ''
2025-06-27 20:53:01 INFO  org.springframework.boot.StartupInfoLogger 56 logStarted - Started StartRestServices in 3.349 seconds (process running for 4.4)
2025-06-27 20:53:22 INFO  org.springframework.web.servlet.FrameworkServlet 532 initServletBean - Initializing Servlet 'dispatcherServlet'
2025-06-27 20:53:22 INFO  org.springframework.web.servlet.FrameworkServlet 554 initServletBean - Completed initialization in 1 ms
2025-06-27 20:55:09 INFO  com.rest.ConfiguratieController 47 getAll - Retrieving all configuratii 
2025-06-27 20:55:09 INFO  org.hibernate.cache.internal.RegionFactoryInitiator 50 initiateService - HHH000026: Second-level cache disabled
2025-06-27 20:55:09 WARN  org.hibernate.engine.jdbc.connections.internal.DriverManagerConnectionProviderImpl 80 configure - HHH10001002: Using built-in connection pool (not intended for production use)
2025-06-27 20:55:09 INFO  org.hibernate.engine.jdbc.connections.internal.DriverManagerConnectionProviderImpl 139 buildCreator - HHH10001010: No JDBC driver class specified by hibernate.connection.driver_class
2025-06-27 20:55:09 INFO  org.hibernate.engine.jdbc.connections.internal.DriverManagerConnectionProviderImpl 148 buildCreator - HHH10001011: Loaded JDBC drivers: org.sqlite.JDBC
2025-06-27 20:55:09 INFO  org.hibernate.engine.jdbc.connections.internal.DriverManagerConnectionProviderImpl 157 buildCreator - HHH10001012: Connecting with JDBC URL [jdbc:sqlite:/C:/Users/emicu/Desktop/databases/gaseste_animal_doarRest.db]
2025-06-27 20:55:09 INFO  org.hibernate.engine.jdbc.connections.internal.DriverManagerConnectionProviderImpl 166 buildCreator - HHH10001001: Connection properties: {}
2025-06-27 20:55:09 INFO  org.hibernate.engine.jdbc.connections.internal.DriverManagerConnectionProviderImpl 170 buildCreator - HHH10001003: Autocommit mode: false
2025-06-27 20:55:09 INFO  org.hibernate.engine.jdbc.connections.internal.DriverManagerConnectionProviderImpl$PooledConnections 366 <init> - HHH10001115: Connection pool size: 20 (min=1)
2025-06-27 20:55:10 INFO  org.hibernate.engine.transaction.jta.platform.internal.JtaPlatformInitiator 58 initiateService - HHH000489: No JTA platform available (set 'hibernate.transaction.jta.platform' to enable JTA platform integration)
2025-06-27 20:55:10 INFO  org.hibernate.resource.transaction.backend.jdbc.internal.DdlTransactionIsolatorNonJtaImpl 52 getIsolatedConnection - HHH10001501: Connection obtained from JdbcConnectionAccess [org.hibernate.engine.jdbc.env.internal.JdbcEnvironmentInitiator$ConnectionProviderJdbcConnectionAccess@797286d] for (non-JTA) DDL execution was not in auto-commit mode; the Connection 'local transaction' will be committed and the Connection will be set into auto-commit mode.
2025-06-27 20:58:45 INFO  org.springframework.orm.jpa.AbstractEntityManagerFactoryBean 650 destroy - Closing JPA EntityManagerFactory for persistence unit 'default'
2025-06-27 20:58:45 INFO  com.zaxxer.hikari.HikariDataSource 350 close - HikariPool-1 - Shutdown initiated...
2025-06-27 20:58:45 INFO  com.zaxxer.hikari.HikariDataSource 352 close - HikariPool-1 - Shutdown completed.
2025-06-27 21:00:19 INFO  org.hibernate.validator.internal.util.Version 21 <clinit> - HV000001: Hibernate Validator 8.0.1.Final
2025-06-27 21:00:19 INFO  org.springframework.boot.StartupInfoLogger 50 logStarting - Starting StartRestServices using Java 17.0.15 with PID 33132 (D:\GithubRepositories\CS-UBB-FMI-INFO\2nd Year\2nd Semester\MPP\sesiune\gaseste-animal-doarRest\gaseste-animal-doarRest\RestServices\build\classes\java\main started by emicu in D:\GithubRepositories\CS-UBB-FMI-INFO\2nd Year\2nd Semester\MPP\sesiune\gaseste-animal-doarRest\gaseste-animal-doarRest)
2025-06-27 21:00:19 INFO  org.springframework.boot.SpringApplication 653 logStartupProfileInfo - No active profile set, falling back to 1 default profile: "default"
2025-06-27 21:00:20 INFO  org.springframework.data.repository.config.RepositoryConfigurationDelegate 139 registerRepositoriesIn - Bootstrapping Spring Data JPA repositories in DEFAULT mode.
2025-06-27 21:00:20 INFO  org.springframework.data.repository.config.RepositoryConfigurationDelegate 208 registerRepositoriesIn - Finished Spring Data repository scanning in 9 ms. Found 0 JPA repository interfaces.
2025-06-27 21:00:20 INFO  org.springframework.boot.web.embedded.tomcat.TomcatWebServer 108 initialize - Tomcat initialized with port 8080 (http)
2025-06-27 21:00:20 INFO  org.springframework.boot.web.servlet.context.ServletWebServerApplicationContext 296 prepareWebApplicationContext - Root WebApplicationContext: initialization completed in 1157 ms
2025-06-27 21:00:20 INFO  com.zaxxer.hikari.HikariDataSource 110 getConnection - HikariPool-1 - Starting...
2025-06-27 21:00:21 INFO  com.zaxxer.hikari.pool.HikariPool 565 checkFailFast - HikariPool-1 - Added connection org.sqlite.jdbc4.JDBC4Connection@799c8758
2025-06-27 21:00:21 INFO  com.zaxxer.hikari.HikariDataSource 123 getConnection - HikariPool-1 - Start completed.
2025-06-27 21:00:21 INFO  org.hibernate.jpa.internal.util.LogHelper 31 logPersistenceUnitInformation - HHH000204: Processing PersistenceUnitInfo [name: default]
2025-06-27 21:00:21 INFO  org.hibernate.Version 44 logVersion - HHH000412: Hibernate ORM core version 6.3.1.Final
2025-06-27 21:00:21 INFO  org.hibernate.cfg.Environment 148 <clinit> - HHH000205: Loaded properties from resource hibernate.properties: {hibernate.format_sql=true, hibernate.id.new_generator_mappings=false, hibernate.dialect=org.hibernate.community.dialect.SQLiteDialect, hibernate.highlight_sql=true, jakarta.persistence.jdbc.url=jdbc:sqlite:/C:/Users/emicu/Desktop/databases/gaseste_animal_doarRest.db, hibernate.show_sql=true, jakarta.persistence.schema-generation.database.action=update}
2025-06-27 21:00:21 INFO  org.hibernate.cache.internal.RegionFactoryInitiator 50 initiateService - HHH000026: Second-level cache disabled
2025-06-27 21:00:21 INFO  org.springframework.orm.jpa.persistenceunit.SpringPersistenceUnitInfo 87 addTransformer - No LoadTimeWeaver setup: ignoring JPA class transformer
2025-06-27 21:00:21 INFO  org.hibernate.engine.transaction.jta.platform.internal.JtaPlatformInitiator 58 initiateService - HHH000489: No JTA platform available (set 'hibernate.transaction.jta.platform' to enable JTA platform integration)
2025-06-27 21:00:21 INFO  org.springframework.orm.jpa.AbstractEntityManagerFactoryBean 437 buildNativeEntityManagerFactory - Initialized JPA EntityManagerFactory for persistence unit 'default'
2025-06-27 21:00:21 INFO  com.persistence.repo.ConfiguratiiRepository 16 <init> - ConfiguratiiRepository initialized
2025-06-27 21:00:21 INFO  com.persistence.repo.JocuriRepository 21 <init> - JocuriRepository initialized
2025-06-27 21:00:21 INFO  com.persistence.repo.JucatoriRepository 18 <init> - JucatoriRepository initialized
2025-06-27 21:00:21 INFO  com.persistence.repo.IncercareRepository 15 <init> - IncercareRepository initialized
2025-06-27 21:00:21 WARN  org.springframework.boot.autoconfigure.orm.jpa.JpaBaseConfiguration$JpaWebConfiguration 232 openEntityManagerInViewInterceptor - spring.jpa.open-in-view is enabled by default. Therefore, database queries may be performed during view rendering. Explicitly configure spring.jpa.open-in-view to disable this warning
2025-06-27 21:00:22 INFO  org.springframework.boot.web.embedded.tomcat.TomcatWebServer 221 start - Tomcat started on port 8080 (http) with context path ''
2025-06-27 21:00:22 INFO  org.springframework.boot.StartupInfoLogger 56 logStarted - Started StartRestServices in 3.096 seconds (process running for 4.027)
2025-06-27 21:00:36 INFO  org.springframework.web.servlet.FrameworkServlet 532 initServletBean - Initializing Servlet 'dispatcherServlet'
2025-06-27 21:00:36 INFO  org.springframework.web.servlet.FrameworkServlet 554 initServletBean - Completed initialization in 1 ms
2025-06-27 21:00:37 INFO  org.hibernate.cache.internal.RegionFactoryInitiator 50 initiateService - HHH000026: Second-level cache disabled
2025-06-27 21:00:37 WARN  org.hibernate.engine.jdbc.connections.internal.DriverManagerConnectionProviderImpl 80 configure - HHH10001002: Using built-in connection pool (not intended for production use)
2025-06-27 21:00:37 INFO  org.hibernate.engine.jdbc.connections.internal.DriverManagerConnectionProviderImpl 139 buildCreator - HHH10001010: No JDBC driver class specified by hibernate.connection.driver_class
2025-06-27 21:00:37 INFO  org.hibernate.engine.jdbc.connections.internal.DriverManagerConnectionProviderImpl 148 buildCreator - HHH10001011: Loaded JDBC drivers: org.sqlite.JDBC
2025-06-27 21:00:37 INFO  org.hibernate.engine.jdbc.connections.internal.DriverManagerConnectionProviderImpl 157 buildCreator - HHH10001012: Connecting with JDBC URL [jdbc:sqlite:/C:/Users/emicu/Desktop/databases/gaseste_animal_doarRest.db]
2025-06-27 21:00:37 INFO  org.hibernate.engine.jdbc.connections.internal.DriverManagerConnectionProviderImpl 166 buildCreator - HHH10001001: Connection properties: {}
2025-06-27 21:00:37 INFO  org.hibernate.engine.jdbc.connections.internal.DriverManagerConnectionProviderImpl 170 buildCreator - HHH10001003: Autocommit mode: false
2025-06-27 21:00:37 INFO  org.hibernate.engine.jdbc.connections.internal.DriverManagerConnectionProviderImpl$PooledConnections 366 <init> - HHH10001115: Connection pool size: 20 (min=1)
2025-06-27 21:00:37 INFO  org.hibernate.engine.transaction.jta.platform.internal.JtaPlatformInitiator 58 initiateService - HHH000489: No JTA platform available (set 'hibernate.transaction.jta.platform' to enable JTA platform integration)
2025-06-27 21:00:37 INFO  org.hibernate.resource.transaction.backend.jdbc.internal.DdlTransactionIsolatorNonJtaImpl 52 getIsolatedConnection - HHH10001501: Connection obtained from JdbcConnectionAccess [org.hibernate.engine.jdbc.env.internal.JdbcEnvironmentInitiator$ConnectionProviderJdbcConnectionAccess@5061efb3] for (non-JTA) DDL execution was not in auto-commit mode; the Connection 'local transaction' will be committed and the Connection will be set into auto-commit mode.
2025-06-27 21:01:05 INFO  org.springframework.orm.jpa.AbstractEntityManagerFactoryBean 650 destroy - Closing JPA EntityManagerFactory for persistence unit 'default'
2025-06-27 21:01:05 INFO  com.zaxxer.hikari.HikariDataSource 350 close - HikariPool-1 - Shutdown initiated...
2025-06-27 21:01:05 INFO  com.zaxxer.hikari.HikariDataSource 352 close - HikariPool-1 - Shutdown completed.
