2025-06-28 00:04:31 INFO  rest.StartRestServices 15 main - [INFO] Acum pornim aplicatia din rest...
2025-06-28 00:04:31 INFO  org.hibernate.validator.internal.util.Version 21 <clinit> - HV000001: Hibernate Validator 8.0.1.Final
2025-06-28 00:04:31 INFO  org.springframework.boot.StartupInfoLogger 50 logStarting - Starting StartRestServices using Java 17.0.15 with PID 35256 (D:\GithubRepositories\CS-UBB-FMI-INFO\2nd Year\2nd Semester\MPP\sesiune\Memory-game\REST\build\classes\java\main started by emicu in D:\GithubRepositories\CS-UBB-FMI-INFO\2nd Year\2nd Semester\MPP\sesiune\Memory-game)
2025-06-28 00:04:31 INFO  org.springframework.boot.SpringApplication 654 logStartupProfileInfo - No active profile set, falling back to 1 default profile: "default"
2025-06-28 00:04:32 INFO  org.springframework.data.repository.config.RepositoryConfigurationDelegate 143 registerRepositoriesIn - Bootstrapping Spring Data JPA repositories in DEFAULT mode.
2025-06-28 00:04:32 INFO  org.springframework.data.repository.config.RepositoryConfigurationDelegate 211 registerRepositoriesIn - Finished Spring Data repository scanning in 8 ms. Found 0 JPA repository interfaces.
2025-06-28 00:04:32 INFO  org.springframework.boot.web.embedded.tomcat.TomcatWebServer 109 initialize - Tomcat initialized with port 8080 (http)
2025-06-28 00:04:32 INFO  org.springframework.boot.web.servlet.context.ServletWebServerApplicationContext 296 prepareWebApplicationContext - Root WebApplicationContext: initialization completed in 939 ms
2025-06-28 00:04:32 INFO  org.hibernate.jpa.internal.util.LogHelper 31 logPersistenceUnitInformation - HHH000204: Processing PersistenceUnitInfo [name: default]
2025-06-28 00:04:32 INFO  org.hibernate.Version 44 logVersion - HHH000412: Hibernate ORM core version 6.4.4.Final
2025-06-28 00:04:32 INFO  org.hibernate.cache.internal.RegionFactoryInitiator 50 initiateService - HHH000026: Second-level cache disabled
2025-06-28 00:04:33 INFO  org.springframework.orm.jpa.persistenceunit.SpringPersistenceUnitInfo 87 addTransformer - No LoadTimeWeaver setup: ignoring JPA class transformer
2025-06-28 00:04:33 INFO  com.zaxxer.hikari.HikariDataSource 110 getConnection - HikariPool-1 - Starting...
2025-06-28 00:04:33 INFO  com.zaxxer.hikari.pool.HikariPool 565 checkFailFast - HikariPool-1 - Added connection org.sqlite.jdbc4.JDBC4Connection@30517a57
2025-06-28 00:04:33 INFO  com.zaxxer.hikari.HikariDataSource 123 getConnection - HikariPool-1 - Start completed.
2025-06-28 00:04:33 INFO  org.hibernate.engine.transaction.jta.platform.internal.JtaPlatformInitiator 58 initiateService - HHH000489: No JTA platform available (set 'hibernate.transaction.jta.platform' to enable JTA platform integration)
2025-06-28 00:04:33 INFO  org.springframework.orm.jpa.AbstractEntityManagerFactoryBean 437 buildNativeEntityManagerFactory - Initialized JPA EntityManagerFactory for persistence unit 'default'
2025-06-28 00:04:33 WARN  org.springframework.boot.autoconfigure.orm.jpa.JpaBaseConfiguration$JpaWebConfiguration 232 openEntityManagerInViewInterceptor - spring.jpa.open-in-view is enabled by default. Therefore, database queries may be performed during view rendering. Explicitly configure spring.jpa.open-in-view to disable this warning
2025-06-28 00:04:33 INFO  org.springframework.boot.web.embedded.tomcat.TomcatWebServer 241 start - Tomcat started on port 8080 (http) with context path ''
2025-06-28 00:04:33 INFO  org.springframework.boot.StartupInfoLogger 56 logStarted - Started StartRestServices in 2.799 seconds (process running for 3.717)
2025-06-28 00:04:33 INFO  rest.StartRestServices 18 main - [INFO] A pornit!!!
2025-06-28 00:08:19 INFO  org.springframework.web.servlet.FrameworkServlet 532 initServletBean - Initializing Servlet 'dispatcherServlet'
2025-06-28 00:08:19 INFO  org.springframework.web.servlet.FrameworkServlet 554 initServletBean - Completed initialization in 0 ms
2025-06-28 00:08:19 ERROR rest.GlobalExceptionHandler 28 handleGenericException - Unexpected exception: No static resource .
org.springframework.web.servlet.resource.NoResourceFoundException: No static resource .
	at org.springframework.web.servlet.resource.ResourceHttpRequestHandler.handleRequest(ResourceHttpRequestHandler.java:585) ~[spring-webmvc-6.1.6.jar:6.1.6]
	at org.springframework.web.servlet.mvc.HttpRequestHandlerAdapter.handle(HttpRequestHandlerAdapter.java:52) ~[spring-webmvc-6.1.6.jar:6.1.6]
	at org.springframework.web.servlet.DispatcherServlet.doDispatch(DispatcherServlet.java:1089) [spring-webmvc-6.1.6.jar:6.1.6]
	at org.springframework.web.servlet.DispatcherServlet.doService(DispatcherServlet.java:979) [spring-webmvc-6.1.6.jar:6.1.6]
	at org.springframework.web.servlet.FrameworkServlet.processRequest(FrameworkServlet.java:1014) [spring-webmvc-6.1.6.jar:6.1.6]
	at org.springframework.web.servlet.FrameworkServlet.doGet(FrameworkServlet.java:903) [spring-webmvc-6.1.6.jar:6.1.6]
	at jakarta.servlet.http.HttpServlet.service(HttpServlet.java:564) [tomcat-embed-core-10.1.20.jar:6.0]
	at org.springframework.web.servlet.FrameworkServlet.service(FrameworkServlet.java:885) [spring-webmvc-6.1.6.jar:6.1.6]
	at jakarta.servlet.http.HttpServlet.service(HttpServlet.java:658) [tomcat-embed-core-10.1.20.jar:6.0]
	at org.apache.catalina.core.ApplicationFilterChain.internalDoFilter(ApplicationFilterChain.java:206) [tomcat-embed-core-10.1.20.jar:10.1.20]
	at org.apache.catalina.core.ApplicationFilterChain.doFilter(ApplicationFilterChain.java:150) [tomcat-embed-core-10.1.20.jar:10.1.20]
	at org.apache.tomcat.websocket.server.WsFilter.doFilter(WsFilter.java:51) [tomcat-embed-websocket-10.1.20.jar:10.1.20]
	at org.apache.catalina.core.ApplicationFilterChain.internalDoFilter(ApplicationFilterChain.java:175) [tomcat-embed-core-10.1.20.jar:10.1.20]
	at org.apache.catalina.core.ApplicationFilterChain.doFilter(ApplicationFilterChain.java:150) [tomcat-embed-core-10.1.20.jar:10.1.20]
	at org.springframework.web.filter.RequestContextFilter.doFilterInternal(RequestContextFilter.java:100) [spring-web-6.1.6.jar:6.1.6]
	at org.springframework.web.filter.OncePerRequestFilter.doFilter(OncePerRequestFilter.java:116) [spring-web-6.1.6.jar:6.1.6]
	at org.apache.catalina.core.ApplicationFilterChain.internalDoFilter(ApplicationFilterChain.java:175) [tomcat-embed-core-10.1.20.jar:10.1.20]
	at org.apache.catalina.core.ApplicationFilterChain.doFilter(ApplicationFilterChain.java:150) [tomcat-embed-core-10.1.20.jar:10.1.20]
	at org.springframework.web.filter.FormContentFilter.doFilterInternal(FormContentFilter.java:93) [spring-web-6.1.6.jar:6.1.6]
	at org.springframework.web.filter.OncePerRequestFilter.doFilter(OncePerRequestFilter.java:116) [spring-web-6.1.6.jar:6.1.6]
	at org.apache.catalina.core.ApplicationFilterChain.internalDoFilter(ApplicationFilterChain.java:175) [tomcat-embed-core-10.1.20.jar:10.1.20]
	at org.apache.catalina.core.ApplicationFilterChain.doFilter(ApplicationFilterChain.java:150) [tomcat-embed-core-10.1.20.jar:10.1.20]
	at org.springframework.web.filter.CharacterEncodingFilter.doFilterInternal(CharacterEncodingFilter.java:201) [spring-web-6.1.6.jar:6.1.6]
	at org.springframework.web.filter.OncePerRequestFilter.doFilter(OncePerRequestFilter.java:116) [spring-web-6.1.6.jar:6.1.6]
	at org.apache.catalina.core.ApplicationFilterChain.internalDoFilter(ApplicationFilterChain.java:175) [tomcat-embed-core-10.1.20.jar:10.1.20]
	at org.apache.catalina.core.ApplicationFilterChain.doFilter(ApplicationFilterChain.java:150) [tomcat-embed-core-10.1.20.jar:10.1.20]
	at org.apache.catalina.core.StandardWrapperValve.invoke(StandardWrapperValve.java:167) [tomcat-embed-core-10.1.20.jar:10.1.20]
	at org.apache.catalina.core.StandardContextValve.invoke(StandardContextValve.java:90) [tomcat-embed-core-10.1.20.jar:10.1.20]
	at org.apache.catalina.authenticator.AuthenticatorBase.invoke(AuthenticatorBase.java:482) [tomcat-embed-core-10.1.20.jar:10.1.20]
	at org.apache.catalina.core.StandardHostValve.invoke(StandardHostValve.java:115) [tomcat-embed-core-10.1.20.jar:10.1.20]
	at org.apache.catalina.valves.ErrorReportValve.invoke(ErrorReportValve.java:93) [tomcat-embed-core-10.1.20.jar:10.1.20]
	at org.apache.catalina.core.StandardEngineValve.invoke(StandardEngineValve.java:74) [tomcat-embed-core-10.1.20.jar:10.1.20]
	at org.apache.catalina.connector.CoyoteAdapter.service(CoyoteAdapter.java:344) [tomcat-embed-core-10.1.20.jar:10.1.20]
	at org.apache.coyote.http11.Http11Processor.service(Http11Processor.java:391) [tomcat-embed-core-10.1.20.jar:10.1.20]
	at org.apache.coyote.AbstractProcessorLight.process(AbstractProcessorLight.java:63) [tomcat-embed-core-10.1.20.jar:10.1.20]
	at org.apache.coyote.AbstractProtocol$ConnectionHandler.process(AbstractProtocol.java:896) [tomcat-embed-core-10.1.20.jar:10.1.20]
	at org.apache.tomcat.util.net.NioEndpoint$SocketProcessor.doRun(NioEndpoint.java:1736) [tomcat-embed-core-10.1.20.jar:10.1.20]
	at org.apache.tomcat.util.net.SocketProcessorBase.run(SocketProcessorBase.java:52) [tomcat-embed-core-10.1.20.jar:10.1.20]
	at org.apache.tomcat.util.threads.ThreadPoolExecutor.runWorker(ThreadPoolExecutor.java:1191) [tomcat-embed-core-10.1.20.jar:10.1.20]
	at org.apache.tomcat.util.threads.ThreadPoolExecutor$Worker.run(ThreadPoolExecutor.java:659) [tomcat-embed-core-10.1.20.jar:10.1.20]
	at org.apache.tomcat.util.threads.TaskThread$WrappingRunnable.run(TaskThread.java:63) [tomcat-embed-core-10.1.20.jar:10.1.20]
	at java.lang.Thread.run(Thread.java:840) [?:?]
2025-06-28 00:08:19 ERROR rest.GlobalExceptionHandler 28 handleGenericException - Unexpected exception: No static resource favicon.ico.
org.springframework.web.servlet.resource.NoResourceFoundException: No static resource favicon.ico.
	at org.springframework.web.servlet.resource.ResourceHttpRequestHandler.handleRequest(ResourceHttpRequestHandler.java:585) ~[spring-webmvc-6.1.6.jar:6.1.6]
	at org.springframework.web.servlet.mvc.HttpRequestHandlerAdapter.handle(HttpRequestHandlerAdapter.java:52) ~[spring-webmvc-6.1.6.jar:6.1.6]
	at org.springframework.web.servlet.DispatcherServlet.doDispatch(DispatcherServlet.java:1089) [spring-webmvc-6.1.6.jar:6.1.6]
	at org.springframework.web.servlet.DispatcherServlet.doService(DispatcherServlet.java:979) [spring-webmvc-6.1.6.jar:6.1.6]
	at org.springframework.web.servlet.FrameworkServlet.processRequest(FrameworkServlet.java:1014) [spring-webmvc-6.1.6.jar:6.1.6]
	at org.springframework.web.servlet.FrameworkServlet.doGet(FrameworkServlet.java:903) [spring-webmvc-6.1.6.jar:6.1.6]
	at jakarta.servlet.http.HttpServlet.service(HttpServlet.java:564) [tomcat-embed-core-10.1.20.jar:6.0]
	at org.springframework.web.servlet.FrameworkServlet.service(FrameworkServlet.java:885) [spring-webmvc-6.1.6.jar:6.1.6]
	at jakarta.servlet.http.HttpServlet.service(HttpServlet.java:658) [tomcat-embed-core-10.1.20.jar:6.0]
	at org.apache.catalina.core.ApplicationFilterChain.internalDoFilter(ApplicationFilterChain.java:206) [tomcat-embed-core-10.1.20.jar:10.1.20]
	at org.apache.catalina.core.ApplicationFilterChain.doFilter(ApplicationFilterChain.java:150) [tomcat-embed-core-10.1.20.jar:10.1.20]
	at org.apache.tomcat.websocket.server.WsFilter.doFilter(WsFilter.java:51) [tomcat-embed-websocket-10.1.20.jar:10.1.20]
	at org.apache.catalina.core.ApplicationFilterChain.internalDoFilter(ApplicationFilterChain.java:175) [tomcat-embed-core-10.1.20.jar:10.1.20]
	at org.apache.catalina.core.ApplicationFilterChain.doFilter(ApplicationFilterChain.java:150) [tomcat-embed-core-10.1.20.jar:10.1.20]
	at org.springframework.web.filter.RequestContextFilter.doFilterInternal(RequestContextFilter.java:100) [spring-web-6.1.6.jar:6.1.6]
	at org.springframework.web.filter.OncePerRequestFilter.doFilter(OncePerRequestFilter.java:116) [spring-web-6.1.6.jar:6.1.6]
	at org.apache.catalina.core.ApplicationFilterChain.internalDoFilter(ApplicationFilterChain.java:175) [tomcat-embed-core-10.1.20.jar:10.1.20]
	at org.apache.catalina.core.ApplicationFilterChain.doFilter(ApplicationFilterChain.java:150) [tomcat-embed-core-10.1.20.jar:10.1.20]
	at org.springframework.web.filter.FormContentFilter.doFilterInternal(FormContentFilter.java:93) [spring-web-6.1.6.jar:6.1.6]
	at org.springframework.web.filter.OncePerRequestFilter.doFilter(OncePerRequestFilter.java:116) [spring-web-6.1.6.jar:6.1.6]
	at org.apache.catalina.core.ApplicationFilterChain.internalDoFilter(ApplicationFilterChain.java:175) [tomcat-embed-core-10.1.20.jar:10.1.20]
	at org.apache.catalina.core.ApplicationFilterChain.doFilter(ApplicationFilterChain.java:150) [tomcat-embed-core-10.1.20.jar:10.1.20]
	at org.springframework.web.filter.CharacterEncodingFilter.doFilterInternal(CharacterEncodingFilter.java:201) [spring-web-6.1.6.jar:6.1.6]
	at org.springframework.web.filter.OncePerRequestFilter.doFilter(OncePerRequestFilter.java:116) [spring-web-6.1.6.jar:6.1.6]
	at org.apache.catalina.core.ApplicationFilterChain.internalDoFilter(ApplicationFilterChain.java:175) [tomcat-embed-core-10.1.20.jar:10.1.20]
	at org.apache.catalina.core.ApplicationFilterChain.doFilter(ApplicationFilterChain.java:150) [tomcat-embed-core-10.1.20.jar:10.1.20]
	at org.apache.catalina.core.StandardWrapperValve.invoke(StandardWrapperValve.java:167) [tomcat-embed-core-10.1.20.jar:10.1.20]
	at org.apache.catalina.core.StandardContextValve.invoke(StandardContextValve.java:90) [tomcat-embed-core-10.1.20.jar:10.1.20]
	at org.apache.catalina.authenticator.AuthenticatorBase.invoke(AuthenticatorBase.java:482) [tomcat-embed-core-10.1.20.jar:10.1.20]
	at org.apache.catalina.core.StandardHostValve.invoke(StandardHostValve.java:115) [tomcat-embed-core-10.1.20.jar:10.1.20]
	at org.apache.catalina.valves.ErrorReportValve.invoke(ErrorReportValve.java:93) [tomcat-embed-core-10.1.20.jar:10.1.20]
	at org.apache.catalina.core.StandardEngineValve.invoke(StandardEngineValve.java:74) [tomcat-embed-core-10.1.20.jar:10.1.20]
	at org.apache.catalina.connector.CoyoteAdapter.service(CoyoteAdapter.java:344) [tomcat-embed-core-10.1.20.jar:10.1.20]
	at org.apache.coyote.http11.Http11Processor.service(Http11Processor.java:391) [tomcat-embed-core-10.1.20.jar:10.1.20]
	at org.apache.coyote.AbstractProcessorLight.process(AbstractProcessorLight.java:63) [tomcat-embed-core-10.1.20.jar:10.1.20]
	at org.apache.coyote.AbstractProtocol$ConnectionHandler.process(AbstractProtocol.java:896) [tomcat-embed-core-10.1.20.jar:10.1.20]
	at org.apache.tomcat.util.net.NioEndpoint$SocketProcessor.doRun(NioEndpoint.java:1736) [tomcat-embed-core-10.1.20.jar:10.1.20]
	at org.apache.tomcat.util.net.SocketProcessorBase.run(SocketProcessorBase.java:52) [tomcat-embed-core-10.1.20.jar:10.1.20]
	at org.apache.tomcat.util.threads.ThreadPoolExecutor.runWorker(ThreadPoolExecutor.java:1191) [tomcat-embed-core-10.1.20.jar:10.1.20]
	at org.apache.tomcat.util.threads.ThreadPoolExecutor$Worker.run(ThreadPoolExecutor.java:659) [tomcat-embed-core-10.1.20.jar:10.1.20]
	at org.apache.tomcat.util.threads.TaskThread$WrappingRunnable.run(TaskThread.java:63) [tomcat-embed-core-10.1.20.jar:10.1.20]
	at java.lang.Thread.run(Thread.java:840) [?:?]
2025-06-28 00:09:17 ERROR rest.GlobalExceptionHandler 28 handleGenericException - Unexpected exception: No static resource api/games.
org.springframework.web.servlet.resource.NoResourceFoundException: No static resource api/games.
	at org.springframework.web.servlet.resource.ResourceHttpRequestHandler.handleRequest(ResourceHttpRequestHandler.java:585) ~[spring-webmvc-6.1.6.jar:6.1.6]
	at org.springframework.web.servlet.mvc.HttpRequestHandlerAdapter.handle(HttpRequestHandlerAdapter.java:52) ~[spring-webmvc-6.1.6.jar:6.1.6]
	at org.springframework.web.servlet.DispatcherServlet.doDispatch(DispatcherServlet.java:1089) [spring-webmvc-6.1.6.jar:6.1.6]
	at org.springframework.web.servlet.DispatcherServlet.doService(DispatcherServlet.java:979) [spring-webmvc-6.1.6.jar:6.1.6]
	at org.springframework.web.servlet.FrameworkServlet.processRequest(FrameworkServlet.java:1014) [spring-webmvc-6.1.6.jar:6.1.6]
	at org.springframework.web.servlet.FrameworkServlet.doGet(FrameworkServlet.java:903) [spring-webmvc-6.1.6.jar:6.1.6]
	at jakarta.servlet.http.HttpServlet.service(HttpServlet.java:564) [tomcat-embed-core-10.1.20.jar:6.0]
	at org.springframework.web.servlet.FrameworkServlet.service(FrameworkServlet.java:885) [spring-webmvc-6.1.6.jar:6.1.6]
	at jakarta.servlet.http.HttpServlet.service(HttpServlet.java:658) [tomcat-embed-core-10.1.20.jar:6.0]
	at org.apache.catalina.core.ApplicationFilterChain.internalDoFilter(ApplicationFilterChain.java:206) [tomcat-embed-core-10.1.20.jar:10.1.20]
	at org.apache.catalina.core.ApplicationFilterChain.doFilter(ApplicationFilterChain.java:150) [tomcat-embed-core-10.1.20.jar:10.1.20]
	at org.apache.tomcat.websocket.server.WsFilter.doFilter(WsFilter.java:51) [tomcat-embed-websocket-10.1.20.jar:10.1.20]
	at org.apache.catalina.core.ApplicationFilterChain.internalDoFilter(ApplicationFilterChain.java:175) [tomcat-embed-core-10.1.20.jar:10.1.20]
	at org.apache.catalina.core.ApplicationFilterChain.doFilter(ApplicationFilterChain.java:150) [tomcat-embed-core-10.1.20.jar:10.1.20]
	at org.springframework.web.filter.RequestContextFilter.doFilterInternal(RequestContextFilter.java:100) [spring-web-6.1.6.jar:6.1.6]
	at org.springframework.web.filter.OncePerRequestFilter.doFilter(OncePerRequestFilter.java:116) [spring-web-6.1.6.jar:6.1.6]
	at org.apache.catalina.core.ApplicationFilterChain.internalDoFilter(ApplicationFilterChain.java:175) [tomcat-embed-core-10.1.20.jar:10.1.20]
	at org.apache.catalina.core.ApplicationFilterChain.doFilter(ApplicationFilterChain.java:150) [tomcat-embed-core-10.1.20.jar:10.1.20]
	at org.springframework.web.filter.FormContentFilter.doFilterInternal(FormContentFilter.java:93) [spring-web-6.1.6.jar:6.1.6]
	at org.springframework.web.filter.OncePerRequestFilter.doFilter(OncePerRequestFilter.java:116) [spring-web-6.1.6.jar:6.1.6]
	at org.apache.catalina.core.ApplicationFilterChain.internalDoFilter(ApplicationFilterChain.java:175) [tomcat-embed-core-10.1.20.jar:10.1.20]
	at org.apache.catalina.core.ApplicationFilterChain.doFilter(ApplicationFilterChain.java:150) [tomcat-embed-core-10.1.20.jar:10.1.20]
	at org.springframework.web.filter.CharacterEncodingFilter.doFilterInternal(CharacterEncodingFilter.java:201) [spring-web-6.1.6.jar:6.1.6]
	at org.springframework.web.filter.OncePerRequestFilter.doFilter(OncePerRequestFilter.java:116) [spring-web-6.1.6.jar:6.1.6]
	at org.apache.catalina.core.ApplicationFilterChain.internalDoFilter(ApplicationFilterChain.java:175) [tomcat-embed-core-10.1.20.jar:10.1.20]
	at org.apache.catalina.core.ApplicationFilterChain.doFilter(ApplicationFilterChain.java:150) [tomcat-embed-core-10.1.20.jar:10.1.20]
	at org.apache.catalina.core.StandardWrapperValve.invoke(StandardWrapperValve.java:167) [tomcat-embed-core-10.1.20.jar:10.1.20]
	at org.apache.catalina.core.StandardContextValve.invoke(StandardContextValve.java:90) [tomcat-embed-core-10.1.20.jar:10.1.20]
	at org.apache.catalina.authenticator.AuthenticatorBase.invoke(AuthenticatorBase.java:482) [tomcat-embed-core-10.1.20.jar:10.1.20]
	at org.apache.catalina.core.StandardHostValve.invoke(StandardHostValve.java:115) [tomcat-embed-core-10.1.20.jar:10.1.20]
	at org.apache.catalina.valves.ErrorReportValve.invoke(ErrorReportValve.java:93) [tomcat-embed-core-10.1.20.jar:10.1.20]
	at org.apache.catalina.core.StandardEngineValve.invoke(StandardEngineValve.java:74) [tomcat-embed-core-10.1.20.jar:10.1.20]
	at org.apache.catalina.connector.CoyoteAdapter.service(CoyoteAdapter.java:344) [tomcat-embed-core-10.1.20.jar:10.1.20]
	at org.apache.coyote.http11.Http11Processor.service(Http11Processor.java:391) [tomcat-embed-core-10.1.20.jar:10.1.20]
	at org.apache.coyote.AbstractProcessorLight.process(AbstractProcessorLight.java:63) [tomcat-embed-core-10.1.20.jar:10.1.20]
	at org.apache.coyote.AbstractProtocol$ConnectionHandler.process(AbstractProtocol.java:896) [tomcat-embed-core-10.1.20.jar:10.1.20]
	at org.apache.tomcat.util.net.NioEndpoint$SocketProcessor.doRun(NioEndpoint.java:1736) [tomcat-embed-core-10.1.20.jar:10.1.20]
	at org.apache.tomcat.util.net.SocketProcessorBase.run(SocketProcessorBase.java:52) [tomcat-embed-core-10.1.20.jar:10.1.20]
	at org.apache.tomcat.util.threads.ThreadPoolExecutor.runWorker(ThreadPoolExecutor.java:1191) [tomcat-embed-core-10.1.20.jar:10.1.20]
	at org.apache.tomcat.util.threads.ThreadPoolExecutor$Worker.run(ThreadPoolExecutor.java:659) [tomcat-embed-core-10.1.20.jar:10.1.20]
	at org.apache.tomcat.util.threads.TaskThread$WrappingRunnable.run(TaskThread.java:63) [tomcat-embed-core-10.1.20.jar:10.1.20]
	at java.lang.Thread.run(Thread.java:840) [?:?]
2025-06-28 00:09:17 ERROR rest.GlobalExceptionHandler 28 handleGenericException - Unexpected exception: No static resource favicon.ico.
org.springframework.web.servlet.resource.NoResourceFoundException: No static resource favicon.ico.
	at org.springframework.web.servlet.resource.ResourceHttpRequestHandler.handleRequest(ResourceHttpRequestHandler.java:585) ~[spring-webmvc-6.1.6.jar:6.1.6]
	at org.springframework.web.servlet.mvc.HttpRequestHandlerAdapter.handle(HttpRequestHandlerAdapter.java:52) ~[spring-webmvc-6.1.6.jar:6.1.6]
	at org.springframework.web.servlet.DispatcherServlet.doDispatch(DispatcherServlet.java:1089) [spring-webmvc-6.1.6.jar:6.1.6]
	at org.springframework.web.servlet.DispatcherServlet.doService(DispatcherServlet.java:979) [spring-webmvc-6.1.6.jar:6.1.6]
	at org.springframework.web.servlet.FrameworkServlet.processRequest(FrameworkServlet.java:1014) [spring-webmvc-6.1.6.jar:6.1.6]
	at org.springframework.web.servlet.FrameworkServlet.doGet(FrameworkServlet.java:903) [spring-webmvc-6.1.6.jar:6.1.6]
	at jakarta.servlet.http.HttpServlet.service(HttpServlet.java:564) [tomcat-embed-core-10.1.20.jar:6.0]
	at org.springframework.web.servlet.FrameworkServlet.service(FrameworkServlet.java:885) [spring-webmvc-6.1.6.jar:6.1.6]
	at jakarta.servlet.http.HttpServlet.service(HttpServlet.java:658) [tomcat-embed-core-10.1.20.jar:6.0]
	at org.apache.catalina.core.ApplicationFilterChain.internalDoFilter(ApplicationFilterChain.java:206) [tomcat-embed-core-10.1.20.jar:10.1.20]
	at org.apache.catalina.core.ApplicationFilterChain.doFilter(ApplicationFilterChain.java:150) [tomcat-embed-core-10.1.20.jar:10.1.20]
	at org.apache.tomcat.websocket.server.WsFilter.doFilter(WsFilter.java:51) [tomcat-embed-websocket-10.1.20.jar:10.1.20]
	at org.apache.catalina.core.ApplicationFilterChain.internalDoFilter(ApplicationFilterChain.java:175) [tomcat-embed-core-10.1.20.jar:10.1.20]
	at org.apache.catalina.core.ApplicationFilterChain.doFilter(ApplicationFilterChain.java:150) [tomcat-embed-core-10.1.20.jar:10.1.20]
	at org.springframework.web.filter.RequestContextFilter.doFilterInternal(RequestContextFilter.java:100) [spring-web-6.1.6.jar:6.1.6]
	at org.springframework.web.filter.OncePerRequestFilter.doFilter(OncePerRequestFilter.java:116) [spring-web-6.1.6.jar:6.1.6]
	at org.apache.catalina.core.ApplicationFilterChain.internalDoFilter(ApplicationFilterChain.java:175) [tomcat-embed-core-10.1.20.jar:10.1.20]
	at org.apache.catalina.core.ApplicationFilterChain.doFilter(ApplicationFilterChain.java:150) [tomcat-embed-core-10.1.20.jar:10.1.20]
	at org.springframework.web.filter.FormContentFilter.doFilterInternal(FormContentFilter.java:93) [spring-web-6.1.6.jar:6.1.6]
	at org.springframework.web.filter.OncePerRequestFilter.doFilter(OncePerRequestFilter.java:116) [spring-web-6.1.6.jar:6.1.6]
	at org.apache.catalina.core.ApplicationFilterChain.internalDoFilter(ApplicationFilterChain.java:175) [tomcat-embed-core-10.1.20.jar:10.1.20]
	at org.apache.catalina.core.ApplicationFilterChain.doFilter(ApplicationFilterChain.java:150) [tomcat-embed-core-10.1.20.jar:10.1.20]
	at org.springframework.web.filter.CharacterEncodingFilter.doFilterInternal(CharacterEncodingFilter.java:201) [spring-web-6.1.6.jar:6.1.6]
	at org.springframework.web.filter.OncePerRequestFilter.doFilter(OncePerRequestFilter.java:116) [spring-web-6.1.6.jar:6.1.6]
	at org.apache.catalina.core.ApplicationFilterChain.internalDoFilter(ApplicationFilterChain.java:175) [tomcat-embed-core-10.1.20.jar:10.1.20]
	at org.apache.catalina.core.ApplicationFilterChain.doFilter(ApplicationFilterChain.java:150) [tomcat-embed-core-10.1.20.jar:10.1.20]
	at org.apache.catalina.core.StandardWrapperValve.invoke(StandardWrapperValve.java:167) [tomcat-embed-core-10.1.20.jar:10.1.20]
	at org.apache.catalina.core.StandardContextValve.invoke(StandardContextValve.java:90) [tomcat-embed-core-10.1.20.jar:10.1.20]
	at org.apache.catalina.authenticator.AuthenticatorBase.invoke(AuthenticatorBase.java:482) [tomcat-embed-core-10.1.20.jar:10.1.20]
	at org.apache.catalina.core.StandardHostValve.invoke(StandardHostValve.java:115) [tomcat-embed-core-10.1.20.jar:10.1.20]
	at org.apache.catalina.valves.ErrorReportValve.invoke(ErrorReportValve.java:93) [tomcat-embed-core-10.1.20.jar:10.1.20]
	at org.apache.catalina.core.StandardEngineValve.invoke(StandardEngineValve.java:74) [tomcat-embed-core-10.1.20.jar:10.1.20]
	at org.apache.catalina.connector.CoyoteAdapter.service(CoyoteAdapter.java:344) [tomcat-embed-core-10.1.20.jar:10.1.20]
	at org.apache.coyote.http11.Http11Processor.service(Http11Processor.java:391) [tomcat-embed-core-10.1.20.jar:10.1.20]
	at org.apache.coyote.AbstractProcessorLight.process(AbstractProcessorLight.java:63) [tomcat-embed-core-10.1.20.jar:10.1.20]
	at org.apache.coyote.AbstractProtocol$ConnectionHandler.process(AbstractProtocol.java:896) [tomcat-embed-core-10.1.20.jar:10.1.20]
	at org.apache.tomcat.util.net.NioEndpoint$SocketProcessor.doRun(NioEndpoint.java:1736) [tomcat-embed-core-10.1.20.jar:10.1.20]
	at org.apache.tomcat.util.net.SocketProcessorBase.run(SocketProcessorBase.java:52) [tomcat-embed-core-10.1.20.jar:10.1.20]
	at org.apache.tomcat.util.threads.ThreadPoolExecutor.runWorker(ThreadPoolExecutor.java:1191) [tomcat-embed-core-10.1.20.jar:10.1.20]
	at org.apache.tomcat.util.threads.ThreadPoolExecutor$Worker.run(ThreadPoolExecutor.java:659) [tomcat-embed-core-10.1.20.jar:10.1.20]
	at org.apache.tomcat.util.threads.TaskThread$WrappingRunnable.run(TaskThread.java:63) [tomcat-embed-core-10.1.20.jar:10.1.20]
	at java.lang.Thread.run(Thread.java:840) [?:?]
2025-06-28 00:09:22 INFO  rest.GameController 27 getGameDetails - REST request to get game details for ID: 1
2025-06-28 00:09:22 INFO  rest.GameRestService 37 getGameDetails - Getting details for game with ID: 1
2025-06-28 00:09:22 INFO  persistence.repository.RepoJocuriHibernate 52 findOne - Finding Joc with id: 1
2025-06-28 00:09:22 INFO  org.hibernate.cache.internal.RegionFactoryInitiator 50 initiateService - HHH000026: Second-level cache disabled
2025-06-28 00:09:22 WARN  org.hibernate.engine.jdbc.connections.internal.DriverManagerConnectionProviderImpl 81 configure - HHH10001002: Using built-in connection pool (not intended for production use)
2025-06-28 00:09:22 INFO  org.hibernate.engine.jdbc.connections.internal.DriverManagerConnectionProviderImpl 136 buildCreator - HHH10001005: Loaded JDBC driver class: org.sqlite.JDBC
2025-06-28 00:09:22 INFO  org.hibernate.engine.jdbc.connections.internal.DriverManagerConnectionProviderImpl 158 buildCreator - HHH10001012: Connecting with JDBC URL [jdbc:sqlite:./JocAnimaleMPP]
2025-06-28 00:09:22 INFO  org.hibernate.engine.jdbc.connections.internal.DriverManagerConnectionProviderImpl 167 buildCreator - HHH10001001: Connection properties: {}
2025-06-28 00:09:22 INFO  org.hibernate.engine.jdbc.connections.internal.DriverManagerConnectionProviderImpl 171 buildCreator - HHH10001003: Autocommit mode: false
2025-06-28 00:09:22 INFO  org.hibernate.engine.jdbc.connections.internal.DriverManagerConnectionProviderImpl$PooledConnections 371 <init> - HHH10001115: Connection pool size: 20 (min=1)
2025-06-28 00:09:23 INFO  org.hibernate.engine.transaction.jta.platform.internal.JtaPlatformInitiator 58 initiateService - HHH000489: No JTA platform available (set 'hibernate.transaction.jta.platform' to enable JTA platform integration)
2025-06-28 00:09:23 INFO  org.hibernate.resource.transaction.backend.jdbc.internal.DdlTransactionIsolatorNonJtaImpl 52 getIsolatedConnection - HHH10001501: Connection obtained from JdbcConnectionAccess [org.hibernate.engine.jdbc.env.internal.JdbcEnvironmentInitiator$ConnectionProviderJdbcConnectionAccess@2846cdfd] for (non-JTA) DDL execution was not in auto-commit mode; the Connection 'local transaction' will be committed and the Connection will be set into auto-commit mode.
2025-06-28 00:09:23 ERROR rest.GameController 32 getGameDetails - Error getting game details: Game not found with id: 1
2025-06-28 00:10:03 INFO  rest.GameController 27 getGameDetails - REST request to get game details for ID: 2
2025-06-28 00:10:03 INFO  rest.GameRestService 37 getGameDetails - Getting details for game with ID: 2
2025-06-28 00:10:03 INFO  persistence.repository.RepoJocuriHibernate 52 findOne - Finding Joc with id: 2
2025-06-28 00:10:03 ERROR rest.GameController 32 getGameDetails - Error getting game details: Game not found with id: 2
2025-06-28 00:11:07 INFO  org.springframework.orm.jpa.AbstractEntityManagerFactoryBean 650 destroy - Closing JPA EntityManagerFactory for persistence unit 'default'
2025-06-28 00:11:07 INFO  com.zaxxer.hikari.HikariDataSource 350 close - HikariPool-1 - Shutdown initiated...
2025-06-28 00:11:07 INFO  com.zaxxer.hikari.HikariDataSource 352 close - HikariPool-1 - Shutdown completed.
2025-06-28 00:11:09 INFO  rest.StartRestServices 15 main - [INFO] Acum pornim aplicatia din rest...
2025-06-28 00:11:10 INFO  org.hibernate.validator.internal.util.Version 21 <clinit> - HV000001: Hibernate Validator 8.0.1.Final
2025-06-28 00:11:10 INFO  org.springframework.boot.StartupInfoLogger 50 logStarting - Starting StartRestServices using Java 17.0.15 with PID 38692 (D:\GithubRepositories\CS-UBB-FMI-INFO\2nd Year\2nd Semester\MPP\sesiune\Memory-game\REST\build\classes\java\main started by emicu in D:\GithubRepositories\CS-UBB-FMI-INFO\2nd Year\2nd Semester\MPP\sesiune\Memory-game)
2025-06-28 00:11:10 INFO  org.springframework.boot.SpringApplication 654 logStartupProfileInfo - No active profile set, falling back to 1 default profile: "default"
2025-06-28 00:11:10 INFO  org.springframework.data.repository.config.RepositoryConfigurationDelegate 143 registerRepositoriesIn - Bootstrapping Spring Data JPA repositories in DEFAULT mode.
2025-06-28 00:11:10 INFO  org.springframework.data.repository.config.RepositoryConfigurationDelegate 211 registerRepositoriesIn - Finished Spring Data repository scanning in 10 ms. Found 0 JPA repository interfaces.
2025-06-28 00:11:10 INFO  org.springframework.boot.web.embedded.tomcat.TomcatWebServer 109 initialize - Tomcat initialized with port 8080 (http)
2025-06-28 00:11:11 INFO  org.springframework.boot.web.servlet.context.ServletWebServerApplicationContext 296 prepareWebApplicationContext - Root WebApplicationContext: initialization completed in 920 ms
2025-06-28 00:11:11 INFO  org.hibernate.jpa.internal.util.LogHelper 31 logPersistenceUnitInformation - HHH000204: Processing PersistenceUnitInfo [name: default]
2025-06-28 00:11:11 INFO  org.hibernate.Version 44 logVersion - HHH000412: Hibernate ORM core version 6.4.4.Final
2025-06-28 00:11:11 INFO  org.hibernate.cache.internal.RegionFactoryInitiator 50 initiateService - HHH000026: Second-level cache disabled
2025-06-28 00:11:11 INFO  org.springframework.orm.jpa.persistenceunit.SpringPersistenceUnitInfo 87 addTransformer - No LoadTimeWeaver setup: ignoring JPA class transformer
2025-06-28 00:11:11 INFO  com.zaxxer.hikari.HikariDataSource 110 getConnection - HikariPool-1 - Starting...
2025-06-28 00:11:11 INFO  com.zaxxer.hikari.pool.HikariPool 565 checkFailFast - HikariPool-1 - Added connection org.sqlite.jdbc4.JDBC4Connection@2342f1ff
2025-06-28 00:11:11 INFO  com.zaxxer.hikari.HikariDataSource 123 getConnection - HikariPool-1 - Start completed.
2025-06-28 00:11:11 INFO  org.hibernate.engine.transaction.jta.platform.internal.JtaPlatformInitiator 58 initiateService - HHH000489: No JTA platform available (set 'hibernate.transaction.jta.platform' to enable JTA platform integration)
2025-06-28 00:11:11 INFO  org.springframework.orm.jpa.AbstractEntityManagerFactoryBean 437 buildNativeEntityManagerFactory - Initialized JPA EntityManagerFactory for persistence unit 'default'
2025-06-28 00:11:11 WARN  org.springframework.boot.autoconfigure.orm.jpa.JpaBaseConfiguration$JpaWebConfiguration 232 openEntityManagerInViewInterceptor - spring.jpa.open-in-view is enabled by default. Therefore, database queries may be performed during view rendering. Explicitly configure spring.jpa.open-in-view to disable this warning
2025-06-28 00:11:12 INFO  org.springframework.boot.web.embedded.tomcat.TomcatWebServer 241 start - Tomcat started on port 8080 (http) with context path ''
2025-06-28 00:11:12 INFO  org.springframework.boot.StartupInfoLogger 56 logStarted - Started StartRestServices in 2.487 seconds (process running for 3.224)
2025-06-28 00:11:12 INFO  rest.StartRestServices 18 main - [INFO] A pornit!!!
2025-06-28 00:11:23 INFO  org.springframework.web.servlet.FrameworkServlet 532 initServletBean - Initializing Servlet 'dispatcherServlet'
2025-06-28 00:11:23 INFO  org.springframework.web.servlet.FrameworkServlet 554 initServletBean - Completed initialization in 1 ms
2025-06-28 00:11:23 INFO  rest.GameController 27 getGameDetails - REST request to get game details for ID: 2
2025-06-28 00:11:23 INFO  rest.GameRestService 37 getGameDetails - Getting details for game with ID: 2
2025-06-28 00:11:23 INFO  persistence.repository.RepoJocuriHibernate 52 findOne - Finding Joc with id: 2
2025-06-28 00:11:24 INFO  org.hibernate.cache.internal.RegionFactoryInitiator 50 initiateService - HHH000026: Second-level cache disabled
2025-06-28 00:11:24 WARN  org.hibernate.engine.jdbc.connections.internal.DriverManagerConnectionProviderImpl 81 configure - HHH10001002: Using built-in connection pool (not intended for production use)
2025-06-28 00:11:24 INFO  org.hibernate.engine.jdbc.connections.internal.DriverManagerConnectionProviderImpl 136 buildCreator - HHH10001005: Loaded JDBC driver class: org.sqlite.JDBC
2025-06-28 00:11:24 INFO  org.hibernate.engine.jdbc.connections.internal.DriverManagerConnectionProviderImpl 158 buildCreator - HHH10001012: Connecting with JDBC URL [jdbc:sqlite:./JocAnimaleMPP]
2025-06-28 00:11:24 INFO  org.hibernate.engine.jdbc.connections.internal.DriverManagerConnectionProviderImpl 167 buildCreator - HHH10001001: Connection properties: {}
2025-06-28 00:11:24 INFO  org.hibernate.engine.jdbc.connections.internal.DriverManagerConnectionProviderImpl 171 buildCreator - HHH10001003: Autocommit mode: false
2025-06-28 00:11:24 INFO  org.hibernate.engine.jdbc.connections.internal.DriverManagerConnectionProviderImpl$PooledConnections 371 <init> - HHH10001115: Connection pool size: 20 (min=1)
2025-06-28 00:11:24 INFO  org.hibernate.engine.transaction.jta.platform.internal.JtaPlatformInitiator 58 initiateService - HHH000489: No JTA platform available (set 'hibernate.transaction.jta.platform' to enable JTA platform integration)
2025-06-28 00:11:24 INFO  org.hibernate.resource.transaction.backend.jdbc.internal.DdlTransactionIsolatorNonJtaImpl 52 getIsolatedConnection - HHH10001501: Connection obtained from JdbcConnectionAccess [org.hibernate.engine.jdbc.env.internal.JdbcEnvironmentInitiator$ConnectionProviderJdbcConnectionAccess@45ff15f4] for (non-JTA) DDL execution was not in auto-commit mode; the Connection 'local transaction' will be committed and the Connection will be set into auto-commit mode.
2025-06-28 00:11:24 ERROR rest.GameController 32 getGameDetails - Error getting game details: Game not found with id: 2
2025-06-28 00:12:42 INFO  org.springframework.orm.jpa.AbstractEntityManagerFactoryBean 650 destroy - Closing JPA EntityManagerFactory for persistence unit 'default'
2025-06-28 00:12:42 INFO  com.zaxxer.hikari.HikariDataSource 350 close - HikariPool-1 - Shutdown initiated...
2025-06-28 00:12:42 INFO  com.zaxxer.hikari.HikariDataSource 352 close - HikariPool-1 - Shutdown completed.
2025-06-28 00:13:21 INFO  rest.StartRestServices 15 main - [INFO] Acum pornim aplicatia din rest...
2025-06-28 00:13:21 INFO  org.hibernate.validator.internal.util.Version 21 <clinit> - HV000001: Hibernate Validator 8.0.1.Final
2025-06-28 00:13:21 INFO  org.springframework.boot.StartupInfoLogger 50 logStarting - Starting StartRestServices using Java 17.0.15 with PID 36380 (D:\GithubRepositories\CS-UBB-FMI-INFO\2nd Year\2nd Semester\MPP\sesiune\Memory-game\REST\build\classes\java\main started by emicu in D:\GithubRepositories\CS-UBB-FMI-INFO\2nd Year\2nd Semester\MPP\sesiune\Memory-game)
2025-06-28 00:13:21 INFO  org.springframework.boot.SpringApplication 654 logStartupProfileInfo - No active profile set, falling back to 1 default profile: "default"
2025-06-28 00:13:22 INFO  org.springframework.data.repository.config.RepositoryConfigurationDelegate 143 registerRepositoriesIn - Bootstrapping Spring Data JPA repositories in DEFAULT mode.
2025-06-28 00:13:22 INFO  org.springframework.data.repository.config.RepositoryConfigurationDelegate 211 registerRepositoriesIn - Finished Spring Data repository scanning in 12 ms. Found 0 JPA repository interfaces.
2025-06-28 00:13:22 INFO  org.springframework.boot.web.embedded.tomcat.TomcatWebServer 109 initialize - Tomcat initialized with port 8080 (http)
2025-06-28 00:13:22 INFO  org.springframework.boot.web.servlet.context.ServletWebServerApplicationContext 296 prepareWebApplicationContext - Root WebApplicationContext: initialization completed in 888 ms
2025-06-28 00:13:22 INFO  org.hibernate.jpa.internal.util.LogHelper 31 logPersistenceUnitInformation - HHH000204: Processing PersistenceUnitInfo [name: default]
2025-06-28 00:13:22 INFO  org.hibernate.Version 44 logVersion - HHH000412: Hibernate ORM core version 6.4.4.Final
2025-06-28 00:13:22 INFO  org.hibernate.cache.internal.RegionFactoryInitiator 50 initiateService - HHH000026: Second-level cache disabled
2025-06-28 00:13:23 INFO  org.springframework.orm.jpa.persistenceunit.SpringPersistenceUnitInfo 87 addTransformer - No LoadTimeWeaver setup: ignoring JPA class transformer
2025-06-28 00:13:23 INFO  com.zaxxer.hikari.HikariDataSource 110 getConnection - HikariPool-1 - Starting...
2025-06-28 00:13:23 INFO  com.zaxxer.hikari.pool.HikariPool 565 checkFailFast - HikariPool-1 - Added connection org.sqlite.jdbc4.JDBC4Connection@44bbb7c6
2025-06-28 00:13:23 INFO  com.zaxxer.hikari.HikariDataSource 123 getConnection - HikariPool-1 - Start completed.
2025-06-28 00:13:23 INFO  org.hibernate.engine.transaction.jta.platform.internal.JtaPlatformInitiator 58 initiateService - HHH000489: No JTA platform available (set 'hibernate.transaction.jta.platform' to enable JTA platform integration)
2025-06-28 00:13:23 INFO  org.springframework.orm.jpa.AbstractEntityManagerFactoryBean 437 buildNativeEntityManagerFactory - Initialized JPA EntityManagerFactory for persistence unit 'default'
2025-06-28 00:13:23 WARN  org.springframework.boot.autoconfigure.orm.jpa.JpaBaseConfiguration$JpaWebConfiguration 232 openEntityManagerInViewInterceptor - spring.jpa.open-in-view is enabled by default. Therefore, database queries may be performed during view rendering. Explicitly configure spring.jpa.open-in-view to disable this warning
2025-06-28 00:13:23 INFO  org.springframework.boot.web.embedded.tomcat.TomcatWebServer 241 start - Tomcat started on port 8080 (http) with context path ''
2025-06-28 00:13:23 INFO  org.springframework.boot.StartupInfoLogger 56 logStarted - Started StartRestServices in 2.396 seconds (process running for 3.17)
2025-06-28 00:13:23 INFO  rest.StartRestServices 18 main - [INFO] A pornit!!!
2025-06-28 00:13:33 INFO  org.springframework.web.servlet.FrameworkServlet 532 initServletBean - Initializing Servlet 'dispatcherServlet'
2025-06-28 00:13:33 INFO  org.springframework.web.servlet.FrameworkServlet 554 initServletBean - Completed initialization in 0 ms
2025-06-28 00:13:33 INFO  rest.GameController 27 getGameDetails - REST request to get game details for ID: 2
2025-06-28 00:13:33 INFO  rest.GameRestService 37 getGameDetails - Getting details for game with ID: 2
2025-06-28 00:13:33 INFO  persistence.repository.RepoJocuriHibernate 52 findOne - Finding Joc with id: 2
2025-06-28 00:13:33 INFO  org.hibernate.cache.internal.RegionFactoryInitiator 50 initiateService - HHH000026: Second-level cache disabled
2025-06-28 00:13:33 WARN  org.hibernate.engine.jdbc.connections.internal.DriverManagerConnectionProviderImpl 81 configure - HHH10001002: Using built-in connection pool (not intended for production use)
2025-06-28 00:13:33 INFO  org.hibernate.engine.jdbc.connections.internal.DriverManagerConnectionProviderImpl 136 buildCreator - HHH10001005: Loaded JDBC driver class: org.sqlite.JDBC
2025-06-28 00:13:33 INFO  org.hibernate.engine.jdbc.connections.internal.DriverManagerConnectionProviderImpl 158 buildCreator - HHH10001012: Connecting with JDBC URL [jdbc:sqlite:./JocAnimaleMPP]
2025-06-28 00:13:33 INFO  org.hibernate.engine.jdbc.connections.internal.DriverManagerConnectionProviderImpl 167 buildCreator - HHH10001001: Connection properties: {}
2025-06-28 00:13:33 INFO  org.hibernate.engine.jdbc.connections.internal.DriverManagerConnectionProviderImpl 171 buildCreator - HHH10001003: Autocommit mode: false
2025-06-28 00:13:33 INFO  org.hibernate.engine.jdbc.connections.internal.DriverManagerConnectionProviderImpl$PooledConnections 371 <init> - HHH10001115: Connection pool size: 20 (min=1)
2025-06-28 00:13:34 INFO  org.hibernate.engine.transaction.jta.platform.internal.JtaPlatformInitiator 58 initiateService - HHH000489: No JTA platform available (set 'hibernate.transaction.jta.platform' to enable JTA platform integration)
2025-06-28 00:13:34 INFO  org.hibernate.resource.transaction.backend.jdbc.internal.DdlTransactionIsolatorNonJtaImpl 52 getIsolatedConnection - HHH10001501: Connection obtained from JdbcConnectionAccess [org.hibernate.engine.jdbc.env.internal.JdbcEnvironmentInitiator$ConnectionProviderJdbcConnectionAccess@7d8f4e5b] for (non-JTA) DDL execution was not in auto-commit mode; the Connection 'local transaction' will be committed and the Connection will be set into auto-commit mode.
2025-06-28 00:13:34 ERROR rest.GameController 32 getGameDetails - Error getting game details: Game not found with id: 2
2025-06-28 00:13:56 INFO  org.springframework.orm.jpa.AbstractEntityManagerFactoryBean 650 destroy - Closing JPA EntityManagerFactory for persistence unit 'default'
2025-06-28 00:13:56 INFO  com.zaxxer.hikari.HikariDataSource 350 close - HikariPool-1 - Shutdown initiated...
2025-06-28 00:13:56 INFO  com.zaxxer.hikari.HikariDataSource 352 close - HikariPool-1 - Shutdown completed.
2025-06-28 00:13:58 INFO  rest.StartRestServices 15 main - [INFO] Acum pornim aplicatia din rest...
2025-06-28 00:13:59 INFO  org.hibernate.validator.internal.util.Version 21 <clinit> - HV000001: Hibernate Validator 8.0.1.Final
2025-06-28 00:13:59 INFO  org.springframework.boot.StartupInfoLogger 50 logStarting - Starting StartRestServices using Java 17.0.15 with PID 40748 (D:\GithubRepositories\CS-UBB-FMI-INFO\2nd Year\2nd Semester\MPP\sesiune\Memory-game\REST\build\classes\java\main started by emicu in D:\GithubRepositories\CS-UBB-FMI-INFO\2nd Year\2nd Semester\MPP\sesiune\Memory-game)
2025-06-28 00:13:59 INFO  org.springframework.boot.SpringApplication 654 logStartupProfileInfo - No active profile set, falling back to 1 default profile: "default"
2025-06-28 00:13:59 INFO  org.springframework.data.repository.config.RepositoryConfigurationDelegate 143 registerRepositoriesIn - Bootstrapping Spring Data JPA repositories in DEFAULT mode.
2025-06-28 00:13:59 INFO  org.springframework.data.repository.config.RepositoryConfigurationDelegate 211 registerRepositoriesIn - Finished Spring Data repository scanning in 9 ms. Found 0 JPA repository interfaces.
2025-06-28 00:14:00 INFO  org.springframework.boot.web.embedded.tomcat.TomcatWebServer 109 initialize - Tomcat initialized with port 8080 (http)
2025-06-28 00:14:00 INFO  org.springframework.boot.web.servlet.context.ServletWebServerApplicationContext 296 prepareWebApplicationContext - Root WebApplicationContext: initialization completed in 897 ms
2025-06-28 00:14:00 INFO  org.hibernate.jpa.internal.util.LogHelper 31 logPersistenceUnitInformation - HHH000204: Processing PersistenceUnitInfo [name: default]
2025-06-28 00:14:00 INFO  org.hibernate.Version 44 logVersion - HHH000412: Hibernate ORM core version 6.4.4.Final
2025-06-28 00:14:00 INFO  org.hibernate.cache.internal.RegionFactoryInitiator 50 initiateService - HHH000026: Second-level cache disabled
2025-06-28 00:14:00 INFO  org.springframework.orm.jpa.persistenceunit.SpringPersistenceUnitInfo 87 addTransformer - No LoadTimeWeaver setup: ignoring JPA class transformer
2025-06-28 00:14:00 INFO  com.zaxxer.hikari.HikariDataSource 110 getConnection - HikariPool-1 - Starting...
2025-06-28 00:14:00 INFO  com.zaxxer.hikari.pool.HikariPool 565 checkFailFast - HikariPool-1 - Added connection org.sqlite.jdbc4.JDBC4Connection@cec590c
2025-06-28 00:14:00 INFO  com.zaxxer.hikari.HikariDataSource 123 getConnection - HikariPool-1 - Start completed.
2025-06-28 00:14:01 INFO  org.hibernate.engine.transaction.jta.platform.internal.JtaPlatformInitiator 58 initiateService - HHH000489: No JTA platform available (set 'hibernate.transaction.jta.platform' to enable JTA platform integration)
2025-06-28 00:14:01 INFO  org.springframework.orm.jpa.AbstractEntityManagerFactoryBean 437 buildNativeEntityManagerFactory - Initialized JPA EntityManagerFactory for persistence unit 'default'
2025-06-28 00:14:01 WARN  org.springframework.boot.autoconfigure.orm.jpa.JpaBaseConfiguration$JpaWebConfiguration 232 openEntityManagerInViewInterceptor - spring.jpa.open-in-view is enabled by default. Therefore, database queries may be performed during view rendering. Explicitly configure spring.jpa.open-in-view to disable this warning
2025-06-28 00:14:01 INFO  org.springframework.boot.web.embedded.tomcat.TomcatWebServer 241 start - Tomcat started on port 8080 (http) with context path ''
2025-06-28 00:14:01 INFO  org.springframework.boot.StartupInfoLogger 56 logStarted - Started StartRestServices in 2.395 seconds (process running for 3.334)
2025-06-28 00:14:01 INFO  rest.StartRestServices 18 main - [INFO] A pornit!!!
2025-06-28 00:14:05 INFO  org.springframework.web.servlet.FrameworkServlet 532 initServletBean - Initializing Servlet 'dispatcherServlet'
2025-06-28 00:14:05 INFO  org.springframework.web.servlet.FrameworkServlet 554 initServletBean - Completed initialization in 1 ms
2025-06-28 00:14:05 INFO  rest.GameController 27 getGameDetails - REST request to get game details for ID: 2
2025-06-28 00:14:05 INFO  rest.GameRestService 37 getGameDetails - Getting details for game with ID: 2
2025-06-28 00:14:05 INFO  persistence.repository.RepoJocuriHibernate 52 findOne - Finding Joc with id: 2
2025-06-28 00:14:06 INFO  org.hibernate.cache.internal.RegionFactoryInitiator 50 initiateService - HHH000026: Second-level cache disabled
2025-06-28 00:14:06 WARN  org.hibernate.engine.jdbc.connections.internal.DriverManagerConnectionProviderImpl 81 configure - HHH10001002: Using built-in connection pool (not intended for production use)
2025-06-28 00:14:06 INFO  org.hibernate.engine.jdbc.connections.internal.DriverManagerConnectionProviderImpl 136 buildCreator - HHH10001005: Loaded JDBC driver class: org.sqlite.JDBC
2025-06-28 00:14:06 INFO  org.hibernate.engine.jdbc.connections.internal.DriverManagerConnectionProviderImpl 158 buildCreator - HHH10001012: Connecting with JDBC URL [jdbc:sqlite:/C:/Users/emicu/Desktop/databases/memory-game.db]
2025-06-28 00:14:06 INFO  org.hibernate.engine.jdbc.connections.internal.DriverManagerConnectionProviderImpl 167 buildCreator - HHH10001001: Connection properties: {}
2025-06-28 00:14:06 INFO  org.hibernate.engine.jdbc.connections.internal.DriverManagerConnectionProviderImpl 171 buildCreator - HHH10001003: Autocommit mode: false
2025-06-28 00:14:06 INFO  org.hibernate.engine.jdbc.connections.internal.DriverManagerConnectionProviderImpl$PooledConnections 371 <init> - HHH10001115: Connection pool size: 20 (min=1)
2025-06-28 00:14:06 INFO  org.hibernate.engine.transaction.jta.platform.internal.JtaPlatformInitiator 58 initiateService - HHH000489: No JTA platform available (set 'hibernate.transaction.jta.platform' to enable JTA platform integration)
2025-06-28 00:14:06 INFO  org.hibernate.resource.transaction.backend.jdbc.internal.DdlTransactionIsolatorNonJtaImpl 52 getIsolatedConnection - HHH10001501: Connection obtained from JdbcConnectionAccess [org.hibernate.engine.jdbc.env.internal.JdbcEnvironmentInitiator$ConnectionProviderJdbcConnectionAccess@eddd47b] for (non-JTA) DDL execution was not in auto-commit mode; the Connection 'local transaction' will be committed and the Connection will be set into auto-commit mode.
2025-06-28 00:14:06 INFO  persistence.repository.RepoIncercariHibernate 86 findByJoc - Finding Incercari by Joc: 2
2025-06-28 00:14:07 WARN  org.springframework.web.servlet.handler.AbstractHandlerExceptionResolver 247 logException - Resolved [org.springframework.http.converter.HttpMessageNotWritableException: Could not write JSON: failed to lazily initialize a collection of role: domain.Configuratie.cuvinte: could not initialize proxy - no Session]
2025-06-28 00:21:11 INFO  org.springframework.orm.jpa.AbstractEntityManagerFactoryBean 650 destroy - Closing JPA EntityManagerFactory for persistence unit 'default'
2025-06-28 00:21:11 INFO  com.zaxxer.hikari.HikariDataSource 350 close - HikariPool-1 - Shutdown initiated...
2025-06-28 00:21:11 INFO  com.zaxxer.hikari.HikariDataSource 352 close - HikariPool-1 - Shutdown completed.
2025-06-28 00:21:14 INFO  rest.StartRestServices 15 main - [INFO] Acum pornim aplicatia din rest...
2025-06-28 00:21:14 INFO  org.hibernate.validator.internal.util.Version 21 <clinit> - HV000001: Hibernate Validator 8.0.1.Final
2025-06-28 00:21:14 INFO  org.springframework.boot.StartupInfoLogger 50 logStarting - Starting StartRestServices using Java 17.0.15 with PID 8216 (D:\GithubRepositories\CS-UBB-FMI-INFO\2nd Year\2nd Semester\MPP\sesiune\Memory-game\REST\build\classes\java\main started by emicu in D:\GithubRepositories\CS-UBB-FMI-INFO\2nd Year\2nd Semester\MPP\sesiune\Memory-game)
2025-06-28 00:21:14 INFO  org.springframework.boot.SpringApplication 654 logStartupProfileInfo - No active profile set, falling back to 1 default profile: "default"
2025-06-28 00:21:15 INFO  org.springframework.data.repository.config.RepositoryConfigurationDelegate 143 registerRepositoriesIn - Bootstrapping Spring Data JPA repositories in DEFAULT mode.
2025-06-28 00:21:15 INFO  org.springframework.data.repository.config.RepositoryConfigurationDelegate 211 registerRepositoriesIn - Finished Spring Data repository scanning in 9 ms. Found 0 JPA repository interfaces.
2025-06-28 00:21:15 INFO  org.springframework.boot.web.embedded.tomcat.TomcatWebServer 109 initialize - Tomcat initialized with port 8080 (http)
2025-06-28 00:21:15 INFO  org.springframework.boot.web.servlet.context.ServletWebServerApplicationContext 296 prepareWebApplicationContext - Root WebApplicationContext: initialization completed in 906 ms
2025-06-28 00:21:15 INFO  org.hibernate.jpa.internal.util.LogHelper 31 logPersistenceUnitInformation - HHH000204: Processing PersistenceUnitInfo [name: default]
2025-06-28 00:21:15 INFO  org.hibernate.Version 44 logVersion - HHH000412: Hibernate ORM core version 6.4.4.Final
2025-06-28 00:21:16 INFO  org.hibernate.cache.internal.RegionFactoryInitiator 50 initiateService - HHH000026: Second-level cache disabled
2025-06-28 00:21:16 INFO  org.springframework.orm.jpa.persistenceunit.SpringPersistenceUnitInfo 87 addTransformer - No LoadTimeWeaver setup: ignoring JPA class transformer
2025-06-28 00:21:16 INFO  com.zaxxer.hikari.HikariDataSource 110 getConnection - HikariPool-1 - Starting...
2025-06-28 00:21:16 INFO  com.zaxxer.hikari.pool.HikariPool 565 checkFailFast - HikariPool-1 - Added connection org.sqlite.jdbc4.JDBC4Connection@13fe5bb7
2025-06-28 00:21:16 INFO  com.zaxxer.hikari.HikariDataSource 123 getConnection - HikariPool-1 - Start completed.
2025-06-28 00:21:16 INFO  org.hibernate.engine.transaction.jta.platform.internal.JtaPlatformInitiator 58 initiateService - HHH000489: No JTA platform available (set 'hibernate.transaction.jta.platform' to enable JTA platform integration)
2025-06-28 00:21:16 INFO  org.springframework.orm.jpa.AbstractEntityManagerFactoryBean 437 buildNativeEntityManagerFactory - Initialized JPA EntityManagerFactory for persistence unit 'default'
2025-06-28 00:21:16 WARN  org.springframework.boot.autoconfigure.orm.jpa.JpaBaseConfiguration$JpaWebConfiguration 232 openEntityManagerInViewInterceptor - spring.jpa.open-in-view is enabled by default. Therefore, database queries may be performed during view rendering. Explicitly configure spring.jpa.open-in-view to disable this warning
2025-06-28 00:21:17 INFO  org.springframework.boot.web.embedded.tomcat.TomcatWebServer 241 start - Tomcat started on port 8080 (http) with context path ''
2025-06-28 00:21:17 INFO  org.springframework.boot.StartupInfoLogger 56 logStarted - Started StartRestServices in 2.713 seconds (process running for 3.615)
2025-06-28 00:21:17 INFO  rest.StartRestServices 18 main - [INFO] A pornit!!!
2025-06-28 00:21:21 INFO  org.springframework.web.servlet.FrameworkServlet 532 initServletBean - Initializing Servlet 'dispatcherServlet'
2025-06-28 00:21:21 INFO  org.springframework.web.servlet.FrameworkServlet 554 initServletBean - Completed initialization in 1 ms
2025-06-28 00:21:21 INFO  rest.GameController 27 getGameDetails - REST request to get game details for ID: 2
2025-06-28 00:21:21 INFO  rest.GameRestService 37 getGameDetails - Getting details for game with ID: 2
2025-06-28 00:21:21 INFO  persistence.repository.RepoJocuriHibernate 52 findOne - Finding Joc with id: 2
2025-06-28 00:21:21 INFO  org.hibernate.cache.internal.RegionFactoryInitiator 50 initiateService - HHH000026: Second-level cache disabled
2025-06-28 00:21:21 WARN  org.hibernate.engine.jdbc.connections.internal.DriverManagerConnectionProviderImpl 81 configure - HHH10001002: Using built-in connection pool (not intended for production use)
2025-06-28 00:21:21 INFO  org.hibernate.engine.jdbc.connections.internal.DriverManagerConnectionProviderImpl 136 buildCreator - HHH10001005: Loaded JDBC driver class: org.sqlite.JDBC
2025-06-28 00:21:21 INFO  org.hibernate.engine.jdbc.connections.internal.DriverManagerConnectionProviderImpl 158 buildCreator - HHH10001012: Connecting with JDBC URL [jdbc:sqlite:/C:/Users/emicu/Desktop/databases/memory-game.db]
2025-06-28 00:21:21 INFO  org.hibernate.engine.jdbc.connections.internal.DriverManagerConnectionProviderImpl 167 buildCreator - HHH10001001: Connection properties: {}
2025-06-28 00:21:21 INFO  org.hibernate.engine.jdbc.connections.internal.DriverManagerConnectionProviderImpl 171 buildCreator - HHH10001003: Autocommit mode: false
2025-06-28 00:21:21 INFO  org.hibernate.engine.jdbc.connections.internal.DriverManagerConnectionProviderImpl$PooledConnections 371 <init> - HHH10001115: Connection pool size: 20 (min=1)
2025-06-28 00:21:22 INFO  org.hibernate.engine.transaction.jta.platform.internal.JtaPlatformInitiator 58 initiateService - HHH000489: No JTA platform available (set 'hibernate.transaction.jta.platform' to enable JTA platform integration)
2025-06-28 00:21:22 INFO  org.hibernate.resource.transaction.backend.jdbc.internal.DdlTransactionIsolatorNonJtaImpl 52 getIsolatedConnection - HHH10001501: Connection obtained from JdbcConnectionAccess [org.hibernate.engine.jdbc.env.internal.JdbcEnvironmentInitiator$ConnectionProviderJdbcConnectionAccess@6ee44062] for (non-JTA) DDL execution was not in auto-commit mode; the Connection 'local transaction' will be committed and the Connection will be set into auto-commit mode.
2025-06-28 00:21:22 INFO  persistence.repository.RepoIncercariHibernate 86 findByJoc - Finding Incercari by Joc: 2
2025-06-28 00:26:26 INFO  org.springframework.orm.jpa.AbstractEntityManagerFactoryBean 650 destroy - Closing JPA EntityManagerFactory for persistence unit 'default'
2025-06-28 00:26:26 INFO  com.zaxxer.hikari.HikariDataSource 350 close - HikariPool-1 - Shutdown initiated...
2025-06-28 00:26:26 INFO  com.zaxxer.hikari.HikariDataSource 352 close - HikariPool-1 - Shutdown completed.
2025-06-28 00:26:28 INFO  rest.StartRestServices 15 main - [INFO] Acum pornim aplicatia din rest...
2025-06-28 00:26:29 INFO  org.hibernate.validator.internal.util.Version 21 <clinit> - HV000001: Hibernate Validator 8.0.1.Final
2025-06-28 00:26:29 INFO  org.springframework.boot.StartupInfoLogger 50 logStarting - Starting StartRestServices using Java 17.0.15 with PID 41520 (D:\GithubRepositories\CS-UBB-FMI-INFO\2nd Year\2nd Semester\MPP\sesiune\Memory-game\REST\build\classes\java\main started by emicu in D:\GithubRepositories\CS-UBB-FMI-INFO\2nd Year\2nd Semester\MPP\sesiune\Memory-game)
2025-06-28 00:26:29 INFO  org.springframework.boot.SpringApplication 654 logStartupProfileInfo - No active profile set, falling back to 1 default profile: "default"
2025-06-28 00:26:29 INFO  org.springframework.data.repository.config.RepositoryConfigurationDelegate 143 registerRepositoriesIn - Bootstrapping Spring Data JPA repositories in DEFAULT mode.
2025-06-28 00:26:29 INFO  org.springframework.data.repository.config.RepositoryConfigurationDelegate 211 registerRepositoriesIn - Finished Spring Data repository scanning in 9 ms. Found 0 JPA repository interfaces.
2025-06-28 00:26:30 INFO  org.springframework.boot.web.embedded.tomcat.TomcatWebServer 109 initialize - Tomcat initialized with port 8080 (http)
2025-06-28 00:26:30 INFO  org.springframework.boot.web.servlet.context.ServletWebServerApplicationContext 296 prepareWebApplicationContext - Root WebApplicationContext: initialization completed in 932 ms
2025-06-28 00:26:30 INFO  org.hibernate.jpa.internal.util.LogHelper 31 logPersistenceUnitInformation - HHH000204: Processing PersistenceUnitInfo [name: default]
2025-06-28 00:26:30 INFO  org.hibernate.Version 44 logVersion - HHH000412: Hibernate ORM core version 6.4.4.Final
2025-06-28 00:26:30 INFO  org.hibernate.cache.internal.RegionFactoryInitiator 50 initiateService - HHH000026: Second-level cache disabled
2025-06-28 00:26:30 INFO  org.springframework.orm.jpa.persistenceunit.SpringPersistenceUnitInfo 87 addTransformer - No LoadTimeWeaver setup: ignoring JPA class transformer
2025-06-28 00:26:30 INFO  com.zaxxer.hikari.HikariDataSource 110 getConnection - HikariPool-1 - Starting...
2025-06-28 00:26:30 INFO  com.zaxxer.hikari.pool.HikariPool 565 checkFailFast - HikariPool-1 - Added connection org.sqlite.jdbc4.JDBC4Connection@27afbf14
2025-06-28 00:26:30 INFO  com.zaxxer.hikari.HikariDataSource 123 getConnection - HikariPool-1 - Start completed.
2025-06-28 00:26:31 INFO  org.hibernate.engine.transaction.jta.platform.internal.JtaPlatformInitiator 58 initiateService - HHH000489: No JTA platform available (set 'hibernate.transaction.jta.platform' to enable JTA platform integration)
2025-06-28 00:26:31 INFO  org.springframework.orm.jpa.AbstractEntityManagerFactoryBean 437 buildNativeEntityManagerFactory - Initialized JPA EntityManagerFactory for persistence unit 'default'
2025-06-28 00:26:31 WARN  org.springframework.boot.autoconfigure.orm.jpa.JpaBaseConfiguration$JpaWebConfiguration 232 openEntityManagerInViewInterceptor - spring.jpa.open-in-view is enabled by default. Therefore, database queries may be performed during view rendering. Explicitly configure spring.jpa.open-in-view to disable this warning
2025-06-28 00:26:31 INFO  org.springframework.boot.web.embedded.tomcat.TomcatWebServer 241 start - Tomcat started on port 8080 (http) with context path ''
2025-06-28 00:26:31 INFO  org.springframework.boot.StartupInfoLogger 56 logStarted - Started StartRestServices in 2.41 seconds (process running for 3.06)
2025-06-28 00:26:31 INFO  rest.StartRestServices 18 main - [INFO] A pornit!!!
2025-06-28 00:26:35 INFO  org.springframework.web.servlet.FrameworkServlet 532 initServletBean - Initializing Servlet 'dispatcherServlet'
2025-06-28 00:26:35 INFO  org.springframework.web.servlet.FrameworkServlet 554 initServletBean - Completed initialization in 1 ms
2025-06-28 00:26:35 INFO  rest.GameController 27 getGameDetails - REST request to get game details for ID: 2
2025-06-28 00:26:35 INFO  rest.GameRestService 37 getGameDetails - Getting details for game with ID: 2
2025-06-28 00:26:35 INFO  persistence.repository.RepoJocuriHibernate 52 findOne - Finding Joc with id: 2
2025-06-28 00:26:36 INFO  org.hibernate.cache.internal.RegionFactoryInitiator 50 initiateService - HHH000026: Second-level cache disabled
2025-06-28 00:26:36 WARN  org.hibernate.engine.jdbc.connections.internal.DriverManagerConnectionProviderImpl 81 configure - HHH10001002: Using built-in connection pool (not intended for production use)
2025-06-28 00:26:36 INFO  org.hibernate.engine.jdbc.connections.internal.DriverManagerConnectionProviderImpl 136 buildCreator - HHH10001005: Loaded JDBC driver class: org.sqlite.JDBC
2025-06-28 00:26:36 INFO  org.hibernate.engine.jdbc.connections.internal.DriverManagerConnectionProviderImpl 158 buildCreator - HHH10001012: Connecting with JDBC URL [jdbc:sqlite:/C:/Users/emicu/Desktop/databases/memory-game.db]
2025-06-28 00:26:36 INFO  org.hibernate.engine.jdbc.connections.internal.DriverManagerConnectionProviderImpl 167 buildCreator - HHH10001001: Connection properties: {}
2025-06-28 00:26:36 INFO  org.hibernate.engine.jdbc.connections.internal.DriverManagerConnectionProviderImpl 171 buildCreator - HHH10001003: Autocommit mode: false
2025-06-28 00:26:36 INFO  org.hibernate.engine.jdbc.connections.internal.DriverManagerConnectionProviderImpl$PooledConnections 371 <init> - HHH10001115: Connection pool size: 20 (min=1)
2025-06-28 00:26:36 INFO  org.hibernate.engine.transaction.jta.platform.internal.JtaPlatformInitiator 58 initiateService - HHH000489: No JTA platform available (set 'hibernate.transaction.jta.platform' to enable JTA platform integration)
2025-06-28 00:26:36 INFO  org.hibernate.resource.transaction.backend.jdbc.internal.DdlTransactionIsolatorNonJtaImpl 52 getIsolatedConnection - HHH10001501: Connection obtained from JdbcConnectionAccess [org.hibernate.engine.jdbc.env.internal.JdbcEnvironmentInitiator$ConnectionProviderJdbcConnectionAccess@4d802059] for (non-JTA) DDL execution was not in auto-commit mode; the Connection 'local transaction' will be committed and the Connection will be set into auto-commit mode.
2025-06-28 00:26:36 INFO  persistence.repository.RepoIncercariHibernate 86 findByJoc - Finding Incercari by Joc: 2
2025-06-28 00:31:10 INFO  org.springframework.orm.jpa.AbstractEntityManagerFactoryBean 650 destroy - Closing JPA EntityManagerFactory for persistence unit 'default'
2025-06-28 00:31:10 INFO  com.zaxxer.hikari.HikariDataSource 350 close - HikariPool-1 - Shutdown initiated...
2025-06-28 00:31:10 INFO  com.zaxxer.hikari.HikariDataSource 352 close - HikariPool-1 - Shutdown completed.
