     1                                  bits 32
     2                                  
     3                                  global start        
     4                                  extern exit               
     5                                  import exit msvcrt.dll    
     6                                  
     7                                  section data use32 class=data
     8 00000000 0A09020704030C0B08-         s dd 0702090Ah, 0B0C0304h, 05060108h
     8 00000009 010605             
     9                                      len equ ($-s)/4
    10 0000000C <res 00000003>              d resb len
    11                                  
    12                                  section code use32 class=code
    13                                  start:
    14 00000000 B903000000                  mov ecx, len
    15 00000005 E343                        jecxz final
    16 00000007 FC                          cld
    17 00000008 BB00000000                  mov ebx, 0
    18                                  
    19                                      ; inițializează ES cu adresa segmentului de date
    20 0000000D 668D3D[0C000000]            lea di, [d]
    21 00000014 8EC7                        mov es, di
    22                                  
    23                                      repeta:
    24 00000016 AD                              lodsd
    25 00000017 89C2                            mov edx, eax
    26                                  
    27 00000019 88D0                            mov al, dl
    28 0000001B 88F4                            mov ah, dh
    29 0000001D AA                              stosb
    30                                  
    31 0000001E C1E810                          shr eax, 16
    32 00000021 88D0                            mov al, dl
    33 00000023 88F4                            mov ah, dh
    34 00000025 AA                              stosb
    35                                  
    36 00000026 43                              inc ebx
    37 00000027 E2ED                            loop repeta
    38                                  
    39 00000029 89D9                        mov ecx, ebx
    40 0000002B BE00000000                  mov esi, 0
    41                                  
    42                                  sortare:
    43 00000030 89F7                        mov edi, esi
    44 00000032 47                          inc edi
    45                                  
    46                                      compara:
    47 00000033 39F7                            cmp edi, esi
    48 00000035 7C07                            jl schimba
    49 00000037 47                              inc edi
    50 00000038 39DF                            cmp edi, ebx
    51 0000003A 7CF7                            jl compara
    52 0000003C EB0A                            jmp iesire
    53                                  
    54                                      schimba:
    55 0000003E 8A06                            mov al, [esi]
    56 00000040 8A27                            mov ah, [edi]
    57 00000042 8826                            mov [esi], ah
    58 00000044 8807                            mov [edi], al
    59 00000046 EBEB                            jmp compara
    60                                  
    61                                  iesire:
    62 00000048 EB00                        jmp final
    63                                  
    64                                  final:
    65 0000004A 6A00                        push dword 0
    66 0000004C FF15[00000000]              call dword [exit]
