     1                                  bits 32
     2                                  
     3                                  global start
     4                                  
     5                                  extern exit, scanf, printf, fopen, fread, fclose, fprintf
     6                                  
     7                                  import exit msvcrt.dll
     8                                  import scanf msvcrt.dll
     9                                  import printf msvcrt.dll
    10                                  import fopen msvcrt.dll
    11                                  import fread msvcrt.dll
    12                                  import fclose msvcrt.dll
    13                                  import fprintf msvcrt.dll
    14                                  
    15                                  segment data use32 class=data
    16 00000000 <res 00000064>              nume_fisier resb 100
    17 00000064 7700                        mod_acces_creare db "w",0
    18 00000066 257300                      format_creare_fisier db "%s",0
    19 00000069 FFFFFFFF                    descriptor_fisier dd -1
    20                                      
    21                                      
    22                                  segment code use32 class=code
    23                                      start:
    24                                          ; ...
    25 00000000 68[00000000]                    push dword nume_fisier
    26 00000005 68[66000000]                    push dword format_creare_fisier
    27 0000000A FF15[00000000]                  call [scanf]
    28 00000010 83C408                          add esp,4*2
    29                                          
    30 00000013 68[64000000]                    push dword mod_acces_creare
    31 00000018 68[00000000]                    push dword nume_fisier
    32 0000001D FF15[00000000]                  call [fopen]
    33 00000023 83C408                          add esp,4*2
    34                                          
    35 00000026 A3[69000000]                    mov [descriptor_fisier],eax
    36 0000002B 83F800                          cmp eax,0
    37 0000002E 740F                            je final
    38                                          
    39 00000030 50                              push eax
    40 00000031 68[66000000]                    push dword format_creare_fisier
    41 00000036 FF15[00000000]                  call [printf]
    42 0000003C 83C408                          add esp,4*2
    43                                          
    44                                          
    45                                          final:
    46                                          ; exit(0)
    47 0000003F 6A00                            push dword 0      ; push the parameter for exit onto the stack
    48 00000041 FF15[00000000]                  call [exit]
    49                                          
    50                                          
