2025-06-28 09:03:21 INFO  rest.StartRestServices 15 main - [INFO] Acum pornim aplicatia din rest...
2025-06-28 09:03:22 INFO  org.hibernate.validator.internal.util.Version 21 <clinit> - HV000001: Hibernate Validator 8.0.1.Final
2025-06-28 09:03:22 INFO  org.springframework.boot.StartupInfoLogger 50 logStarting - Starting StartRestServices using Java 17.0.15 with PID 29916 (D:\GithubRepositories\CS-UBB-FMI-INFO\2nd Year\2nd Semester\MPP\sesiune\Sesiune\REST\build\classes\java\main started by emicu in D:\GithubRepositories\CS-UBB-FMI-INFO\2nd Year\2nd Semester\MPP\sesiune\Sesiune)
2025-06-28 09:03:22 INFO  org.springframework.boot.SpringApplication 654 logStartupProfileInfo - No active profile set, falling back to 1 default profile: "default"
2025-06-28 09:03:22 INFO  org.springframework.data.repository.config.RepositoryConfigurationDelegate 143 registerRepositoriesIn - Bootstrapping Spring Data JPA repositories in DEFAULT mode.
2025-06-28 09:03:22 INFO  org.springframework.data.repository.config.RepositoryConfigurationDelegate 211 registerRepositoriesIn - Finished Spring Data repository scanning in 11 ms. Found 0 JPA repository interfaces.
2025-06-28 09:03:23 INFO  org.springframework.boot.web.embedded.tomcat.TomcatWebServer 109 initialize - Tomcat initialized with port 8080 (http)
2025-06-28 09:03:23 INFO  org.springframework.boot.web.servlet.context.ServletWebServerApplicationContext 296 prepareWebApplicationContext - Root WebApplicationContext: initialization completed in 1027 ms
2025-06-28 09:03:23 INFO  org.hibernate.jpa.internal.util.LogHelper 31 logPersistenceUnitInformation - HHH000204: Processing PersistenceUnitInfo [name: default]
2025-06-28 09:03:23 INFO  org.hibernate.Version 44 logVersion - HHH000412: Hibernate ORM core version 6.4.4.Final
2025-06-28 09:03:23 INFO  org.hibernate.cache.internal.RegionFactoryInitiator 50 initiateService - HHH000026: Second-level cache disabled
2025-06-28 09:03:23 INFO  org.springframework.orm.jpa.persistenceunit.SpringPersistenceUnitInfo 87 addTransformer - No LoadTimeWeaver setup: ignoring JPA class transformer
2025-06-28 09:03:23 INFO  com.zaxxer.hikari.HikariDataSource 110 getConnection - HikariPool-1 - Starting...
2025-06-28 09:03:23 INFO  com.zaxxer.hikari.pool.HikariPool 565 checkFailFast - HikariPool-1 - Added connection org.sqlite.jdbc4.JDBC4Connection@c262f2f
2025-06-28 09:03:23 INFO  com.zaxxer.hikari.HikariDataSource 123 getConnection - HikariPool-1 - Start completed.
2025-06-28 09:03:24 INFO  org.hibernate.engine.transaction.jta.platform.internal.JtaPlatformInitiator 58 initiateService - HHH000489: No JTA platform available (set 'hibernate.transaction.jta.platform' to enable JTA platform integration)
2025-06-28 09:03:24 INFO  org.springframework.orm.jpa.AbstractEntityManagerFactoryBean 437 buildNativeEntityManagerFactory - Initialized JPA EntityManagerFactory for persistence unit 'default'
2025-06-28 09:03:24 WARN  org.springframework.boot.autoconfigure.orm.jpa.JpaBaseConfiguration$JpaWebConfiguration 232 openEntityManagerInViewInterceptor - spring.jpa.open-in-view is enabled by default. Therefore, database queries may be performed during view rendering. Explicitly configure spring.jpa.open-in-view to disable this warning
2025-06-28 09:03:24 INFO  org.springframework.boot.web.embedded.tomcat.TomcatWebServer 241 start - Tomcat started on port 8080 (http) with context path ''
2025-06-28 09:03:24 INFO  org.springframework.boot.StartupInfoLogger 56 logStarted - Started StartRestServices in 2.641 seconds (process running for 4.369)
2025-06-28 09:03:24 INFO  rest.StartRestServices 18 main - [INFO] A pornit!!!
2025-06-28 09:07:51 INFO  org.springframework.web.servlet.FrameworkServlet 532 initServletBean - Initializing Servlet 'dispatcherServlet'
2025-06-28 09:07:51 INFO  org.springframework.web.servlet.FrameworkServlet 554 initServletBean - Completed initialization in 1 ms
2025-06-28 09:07:51 INFO  persistence.repository.RepoJucatoriHibernate 53 findOne - Finding Jucator with Hibernate: 1
2025-06-28 09:07:52 INFO  org.hibernate.cache.internal.RegionFactoryInitiator 50 initiateService - HHH000026: Second-level cache disabled
2025-06-28 09:07:52 WARN  org.hibernate.engine.jdbc.connections.internal.DriverManagerConnectionProviderImpl 81 configure - HHH10001002: Using built-in connection pool (not intended for production use)
2025-06-28 09:07:52 INFO  org.hibernate.engine.jdbc.connections.internal.DriverManagerConnectionProviderImpl 136 buildCreator - HHH10001005: Loaded JDBC driver class: org.sqlite.JDBC
2025-06-28 09:07:52 INFO  org.hibernate.engine.jdbc.connections.internal.DriverManagerConnectionProviderImpl 158 buildCreator - HHH10001012: Connecting with JDBC URL [jdbc:sqlite:/D:/GithubRepositories/CS-UBB-FMI-INFO/2nd Year/2nd Semester/MPP/sesiune/Sesiune/JocTriviaMPP.db]
2025-06-28 09:07:52 INFO  org.hibernate.engine.jdbc.connections.internal.DriverManagerConnectionProviderImpl 167 buildCreator - HHH10001001: Connection properties: {}
2025-06-28 09:07:52 INFO  org.hibernate.engine.jdbc.connections.internal.DriverManagerConnectionProviderImpl 171 buildCreator - HHH10001003: Autocommit mode: false
2025-06-28 09:07:52 INFO  org.hibernate.engine.jdbc.connections.internal.DriverManagerConnectionProviderImpl$PooledConnections 371 <init> - HHH10001115: Connection pool size: 20 (min=1)
2025-06-28 09:07:52 INFO  org.hibernate.engine.transaction.jta.platform.internal.JtaPlatformInitiator 58 initiateService - HHH000489: No JTA platform available (set 'hibernate.transaction.jta.platform' to enable JTA platform integration)
2025-06-28 09:07:52 INFO  org.hibernate.resource.transaction.backend.jdbc.internal.DdlTransactionIsolatorNonJtaImpl 52 getIsolatedConnection - HHH10001501: Connection obtained from JdbcConnectionAccess [org.hibernate.engine.jdbc.env.internal.JdbcEnvironmentInitiator$ConnectionProviderJdbcConnectionAccess@21eabb35] for (non-JTA) DDL execution was not in auto-commit mode; the Connection 'local transaction' will be committed and the Connection will be set into auto-commit mode.
2025-06-28 09:07:52 INFO  persistence.repository.RepoJocuriHibernate 54 findOne - Finding Joc with id: 1
2025-06-28 09:08:47 INFO  persistence.repository.RepoJucatoriHibernate 53 findOne - Finding Jucator with Hibernate: 1
2025-06-28 09:08:47 INFO  persistence.repository.RepoJocuriHibernate 54 findOne - Finding Joc with id: 2
2025-06-28 09:08:47 INFO  persistence.repository.RepoRaspunsuriHibernate 91 findByJoc - Finding RaspunsJucator by Joc: Joc{id=2, jucator=Entity{id=1}, dataInceput=2023-06-15T10:00, dataSfarsit=2023-06-15T10:30, punctajTotal=74, finalizatCuSucces=true, nivelCurent=3, intrebariCorecteNivel=2}
2025-06-28 09:09:35 INFO  persistence.repository.RepoJucatoriHibernate 53 findOne - Finding Jucator with Hibernate: 2
2025-06-28 09:09:35 INFO  persistence.repository.RepoJocuriHibernate 54 findOne - Finding Joc with id: 3
2025-06-28 09:09:35 INFO  persistence.repository.RepoRaspunsuriHibernate 91 findByJoc - Finding RaspunsJucator by Joc: Joc{id=3, jucator=Entity{id=2}, dataInceput=2023-06-16T14:00, dataSfarsit=null, punctajTotal=6, finalizatCuSucces=false, nivelCurent=2, intrebariCorecteNivel=1}
2025-06-28 09:09:49 INFO  org.springframework.orm.jpa.AbstractEntityManagerFactoryBean 650 destroy - Closing JPA EntityManagerFactory for persistence unit 'default'
2025-06-28 09:09:49 INFO  com.zaxxer.hikari.HikariDataSource 350 close - HikariPool-1 - Shutdown initiated...
2025-06-28 09:09:49 INFO  com.zaxxer.hikari.HikariDataSource 352 close - HikariPool-1 - Shutdown completed.
2025-06-28 09:17:40 INFO  rest.StartRestServices 15 main - [INFO] Acum pornim aplicatia din rest...
2025-06-28 09:17:41 INFO  org.hibernate.validator.internal.util.Version 21 <clinit> - HV000001: Hibernate Validator 8.0.1.Final
2025-06-28 09:17:41 INFO  org.springframework.boot.StartupInfoLogger 50 logStarting - Starting StartRestServices using Java 17.0.15 with PID 24336 (D:\GithubRepositories\CS-UBB-FMI-INFO\2nd Year\2nd Semester\MPP\sesiune\Sesiune\REST\build\classes\java\main started by emicu in D:\GithubRepositories\CS-UBB-FMI-INFO\2nd Year\2nd Semester\MPP\sesiune\Sesiune)
2025-06-28 09:17:41 INFO  org.springframework.boot.SpringApplication 654 logStartupProfileInfo - No active profile set, falling back to 1 default profile: "default"
2025-06-28 09:17:41 INFO  org.springframework.data.repository.config.RepositoryConfigurationDelegate 143 registerRepositoriesIn - Bootstrapping Spring Data JPA repositories in DEFAULT mode.
2025-06-28 09:17:41 INFO  org.springframework.data.repository.config.RepositoryConfigurationDelegate 211 registerRepositoriesIn - Finished Spring Data repository scanning in 9 ms. Found 0 JPA repository interfaces.
2025-06-28 09:17:41 INFO  org.springframework.boot.web.embedded.tomcat.TomcatWebServer 109 initialize - Tomcat initialized with port 8080 (http)
2025-06-28 09:17:42 INFO  org.springframework.boot.web.servlet.context.ServletWebServerApplicationContext 296 prepareWebApplicationContext - Root WebApplicationContext: initialization completed in 885 ms
2025-06-28 09:17:42 INFO  org.hibernate.jpa.internal.util.LogHelper 31 logPersistenceUnitInformation - HHH000204: Processing PersistenceUnitInfo [name: default]
2025-06-28 09:17:42 INFO  org.hibernate.Version 44 logVersion - HHH000412: Hibernate ORM core version 6.4.4.Final
2025-06-28 09:17:42 INFO  org.hibernate.cache.internal.RegionFactoryInitiator 50 initiateService - HHH000026: Second-level cache disabled
2025-06-28 09:17:42 INFO  org.springframework.orm.jpa.persistenceunit.SpringPersistenceUnitInfo 87 addTransformer - No LoadTimeWeaver setup: ignoring JPA class transformer
2025-06-28 09:17:42 INFO  com.zaxxer.hikari.HikariDataSource 110 getConnection - HikariPool-1 - Starting...
2025-06-28 09:17:42 INFO  com.zaxxer.hikari.pool.HikariPool 565 checkFailFast - HikariPool-1 - Added connection org.sqlite.jdbc4.JDBC4Connection@6e5f5478
2025-06-28 09:17:42 INFO  com.zaxxer.hikari.HikariDataSource 123 getConnection - HikariPool-1 - Start completed.
2025-06-28 09:17:42 INFO  org.hibernate.engine.transaction.jta.platform.internal.JtaPlatformInitiator 58 initiateService - HHH000489: No JTA platform available (set 'hibernate.transaction.jta.platform' to enable JTA platform integration)
2025-06-28 09:17:42 INFO  org.springframework.orm.jpa.AbstractEntityManagerFactoryBean 437 buildNativeEntityManagerFactory - Initialized JPA EntityManagerFactory for persistence unit 'default'
2025-06-28 09:17:42 WARN  org.springframework.boot.autoconfigure.orm.jpa.JpaBaseConfiguration$JpaWebConfiguration 232 openEntityManagerInViewInterceptor - spring.jpa.open-in-view is enabled by default. Therefore, database queries may be performed during view rendering. Explicitly configure spring.jpa.open-in-view to disable this warning
2025-06-28 09:17:43 INFO  org.springframework.boot.web.embedded.tomcat.TomcatWebServer 241 start - Tomcat started on port 8080 (http) with context path ''
2025-06-28 09:17:43 INFO  org.springframework.boot.StartupInfoLogger 56 logStarted - Started StartRestServices in 2.603 seconds (process running for 3.683)
2025-06-28 09:18:03 INFO  org.springframework.web.servlet.FrameworkServlet 532 initServletBean - Initializing Servlet 'dispatcherServlet'
2025-06-28 09:18:03 INFO  org.springframework.web.servlet.FrameworkServlet 554 initServletBean - Completed initialization in 0 ms
2025-06-28 09:18:03 INFO  persistence.repository.RepoJucatoriHibernate 53 findOne - Finding Jucator with Hibernate: 2
2025-06-28 09:18:03 INFO  org.hibernate.cache.internal.RegionFactoryInitiator 50 initiateService - HHH000026: Second-level cache disabled
2025-06-28 09:18:03 WARN  org.hibernate.engine.jdbc.connections.internal.DriverManagerConnectionProviderImpl 81 configure - HHH10001002: Using built-in connection pool (not intended for production use)
2025-06-28 09:18:03 INFO  org.hibernate.engine.jdbc.connections.internal.DriverManagerConnectionProviderImpl 136 buildCreator - HHH10001005: Loaded JDBC driver class: org.sqlite.JDBC
2025-06-28 09:18:03 INFO  org.hibernate.engine.jdbc.connections.internal.DriverManagerConnectionProviderImpl 158 buildCreator - HHH10001012: Connecting with JDBC URL [jdbc:sqlite:/D:/GithubRepositories/CS-UBB-FMI-INFO/2nd Year/2nd Semester/MPP/sesiune/Sesiune/JocTriviaMPP.db]
2025-06-28 09:18:03 INFO  org.hibernate.engine.jdbc.connections.internal.DriverManagerConnectionProviderImpl 167 buildCreator - HHH10001001: Connection properties: {}
2025-06-28 09:18:03 INFO  org.hibernate.engine.jdbc.connections.internal.DriverManagerConnectionProviderImpl 171 buildCreator - HHH10001003: Autocommit mode: false
2025-06-28 09:18:03 INFO  org.hibernate.engine.jdbc.connections.internal.DriverManagerConnectionProviderImpl$PooledConnections 371 <init> - HHH10001115: Connection pool size: 20 (min=1)
2025-06-28 09:18:04 INFO  org.hibernate.engine.transaction.jta.platform.internal.JtaPlatformInitiator 58 initiateService - HHH000489: No JTA platform available (set 'hibernate.transaction.jta.platform' to enable JTA platform integration)
2025-06-28 09:18:04 INFO  org.hibernate.resource.transaction.backend.jdbc.internal.DdlTransactionIsolatorNonJtaImpl 52 getIsolatedConnection - HHH10001501: Connection obtained from JdbcConnectionAccess [org.hibernate.engine.jdbc.env.internal.JdbcEnvironmentInitiator$ConnectionProviderJdbcConnectionAccess@14c93e1f] for (non-JTA) DDL execution was not in auto-commit mode; the Connection 'local transaction' will be committed and the Connection will be set into auto-commit mode.
2025-06-28 09:18:04 INFO  persistence.repository.RepoJocuriHibernate 54 findOne - Finding Joc with id: 3
2025-06-28 09:18:04 INFO  persistence.repository.RepoRaspunsuriHibernate 91 findByJoc - Finding RaspunsJucator by Joc: Joc{id=3, jucator=Entity{id=2}, dataInceput=2023-06-16T14:00, dataSfarsit=null, punctajTotal=6, finalizatCuSucces=false, nivelCurent=2, intrebariCorecteNivel=1}
2025-06-28 09:18:29 INFO  persistence.repository.RepoJucatoriHibernate 53 findOne - Finding Jucator with Hibernate: 1
2025-06-28 09:18:29 INFO  persistence.repository.RepoJocuriHibernate 54 findOne - Finding Joc with id: 2
2025-06-28 09:18:29 INFO  persistence.repository.RepoRaspunsuriHibernate 91 findByJoc - Finding RaspunsJucator by Joc: Joc{id=2, jucator=Entity{id=1}, dataInceput=2023-06-15T10:00, dataSfarsit=2023-06-15T10:30, punctajTotal=74, finalizatCuSucces=true, nivelCurent=3, intrebariCorecteNivel=2}
2025-06-28 09:20:40 INFO  persistence.repository.RepoIntrebariHibernate 53 findOne - Finding Intrebare with id: 1
2025-06-28 09:20:40 INFO  persistence.repository.RepoIntrebariHibernate 76 update - Updating Intrebare: Intrebare{id=1, text='Cat face 1 + 1?', raspunsCorect='Londra', nivel=1}
2025-06-28 09:20:40 INFO  persistence.repository.RepoIntrebariHibernate 81 update - Intrebare updated successfully: Intrebare{id=1, text='Cat face 1 + 1?', raspunsCorect='Londra', nivel=1}
2025-06-28 09:21:32 INFO  org.springframework.orm.jpa.AbstractEntityManagerFactoryBean 650 destroy - Closing JPA EntityManagerFactory for persistence unit 'default'
2025-06-28 09:21:32 INFO  com.zaxxer.hikari.HikariDataSource 350 close - HikariPool-1 - Shutdown initiated...
2025-06-28 09:21:32 INFO  com.zaxxer.hikari.HikariDataSource 352 close - HikariPool-1 - Shutdown completed.
2025-06-28 09:23:00 INFO  rest.StartRestServices 15 main - [INFO] Acum pornim aplicatia din rest...
2025-06-28 09:23:01 INFO  org.hibernate.validator.internal.util.Version 21 <clinit> - HV000001: Hibernate Validator 8.0.1.Final
2025-06-28 09:23:01 INFO  org.springframework.boot.StartupInfoLogger 50 logStarting - Starting StartRestServices using Java 17.0.15 with PID 33784 (D:\GithubRepositories\CS-UBB-FMI-INFO\2nd Year\2nd Semester\MPP\sesiune\Sesiune\REST\build\classes\java\main started by emicu in D:\GithubRepositories\CS-UBB-FMI-INFO\2nd Year\2nd Semester\MPP\sesiune\Sesiune)
2025-06-28 09:23:01 INFO  org.springframework.boot.SpringApplication 654 logStartupProfileInfo - No active profile set, falling back to 1 default profile: "default"
2025-06-28 09:23:01 INFO  org.springframework.data.repository.config.RepositoryConfigurationDelegate 143 registerRepositoriesIn - Bootstrapping Spring Data JPA repositories in DEFAULT mode.
2025-06-28 09:23:01 INFO  org.springframework.data.repository.config.RepositoryConfigurationDelegate 211 registerRepositoriesIn - Finished Spring Data repository scanning in 11 ms. Found 0 JPA repository interfaces.
2025-06-28 09:23:01 INFO  org.springframework.boot.web.embedded.tomcat.TomcatWebServer 109 initialize - Tomcat initialized with port 8080 (http)
2025-06-28 09:23:02 INFO  org.springframework.boot.web.servlet.context.ServletWebServerApplicationContext 296 prepareWebApplicationContext - Root WebApplicationContext: initialization completed in 934 ms
2025-06-28 09:23:02 INFO  org.hibernate.jpa.internal.util.LogHelper 31 logPersistenceUnitInformation - HHH000204: Processing PersistenceUnitInfo [name: default]
2025-06-28 09:23:02 INFO  org.hibernate.Version 44 logVersion - HHH000412: Hibernate ORM core version 6.4.4.Final
2025-06-28 09:23:02 INFO  org.hibernate.cache.internal.RegionFactoryInitiator 50 initiateService - HHH000026: Second-level cache disabled
2025-06-28 09:23:02 INFO  org.springframework.orm.jpa.persistenceunit.SpringPersistenceUnitInfo 87 addTransformer - No LoadTimeWeaver setup: ignoring JPA class transformer
2025-06-28 09:23:02 INFO  com.zaxxer.hikari.HikariDataSource 110 getConnection - HikariPool-1 - Starting...
2025-06-28 09:23:02 INFO  com.zaxxer.hikari.pool.HikariPool 565 checkFailFast - HikariPool-1 - Added connection org.sqlite.jdbc4.JDBC4Connection@4276ad40
2025-06-28 09:23:02 INFO  com.zaxxer.hikari.HikariDataSource 123 getConnection - HikariPool-1 - Start completed.
2025-06-28 09:23:02 INFO  org.hibernate.engine.transaction.jta.platform.internal.JtaPlatformInitiator 58 initiateService - HHH000489: No JTA platform available (set 'hibernate.transaction.jta.platform' to enable JTA platform integration)
2025-06-28 09:23:02 INFO  org.springframework.orm.jpa.AbstractEntityManagerFactoryBean 437 buildNativeEntityManagerFactory - Initialized JPA EntityManagerFactory for persistence unit 'default'
2025-06-28 09:23:02 WARN  org.springframework.boot.autoconfigure.orm.jpa.JpaBaseConfiguration$JpaWebConfiguration 232 openEntityManagerInViewInterceptor - spring.jpa.open-in-view is enabled by default. Therefore, database queries may be performed during view rendering. Explicitly configure spring.jpa.open-in-view to disable this warning
2025-06-28 09:23:03 INFO  org.springframework.boot.web.embedded.tomcat.TomcatWebServer 241 start - Tomcat started on port 8080 (http) with context path ''
2025-06-28 09:23:03 INFO  org.springframework.boot.StartupInfoLogger 56 logStarted - Started StartRestServices in 2.485 seconds (process running for 3.383)
2025-06-28 09:23:18 INFO  org.springframework.web.servlet.FrameworkServlet 532 initServletBean - Initializing Servlet 'dispatcherServlet'
2025-06-28 09:23:18 INFO  org.springframework.web.servlet.FrameworkServlet 554 initServletBean - Completed initialization in 1 ms
2025-06-28 09:23:18 INFO  persistence.repository.RepoJucatoriHibernate 53 findOne - Finding Jucator with Hibernate: 1
2025-06-28 09:23:19 INFO  org.hibernate.cache.internal.RegionFactoryInitiator 50 initiateService - HHH000026: Second-level cache disabled
2025-06-28 09:23:19 WARN  org.hibernate.engine.jdbc.connections.internal.DriverManagerConnectionProviderImpl 81 configure - HHH10001002: Using built-in connection pool (not intended for production use)
2025-06-28 09:23:19 INFO  org.hibernate.engine.jdbc.connections.internal.DriverManagerConnectionProviderImpl 136 buildCreator - HHH10001005: Loaded JDBC driver class: org.sqlite.JDBC
2025-06-28 09:23:19 INFO  org.hibernate.engine.jdbc.connections.internal.DriverManagerConnectionProviderImpl 158 buildCreator - HHH10001012: Connecting with JDBC URL [jdbc:sqlite:/D:/GithubRepositories/CS-UBB-FMI-INFO/2nd Year/2nd Semester/MPP/sesiune/Sesiune/JocTriviaMPP.db]
2025-06-28 09:23:19 INFO  org.hibernate.engine.jdbc.connections.internal.DriverManagerConnectionProviderImpl 167 buildCreator - HHH10001001: Connection properties: {}
2025-06-28 09:23:19 INFO  org.hibernate.engine.jdbc.connections.internal.DriverManagerConnectionProviderImpl 171 buildCreator - HHH10001003: Autocommit mode: false
2025-06-28 09:23:19 INFO  org.hibernate.engine.jdbc.connections.internal.DriverManagerConnectionProviderImpl$PooledConnections 371 <init> - HHH10001115: Connection pool size: 20 (min=1)
2025-06-28 09:23:19 INFO  org.hibernate.engine.transaction.jta.platform.internal.JtaPlatformInitiator 58 initiateService - HHH000489: No JTA platform available (set 'hibernate.transaction.jta.platform' to enable JTA platform integration)
2025-06-28 09:23:19 INFO  org.hibernate.resource.transaction.backend.jdbc.internal.DdlTransactionIsolatorNonJtaImpl 52 getIsolatedConnection - HHH10001501: Connection obtained from JdbcConnectionAccess [org.hibernate.engine.jdbc.env.internal.JdbcEnvironmentInitiator$ConnectionProviderJdbcConnectionAccess@26dbcc7f] for (non-JTA) DDL execution was not in auto-commit mode; the Connection 'local transaction' will be committed and the Connection will be set into auto-commit mode.
2025-06-28 09:23:19 INFO  persistence.repository.RepoJocuriHibernate 54 findOne - Finding Joc with id: 2
2025-06-28 09:23:19 INFO  persistence.repository.RepoRaspunsuriHibernate 91 findByJoc - Finding RaspunsJucator by Joc: Joc{id=2, jucator=Entity{id=1}, dataInceput=2023-06-15T10:00, dataSfarsit=2023-06-15T10:30, punctajTotal=74, finalizatCuSucces=true, nivelCurent=3, intrebariCorecteNivel=2}
2025-06-28 09:24:34 INFO  org.springframework.orm.jpa.AbstractEntityManagerFactoryBean 650 destroy - Closing JPA EntityManagerFactory for persistence unit 'default'
2025-06-28 09:24:34 INFO  com.zaxxer.hikari.HikariDataSource 350 close - HikariPool-1 - Shutdown initiated...
2025-06-28 09:24:34 INFO  com.zaxxer.hikari.HikariDataSource 352 close - HikariPool-1 - Shutdown completed.
2025-06-28 09:28:35 INFO  rest.StartRestServices 15 main - [INFO] Acum pornim aplicatia din rest...
2025-06-28 09:28:35 INFO  org.hibernate.validator.internal.util.Version 21 <clinit> - HV000001: Hibernate Validator 8.0.1.Final
2025-06-28 09:28:35 INFO  org.springframework.boot.StartupInfoLogger 50 logStarting - Starting StartRestServices using Java 17.0.15 with PID 26908 (D:\GithubRepositories\CS-UBB-FMI-INFO\2nd Year\2nd Semester\MPP\sesiune\Sesiune\REST\build\classes\java\main started by emicu in D:\GithubRepositories\CS-UBB-FMI-INFO\2nd Year\2nd Semester\MPP\sesiune\Sesiune)
2025-06-28 09:28:35 INFO  org.springframework.boot.SpringApplication 654 logStartupProfileInfo - No active profile set, falling back to 1 default profile: "default"
2025-06-28 09:28:36 INFO  org.springframework.data.repository.config.RepositoryConfigurationDelegate 143 registerRepositoriesIn - Bootstrapping Spring Data JPA repositories in DEFAULT mode.
2025-06-28 09:28:36 INFO  org.springframework.data.repository.config.RepositoryConfigurationDelegate 211 registerRepositoriesIn - Finished Spring Data repository scanning in 10 ms. Found 0 JPA repository interfaces.
2025-06-28 09:28:36 INFO  org.springframework.boot.web.embedded.tomcat.TomcatWebServer 109 initialize - Tomcat initialized with port 8080 (http)
2025-06-28 09:28:36 INFO  org.springframework.boot.web.servlet.context.ServletWebServerApplicationContext 296 prepareWebApplicationContext - Root WebApplicationContext: initialization completed in 928 ms
2025-06-28 09:28:36 INFO  org.hibernate.jpa.internal.util.LogHelper 31 logPersistenceUnitInformation - HHH000204: Processing PersistenceUnitInfo [name: default]
2025-06-28 09:28:36 INFO  org.hibernate.Version 44 logVersion - HHH000412: Hibernate ORM core version 6.4.4.Final
2025-06-28 09:28:36 INFO  org.hibernate.cache.internal.RegionFactoryInitiator 50 initiateService - HHH000026: Second-level cache disabled
2025-06-28 09:28:37 INFO  org.springframework.orm.jpa.persistenceunit.SpringPersistenceUnitInfo 87 addTransformer - No LoadTimeWeaver setup: ignoring JPA class transformer
2025-06-28 09:28:37 INFO  com.zaxxer.hikari.HikariDataSource 110 getConnection - HikariPool-1 - Starting...
2025-06-28 09:28:37 INFO  com.zaxxer.hikari.pool.HikariPool 565 checkFailFast - HikariPool-1 - Added connection org.sqlite.jdbc4.JDBC4Connection@bd4ee01
2025-06-28 09:28:37 INFO  com.zaxxer.hikari.HikariDataSource 123 getConnection - HikariPool-1 - Start completed.
2025-06-28 09:28:37 INFO  org.hibernate.engine.transaction.jta.platform.internal.JtaPlatformInitiator 58 initiateService - HHH000489: No JTA platform available (set 'hibernate.transaction.jta.platform' to enable JTA platform integration)
2025-06-28 09:28:37 INFO  org.springframework.orm.jpa.AbstractEntityManagerFactoryBean 437 buildNativeEntityManagerFactory - Initialized JPA EntityManagerFactory for persistence unit 'default'
2025-06-28 09:28:37 WARN  org.springframework.boot.autoconfigure.orm.jpa.JpaBaseConfiguration$JpaWebConfiguration 232 openEntityManagerInViewInterceptor - spring.jpa.open-in-view is enabled by default. Therefore, database queries may be performed during view rendering. Explicitly configure spring.jpa.open-in-view to disable this warning
2025-06-28 09:28:37 INFO  org.springframework.boot.web.embedded.tomcat.TomcatWebServer 241 start - Tomcat started on port 8080 (http) with context path ''
2025-06-28 09:28:37 INFO  org.springframework.boot.StartupInfoLogger 56 logStarted - Started StartRestServices in 2.621 seconds (process running for 3.341)
2025-06-28 09:28:40 INFO  org.springframework.orm.jpa.AbstractEntityManagerFactoryBean 650 destroy - Closing JPA EntityManagerFactory for persistence unit 'default'
2025-06-28 09:28:40 INFO  com.zaxxer.hikari.HikariDataSource 350 close - HikariPool-1 - Shutdown initiated...
2025-06-28 09:28:40 INFO  com.zaxxer.hikari.HikariDataSource 352 close - HikariPool-1 - Shutdown completed.
2025-06-28 09:28:53 INFO  server.StartServer 39 main - Server properties set. {server.port=55556, jdbc.url=jdbc:sqlite:/D:/GithubRepositories/CS-UBB-FMI-INFO/2nd Year/2nd Semester/MPP/sesiune/Sesiune/JocTriviaMPP.db}
2025-06-28 09:28:53 INFO  network.utils.ConcurrentServer 20 <init> - Concurrent Server created!
2025-06-28 09:28:53 INFO  network.utils.AbstractServer 27 start - Waiting for clients...
2025-06-28 09:29:30 INFO  StartClient 31 start - Client properties set {server.host=localhost, server.port=55556}
2025-06-28 09:29:30 INFO  StartClient 47 start - Using server IP: localhost
2025-06-28 09:29:30 INFO  StartClient 48 start - Using server port: 55556
2025-06-28 09:29:35 INFO  gui.LoginController 51 onLoginButtonClick - Alias: Emi
2025-06-28 09:33:46 INFO  rest.StartRestServices 15 main - [INFO] Acum pornim aplicatia din rest...
2025-06-28 09:33:46 INFO  org.hibernate.validator.internal.util.Version 21 <clinit> - HV000001: Hibernate Validator 8.0.1.Final
2025-06-28 09:33:46 INFO  org.springframework.boot.StartupInfoLogger 50 logStarting - Starting StartRestServices using Java 17.0.15 with PID 33572 (D:\GithubRepositories\CS-UBB-FMI-INFO\2nd Year\2nd Semester\MPP\sesiune\Sesiune\REST\build\classes\java\main started by emicu in D:\GithubRepositories\CS-UBB-FMI-INFO\2nd Year\2nd Semester\MPP\sesiune\Sesiune)
2025-06-28 09:33:46 INFO  org.springframework.boot.SpringApplication 654 logStartupProfileInfo - No active profile set, falling back to 1 default profile: "default"
2025-06-28 09:33:47 INFO  org.springframework.data.repository.config.RepositoryConfigurationDelegate 143 registerRepositoriesIn - Bootstrapping Spring Data JPA repositories in DEFAULT mode.
2025-06-28 09:33:47 INFO  org.springframework.data.repository.config.RepositoryConfigurationDelegate 211 registerRepositoriesIn - Finished Spring Data repository scanning in 8 ms. Found 0 JPA repository interfaces.
2025-06-28 09:33:47 INFO  org.springframework.boot.web.embedded.tomcat.TomcatWebServer 109 initialize - Tomcat initialized with port 8080 (http)
2025-06-28 09:33:47 INFO  org.springframework.boot.web.servlet.context.ServletWebServerApplicationContext 296 prepareWebApplicationContext - Root WebApplicationContext: initialization completed in 871 ms
2025-06-28 09:33:47 INFO  org.hibernate.jpa.internal.util.LogHelper 31 logPersistenceUnitInformation - HHH000204: Processing PersistenceUnitInfo [name: default]
2025-06-28 09:33:47 INFO  org.hibernate.Version 44 logVersion - HHH000412: Hibernate ORM core version 6.4.4.Final
2025-06-28 09:33:47 INFO  org.hibernate.cache.internal.RegionFactoryInitiator 50 initiateService - HHH000026: Second-level cache disabled
2025-06-28 09:33:47 INFO  org.springframework.orm.jpa.persistenceunit.SpringPersistenceUnitInfo 87 addTransformer - No LoadTimeWeaver setup: ignoring JPA class transformer
2025-06-28 09:33:47 INFO  com.zaxxer.hikari.HikariDataSource 110 getConnection - HikariPool-1 - Starting...
2025-06-28 09:33:48 INFO  com.zaxxer.hikari.pool.HikariPool 565 checkFailFast - HikariPool-1 - Added connection org.sqlite.jdbc4.JDBC4Connection@bd4ee01
2025-06-28 09:33:48 INFO  com.zaxxer.hikari.HikariDataSource 123 getConnection - HikariPool-1 - Start completed.
2025-06-28 09:33:48 INFO  org.hibernate.engine.transaction.jta.platform.internal.JtaPlatformInitiator 58 initiateService - HHH000489: No JTA platform available (set 'hibernate.transaction.jta.platform' to enable JTA platform integration)
2025-06-28 09:33:48 INFO  org.springframework.orm.jpa.AbstractEntityManagerFactoryBean 437 buildNativeEntityManagerFactory - Initialized JPA EntityManagerFactory for persistence unit 'default'
2025-06-28 09:33:48 WARN  org.springframework.boot.autoconfigure.orm.jpa.JpaBaseConfiguration$JpaWebConfiguration 232 openEntityManagerInViewInterceptor - spring.jpa.open-in-view is enabled by default. Therefore, database queries may be performed during view rendering. Explicitly configure spring.jpa.open-in-view to disable this warning
2025-06-28 09:33:48 INFO  org.springframework.boot.web.embedded.tomcat.TomcatWebServer 241 start - Tomcat started on port 8080 (http) with context path ''
2025-06-28 09:33:48 INFO  org.springframework.boot.StartupInfoLogger 56 logStarted - Started StartRestServices in 2.387 seconds (process running for 3.018)
2025-06-28 09:35:16 INFO  org.springframework.web.servlet.FrameworkServlet 532 initServletBean - Initializing Servlet 'dispatcherServlet'
2025-06-28 09:35:16 INFO  org.springframework.web.servlet.FrameworkServlet 554 initServletBean - Completed initialization in 0 ms
2025-06-28 09:35:16 INFO  persistence.repository.RepoIntrebariHibernate 53 findOne - Finding Intrebare with id: 1
2025-06-28 09:35:16 INFO  org.hibernate.cache.internal.RegionFactoryInitiator 50 initiateService - HHH000026: Second-level cache disabled
2025-06-28 09:35:16 WARN  org.hibernate.engine.jdbc.connections.internal.DriverManagerConnectionProviderImpl 81 configure - HHH10001002: Using built-in connection pool (not intended for production use)
2025-06-28 09:35:16 INFO  org.hibernate.engine.jdbc.connections.internal.DriverManagerConnectionProviderImpl 136 buildCreator - HHH10001005: Loaded JDBC driver class: org.sqlite.JDBC
2025-06-28 09:35:16 INFO  org.hibernate.engine.jdbc.connections.internal.DriverManagerConnectionProviderImpl 158 buildCreator - HHH10001012: Connecting with JDBC URL [jdbc:sqlite:/D:/GithubRepositories/CS-UBB-FMI-INFO/2nd Year/2nd Semester/MPP/sesiune/Sesiune/JocTriviaMPP.db]
2025-06-28 09:35:16 INFO  org.hibernate.engine.jdbc.connections.internal.DriverManagerConnectionProviderImpl 167 buildCreator - HHH10001001: Connection properties: {}
2025-06-28 09:35:16 INFO  org.hibernate.engine.jdbc.connections.internal.DriverManagerConnectionProviderImpl 171 buildCreator - HHH10001003: Autocommit mode: false
2025-06-28 09:35:16 INFO  org.hibernate.engine.jdbc.connections.internal.DriverManagerConnectionProviderImpl$PooledConnections 371 <init> - HHH10001115: Connection pool size: 20 (min=1)
2025-06-28 09:35:17 INFO  org.hibernate.engine.transaction.jta.platform.internal.JtaPlatformInitiator 58 initiateService - HHH000489: No JTA platform available (set 'hibernate.transaction.jta.platform' to enable JTA platform integration)
2025-06-28 09:35:17 INFO  org.hibernate.resource.transaction.backend.jdbc.internal.DdlTransactionIsolatorNonJtaImpl 52 getIsolatedConnection - HHH10001501: Connection obtained from JdbcConnectionAccess [org.hibernate.engine.jdbc.env.internal.JdbcEnvironmentInitiator$ConnectionProviderJdbcConnectionAccess@60bb5049] for (non-JTA) DDL execution was not in auto-commit mode; the Connection 'local transaction' will be committed and the Connection will be set into auto-commit mode.
2025-06-28 09:35:17 INFO  persistence.repository.RepoIntrebariHibernate 76 update - Updating Intrebare: Intrebare{id=1, text='Cat face 2 + 2?', raspunsCorect='Londra', nivel=1}
2025-06-28 09:35:17 INFO  persistence.repository.RepoIntrebariHibernate 81 update - Intrebare updated successfully: Intrebare{id=1, text='Cat face 2 + 2?', raspunsCorect='Londra', nivel=1}
2025-06-28 09:35:24 INFO  org.springframework.orm.jpa.AbstractEntityManagerFactoryBean 650 destroy - Closing JPA EntityManagerFactory for persistence unit 'default'
2025-06-28 09:35:24 INFO  com.zaxxer.hikari.HikariDataSource 350 close - HikariPool-1 - Shutdown initiated...
2025-06-28 09:35:24 INFO  com.zaxxer.hikari.HikariDataSource 352 close - HikariPool-1 - Shutdown completed.
2025-06-28 09:47:43 INFO  server.StartServer 43 main - Server properties set. {server.port=55556, jdbc.url=jdbc:sqlite:/D:/GithubRepositories/CS-UBB-FMI-INFO/2nd Year/2nd Semester/MPP/sesiune/Sesiune/JocTriviaMPP.db}
2025-06-28 09:47:43 INFO  network.utils.ConcurrentServer 20 <init> - Concurrent Server created!
2025-06-28 09:47:43 INFO  network.utils.AbstractServer 27 start - Waiting for clients...
2025-06-28 09:47:59 INFO  StartClient 31 start - Client properties set {server.host=localhost, server.port=55556}
2025-06-28 09:47:59 INFO  StartClient 47 start - Using server IP: localhost
2025-06-28 09:47:59 INFO  StartClient 48 start - Using server port: 55556
2025-06-28 09:48:05 INFO  gui.LoginController 52 onLoginButtonClick - Alias: Emi
2025-06-28 09:48:05 INFO  network.utils.AbstractServer 29 start - Client connected...
2025-06-28 09:48:05 INFO  network.utils.AbstractServer 27 start - Waiting for clients...
2025-06-28 09:48:05 ERROR network.object_protocol.ClientWorker 55 run - java.io.WriteAbortedException: writing aborted; java.io.NotSerializableException: domain.Jucator
2025-06-28 09:48:05 ERROR network.object_protocol.ClientWorker 56 run - [Ljava.lang.StackTraceElement;@119ace40
2025-06-28 09:49:50 ERROR network.object_protocol.ClientWorker 55 run - java.net.SocketException: Connection reset
2025-06-28 09:49:50 ERROR network.object_protocol.ClientWorker 56 run - [Ljava.lang.StackTraceElement;@5acd49de
2025-06-28 09:49:51 ERROR network.object_protocol.ClientWorker 55 run - java.net.SocketException: Connection reset
2025-06-28 09:49:51 ERROR network.object_protocol.ClientWorker 56 run - [Ljava.lang.StackTraceElement;@1de27409
2025-06-28 09:49:57 INFO  server.StartServer 43 main - Server properties set. {server.port=55556, jdbc.url=jdbc:sqlite:/D:/GithubRepositories/CS-UBB-FMI-INFO/2nd Year/2nd Semester/MPP/sesiune/Sesiune/JocTriviaMPP.db}
2025-06-28 09:49:57 INFO  network.utils.ConcurrentServer 20 <init> - Concurrent Server created!
2025-06-28 09:49:57 INFO  network.utils.AbstractServer 27 start - Waiting for clients...
2025-06-28 09:50:04 INFO  StartClient 31 start - Client properties set {server.host=localhost, server.port=55556}
2025-06-28 09:50:04 INFO  StartClient 47 start - Using server IP: localhost
2025-06-28 09:50:04 INFO  StartClient 48 start - Using server port: 55556
2025-06-28 09:50:07 INFO  gui.LoginController 52 onLoginButtonClick - Alias: Emi
2025-06-28 09:50:07 INFO  network.utils.AbstractServer 29 start - Client connected...
2025-06-28 09:50:07 INFO  network.utils.AbstractServer 27 start - Waiting for clients...
2025-06-28 09:50:07 INFO  persistence.repository.RepoJucatoriHibernate 93 findByNume - Finding Jucator by nume with Hibernate: Emi
2025-06-28 09:50:07 INFO  org.hibernate.Version 44 logVersion - HHH000412: Hibernate ORM core version 6.1.7.Final
2025-06-28 09:50:08 WARN  org.hibernate.engine.jdbc.connections.internal.DriverManagerConnectionProviderImpl 80 configure - HHH10001002: Using built-in connection pool (not intended for production use)
2025-06-28 09:50:08 INFO  org.hibernate.engine.jdbc.connections.internal.DriverManagerConnectionProviderImpl 139 buildCreator - HHH10001005: Loaded JDBC driver class: org.sqlite.JDBC
2025-06-28 09:50:08 INFO  org.hibernate.engine.jdbc.connections.internal.DriverManagerConnectionProviderImpl 161 buildCreator - HHH10001012: Connecting with JDBC URL [jdbc:sqlite:/D:/GithubRepositories/CS-UBB-FMI-INFO/2nd Year/2nd Semester/MPP/sesiune/Sesiune/JocTriviaMPP.db]
2025-06-28 09:50:08 INFO  org.hibernate.engine.jdbc.connections.internal.DriverManagerConnectionProviderImpl 170 buildCreator - HHH10001001: Connection properties: {}
2025-06-28 09:50:08 INFO  org.hibernate.engine.jdbc.connections.internal.DriverManagerConnectionProviderImpl 174 buildCreator - HHH10001003: Autocommit mode: false
2025-06-28 09:50:08 INFO  org.hibernate.engine.jdbc.connections.internal.DriverManagerConnectionProviderImpl$PooledConnections 366 <init> - HHH10001115: Connection pool size: 20 (min=1)
2025-06-28 09:50:08 INFO  org.hibernate.engine.jdbc.dialect.internal.DialectFactoryImpl 66 logSelectedDialect - HHH000400: Using dialect: org.hibernate.community.dialect.SQLiteDialect
2025-06-28 09:50:08 INFO  org.hibernate.validator.internal.util.Version 21 <clinit> - HV000001: Hibernate Validator 8.0.0.Final
2025-06-28 09:50:09 INFO  org.hibernate.resource.transaction.backend.jdbc.internal.DdlTransactionIsolatorNonJtaImpl 45 getIsolatedConnection - HHH10001501: Connection obtained from JdbcConnectionAccess [org.hibernate.engine.jdbc.env.internal.JdbcEnvironmentInitiator$ConnectionProviderJdbcConnectionAccess@63829917] for (non-JTA) DDL execution was not in auto-commit mode; the Connection 'local transaction' will be committed and the Connection will be set into auto-commit mode.
2025-06-28 09:50:09 INFO  org.hibernate.engine.transaction.jta.platform.internal.JtaPlatformInitiator 51 initiateService - HHH000490: Using JtaPlatform implementation: [org.hibernate.engine.transaction.jta.platform.internal.NoJtaPlatform]
2025-06-28 09:50:09 INFO  persistence.repository.RepoJucatoriHibernate 100 findByNume - Found Jucator with nume Emi: Entity{id=1}
2025-06-28 09:50:09 INFO  server.ServiceImpl 47 logIn - Jucator logged in: Emi
2025-06-28 09:50:31 INFO  server.ServiceImpl 62 getJocuriByJucator - Getting games for jucator: Emi
2025-06-28 09:50:31 INFO  persistence.repository.RepoJocuriHibernate 90 findByJucator - Finding Jocuri by Jucator: Entity{id=1}
2025-06-28 09:50:31 INFO  server.ServiceImpl 64 getJocuriByJucator - Found 1 games for jucator
2025-06-28 09:50:31 ERROR network.object_protocol.ClientWorker 55 run - java.io.NotSerializableException: domain.Joc
2025-06-28 09:50:31 ERROR network.object_protocol.ServicesProxy$ReaderThread 123 run - Reading error java.io.WriteAbortedException: writing aborted; java.io.NotSerializableException: domain.Joc
2025-06-28 09:50:31 ERROR network.object_protocol.ClientWorker 56 run - [Ljava.lang.StackTraceElement;@454cc507
2025-06-28 09:50:36 ERROR network.object_protocol.ClientWorker 55 run - java.net.SocketException: Connection reset
2025-06-28 09:50:36 ERROR network.object_protocol.ClientWorker 56 run - [Ljava.lang.StackTraceElement;@46a1d31c
2025-06-28 09:50:42 INFO  rest.StartRestServices 15 main - [INFO] Acum pornim aplicatia din rest...
2025-06-28 09:50:42 INFO  org.hibernate.validator.internal.util.Version 21 <clinit> - HV000001: Hibernate Validator 8.0.1.Final
2025-06-28 09:50:42 INFO  org.springframework.boot.StartupInfoLogger 50 logStarting - Starting StartRestServices using Java 17.0.15 with PID 36908 (D:\GithubRepositories\CS-UBB-FMI-INFO\2nd Year\2nd Semester\MPP\sesiune\Sesiune\REST\build\classes\java\main started by emicu in D:\GithubRepositories\CS-UBB-FMI-INFO\2nd Year\2nd Semester\MPP\sesiune\Sesiune)
2025-06-28 09:50:42 INFO  org.springframework.boot.SpringApplication 654 logStartupProfileInfo - No active profile set, falling back to 1 default profile: "default"
2025-06-28 09:50:42 INFO  org.springframework.data.repository.config.RepositoryConfigurationDelegate 143 registerRepositoriesIn - Bootstrapping Spring Data JPA repositories in DEFAULT mode.
2025-06-28 09:50:42 INFO  org.springframework.data.repository.config.RepositoryConfigurationDelegate 211 registerRepositoriesIn - Finished Spring Data repository scanning in 8 ms. Found 0 JPA repository interfaces.
2025-06-28 09:50:43 INFO  org.springframework.boot.web.embedded.tomcat.TomcatWebServer 109 initialize - Tomcat initialized with port 8080 (http)
2025-06-28 09:50:43 INFO  org.springframework.boot.web.servlet.context.ServletWebServerApplicationContext 296 prepareWebApplicationContext - Root WebApplicationContext: initialization completed in 903 ms
2025-06-28 09:50:43 INFO  org.hibernate.jpa.internal.util.LogHelper 31 logPersistenceUnitInformation - HHH000204: Processing PersistenceUnitInfo [name: default]
2025-06-28 09:50:43 INFO  org.hibernate.Version 44 logVersion - HHH000412: Hibernate ORM core version 6.4.4.Final
2025-06-28 09:50:43 INFO  org.hibernate.cache.internal.RegionFactoryInitiator 50 initiateService - HHH000026: Second-level cache disabled
2025-06-28 09:50:43 INFO  org.springframework.orm.jpa.persistenceunit.SpringPersistenceUnitInfo 87 addTransformer - No LoadTimeWeaver setup: ignoring JPA class transformer
2025-06-28 09:50:43 INFO  com.zaxxer.hikari.HikariDataSource 110 getConnection - HikariPool-1 - Starting...
2025-06-28 09:50:44 INFO  com.zaxxer.hikari.pool.HikariPool 565 checkFailFast - HikariPool-1 - Added connection org.sqlite.jdbc4.JDBC4Connection@598657cd
2025-06-28 09:50:44 INFO  com.zaxxer.hikari.HikariDataSource 123 getConnection - HikariPool-1 - Start completed.
2025-06-28 09:50:44 INFO  org.hibernate.engine.transaction.jta.platform.internal.JtaPlatformInitiator 58 initiateService - HHH000489: No JTA platform available (set 'hibernate.transaction.jta.platform' to enable JTA platform integration)
2025-06-28 09:50:44 INFO  org.springframework.orm.jpa.AbstractEntityManagerFactoryBean 437 buildNativeEntityManagerFactory - Initialized JPA EntityManagerFactory for persistence unit 'default'
2025-06-28 09:50:44 WARN  org.springframework.boot.autoconfigure.orm.jpa.JpaBaseConfiguration$JpaWebConfiguration 232 openEntityManagerInViewInterceptor - spring.jpa.open-in-view is enabled by default. Therefore, database queries may be performed during view rendering. Explicitly configure spring.jpa.open-in-view to disable this warning
2025-06-28 09:50:44 INFO  org.springframework.boot.web.embedded.tomcat.TomcatWebServer 241 start - Tomcat started on port 8080 (http) with context path ''
2025-06-28 09:50:44 INFO  org.springframework.boot.StartupInfoLogger 56 logStarted - Started StartRestServices in 2.465 seconds (process running for 3.362)
2025-06-28 09:50:49 INFO  org.springframework.web.servlet.FrameworkServlet 532 initServletBean - Initializing Servlet 'dispatcherServlet'
2025-06-28 09:50:49 INFO  org.springframework.web.servlet.FrameworkServlet 554 initServletBean - Completed initialization in 1 ms
2025-06-28 09:50:49 INFO  persistence.repository.RepoJucatoriHibernate 53 findOne - Finding Jucator with Hibernate: 1
2025-06-28 09:50:49 INFO  org.hibernate.cache.internal.RegionFactoryInitiator 50 initiateService - HHH000026: Second-level cache disabled
2025-06-28 09:50:49 WARN  org.hibernate.engine.jdbc.connections.internal.DriverManagerConnectionProviderImpl 81 configure - HHH10001002: Using built-in connection pool (not intended for production use)
2025-06-28 09:50:49 INFO  org.hibernate.engine.jdbc.connections.internal.DriverManagerConnectionProviderImpl 136 buildCreator - HHH10001005: Loaded JDBC driver class: org.sqlite.JDBC
2025-06-28 09:50:49 INFO  org.hibernate.engine.jdbc.connections.internal.DriverManagerConnectionProviderImpl 158 buildCreator - HHH10001012: Connecting with JDBC URL [jdbc:sqlite:/D:/GithubRepositories/CS-UBB-FMI-INFO/2nd Year/2nd Semester/MPP/sesiune/Sesiune/JocTriviaMPP.db]
2025-06-28 09:50:49 INFO  org.hibernate.engine.jdbc.connections.internal.DriverManagerConnectionProviderImpl 167 buildCreator - HHH10001001: Connection properties: {}
2025-06-28 09:50:49 INFO  org.hibernate.engine.jdbc.connections.internal.DriverManagerConnectionProviderImpl 171 buildCreator - HHH10001003: Autocommit mode: false
2025-06-28 09:50:49 INFO  org.hibernate.engine.jdbc.connections.internal.DriverManagerConnectionProviderImpl$PooledConnections 371 <init> - HHH10001115: Connection pool size: 20 (min=1)
2025-06-28 09:50:49 INFO  org.hibernate.engine.transaction.jta.platform.internal.JtaPlatformInitiator 58 initiateService - HHH000489: No JTA platform available (set 'hibernate.transaction.jta.platform' to enable JTA platform integration)
2025-06-28 09:50:50 INFO  org.hibernate.resource.transaction.backend.jdbc.internal.DdlTransactionIsolatorNonJtaImpl 52 getIsolatedConnection - HHH10001501: Connection obtained from JdbcConnectionAccess [org.hibernate.engine.jdbc.env.internal.JdbcEnvironmentInitiator$ConnectionProviderJdbcConnectionAccess@50366535] for (non-JTA) DDL execution was not in auto-commit mode; the Connection 'local transaction' will be committed and the Connection will be set into auto-commit mode.
2025-06-28 09:50:50 INFO  persistence.repository.RepoJocuriHibernate 54 findOne - Finding Joc with id: 2
2025-06-28 09:50:50 INFO  persistence.repository.RepoRaspunsuriHibernate 91 findByJoc - Finding RaspunsJucator by Joc: Joc{id=2, jucator=Entity{id=1}, dataInceput=2023-06-15T10:00, dataSfarsit=2023-06-15T10:30, punctajTotal=74, finalizatCuSucces=true, nivelCurent=3, intrebariCorecteNivel=2}
2025-06-28 09:52:42 INFO  persistence.repository.RepoJucatoriHibernate 53 findOne - Finding Jucator with Hibernate: 1
2025-06-28 09:52:42 INFO  persistence.repository.RepoJocuriHibernate 54 findOne - Finding Joc with id: 3
2025-06-28 09:52:47 INFO  persistence.repository.RepoJucatoriHibernate 53 findOne - Finding Jucator with Hibernate: 1
2025-06-28 09:52:47 INFO  persistence.repository.RepoJocuriHibernate 54 findOne - Finding Joc with id: 2
2025-06-28 09:52:47 INFO  persistence.repository.RepoRaspunsuriHibernate 91 findByJoc - Finding RaspunsJucator by Joc: Joc{id=2, jucator=Entity{id=1}, dataInceput=2023-06-15T10:00, dataSfarsit=2023-06-15T10:30, punctajTotal=74, finalizatCuSucces=true, nivelCurent=3, intrebariCorecteNivel=2}
2025-06-28 09:55:24 INFO  org.springframework.orm.jpa.AbstractEntityManagerFactoryBean 650 destroy - Closing JPA EntityManagerFactory for persistence unit 'default'
2025-06-28 09:55:24 INFO  com.zaxxer.hikari.HikariDataSource 350 close - HikariPool-1 - Shutdown initiated...
2025-06-28 09:55:24 INFO  com.zaxxer.hikari.HikariDataSource 352 close - HikariPool-1 - Shutdown completed.
2025-06-28 09:59:25 INFO  server.StartServer 43 main - Server properties set. {server.port=55556, jdbc.url=jdbc:sqlite:/D:/GithubRepositories/CS-UBB-FMI-INFO/2nd Year/2nd Semester/MPP/sesiune/Sesiune/JocTriviaMPP.db}
2025-06-28 09:59:25 INFO  network.utils.ConcurrentServer 20 <init> - Concurrent Server created!
2025-06-28 09:59:25 INFO  network.utils.AbstractServer 27 start - Waiting for clients...
2025-06-28 09:59:41 INFO  StartClient 31 start - Client properties set {server.host=localhost, server.port=55556}
2025-06-28 09:59:41 INFO  StartClient 47 start - Using server IP: localhost
2025-06-28 09:59:41 INFO  StartClient 48 start - Using server port: 55556
2025-06-28 09:59:46 INFO  gui.LoginController 52 onLoginButtonClick - Alias: Emi
2025-06-28 09:59:46 INFO  network.utils.AbstractServer 29 start - Client connected...
2025-06-28 09:59:46 INFO  network.utils.AbstractServer 27 start - Waiting for clients...
2025-06-28 09:59:46 INFO  persistence.repository.RepoJucatoriHibernate 93 findByNume - Finding Jucator by nume with Hibernate: Emi
2025-06-28 09:59:46 INFO  org.hibernate.Version 44 logVersion - HHH000412: Hibernate ORM core version 6.1.7.Final
2025-06-28 09:59:46 WARN  org.hibernate.engine.jdbc.connections.internal.DriverManagerConnectionProviderImpl 80 configure - HHH10001002: Using built-in connection pool (not intended for production use)
2025-06-28 09:59:46 INFO  org.hibernate.engine.jdbc.connections.internal.DriverManagerConnectionProviderImpl 139 buildCreator - HHH10001005: Loaded JDBC driver class: org.sqlite.JDBC
2025-06-28 09:59:46 INFO  org.hibernate.engine.jdbc.connections.internal.DriverManagerConnectionProviderImpl 161 buildCreator - HHH10001012: Connecting with JDBC URL [jdbc:sqlite:/D:/GithubRepositories/CS-UBB-FMI-INFO/2nd Year/2nd Semester/MPP/sesiune/Sesiune/JocTriviaMPP.db]
2025-06-28 09:59:46 INFO  org.hibernate.engine.jdbc.connections.internal.DriverManagerConnectionProviderImpl 170 buildCreator - HHH10001001: Connection properties: {}
2025-06-28 09:59:46 INFO  org.hibernate.engine.jdbc.connections.internal.DriverManagerConnectionProviderImpl 174 buildCreator - HHH10001003: Autocommit mode: false
2025-06-28 09:59:46 INFO  org.hibernate.engine.jdbc.connections.internal.DriverManagerConnectionProviderImpl$PooledConnections 366 <init> - HHH10001115: Connection pool size: 20 (min=1)
2025-06-28 09:59:46 INFO  org.hibernate.engine.jdbc.dialect.internal.DialectFactoryImpl 66 logSelectedDialect - HHH000400: Using dialect: org.hibernate.community.dialect.SQLiteDialect
2025-06-28 09:59:47 INFO  org.hibernate.validator.internal.util.Version 21 <clinit> - HV000001: Hibernate Validator 8.0.0.Final
2025-06-28 09:59:47 INFO  org.hibernate.resource.transaction.backend.jdbc.internal.DdlTransactionIsolatorNonJtaImpl 45 getIsolatedConnection - HHH10001501: Connection obtained from JdbcConnectionAccess [org.hibernate.engine.jdbc.env.internal.JdbcEnvironmentInitiator$ConnectionProviderJdbcConnectionAccess@63829917] for (non-JTA) DDL execution was not in auto-commit mode; the Connection 'local transaction' will be committed and the Connection will be set into auto-commit mode.
2025-06-28 09:59:47 INFO  org.hibernate.engine.transaction.jta.platform.internal.JtaPlatformInitiator 51 initiateService - HHH000490: Using JtaPlatform implementation: [org.hibernate.engine.transaction.jta.platform.internal.NoJtaPlatform]
2025-06-28 09:59:48 INFO  persistence.repository.RepoJucatoriHibernate 100 findByNume - Found Jucator with nume Emi: Entity{id=1}
2025-06-28 09:59:48 INFO  server.ServiceImpl 47 logIn - Jucator logged in: Emi
2025-06-28 10:02:16 ERROR network.object_protocol.ClientWorker 55 run - java.net.SocketException: Connection reset
2025-06-28 10:02:16 ERROR network.object_protocol.ClientWorker 56 run - [Ljava.lang.StackTraceElement;@2ae6ee48
2025-06-28 10:02:17 ERROR network.object_protocol.ClientWorker 55 run - java.net.SocketException: Connection reset
2025-06-28 10:02:17 ERROR network.object_protocol.ClientWorker 56 run - [Ljava.lang.StackTraceElement;@ddf7fc0
2025-06-28 10:02:18 ERROR network.object_protocol.ClientWorker 55 run - java.net.SocketException: Connection reset
2025-06-28 10:02:18 ERROR network.object_protocol.ClientWorker 56 run - [Ljava.lang.StackTraceElement;@645716aa
2025-06-28 10:02:19 ERROR network.object_protocol.ClientWorker 55 run - java.net.SocketException: Connection reset
2025-06-28 10:02:19 ERROR network.object_protocol.ClientWorker 56 run - [Ljava.lang.StackTraceElement;@4f7e1ff9
2025-06-28 10:02:20 ERROR network.object_protocol.ClientWorker 55 run - java.net.SocketException: Connection reset
2025-06-28 10:02:20 ERROR network.object_protocol.ClientWorker 56 run - [Ljava.lang.StackTraceElement;@52f73cf0
2025-06-28 10:02:20 INFO  StartClient 31 start - Client properties set {server.host=localhost, server.port=55556}
2025-06-28 10:02:20 INFO  StartClient 47 start - Using server IP: localhost
2025-06-28 10:02:20 INFO  StartClient 48 start - Using server port: 55556
2025-06-28 10:02:21 ERROR network.object_protocol.ClientWorker 55 run - java.net.SocketException: Connection reset
2025-06-28 10:02:21 ERROR network.object_protocol.ClientWorker 56 run - [Ljava.lang.StackTraceElement;@24207811
2025-06-28 10:02:22 ERROR network.object_protocol.ClientWorker 55 run - java.net.SocketException: Connection reset
2025-06-28 10:02:22 ERROR network.object_protocol.ClientWorker 56 run - [Ljava.lang.StackTraceElement;@789ed879
2025-06-28 10:02:23 ERROR network.object_protocol.ClientWorker 55 run - java.net.SocketException: Connection reset
2025-06-28 10:02:23 ERROR network.object_protocol.ClientWorker 56 run - [Ljava.lang.StackTraceElement;@47208144
2025-06-28 10:02:23 INFO  gui.LoginController 52 onLoginButtonClick - Alias: Emi
2025-06-28 10:02:23 INFO  network.utils.AbstractServer 29 start - Client connected...
2025-06-28 10:02:23 INFO  network.utils.AbstractServer 27 start - Waiting for clients...
2025-06-28 10:02:23 INFO  persistence.repository.RepoJucatoriHibernate 93 findByNume - Finding Jucator by nume with Hibernate: Emi
2025-06-28 10:02:23 INFO  persistence.repository.RepoJucatoriHibernate 100 findByNume - Found Jucator with nume Emi: Entity{id=1}
2025-06-28 10:02:23 ERROR network.object_protocol.ServicesProxy$ReaderThread 123 run - Reading error java.net.SocketException: Socket closed
2025-06-28 10:02:24 ERROR network.object_protocol.ClientWorker 55 run - java.net.SocketException: Connection reset
2025-06-28 10:02:24 ERROR network.object_protocol.ClientWorker 56 run - [Ljava.lang.StackTraceElement;@2c5b25ec
2025-06-28 10:02:25 ERROR network.object_protocol.ClientWorker 55 run - java.net.SocketException: Connection reset
2025-06-28 10:02:25 ERROR network.object_protocol.ClientWorker 56 run - [Ljava.lang.StackTraceElement;@b9c3086
2025-06-28 10:02:26 ERROR network.object_protocol.ClientWorker 55 run - java.net.SocketException: Connection reset
2025-06-28 10:02:26 ERROR network.object_protocol.ClientWorker 56 run - [Ljava.lang.StackTraceElement;@54f7c9c
2025-06-28 10:02:27 ERROR network.object_protocol.ClientWorker 55 run - java.net.SocketException: Connection reset
2025-06-28 10:02:27 ERROR network.object_protocol.ClientWorker 56 run - [Ljava.lang.StackTraceElement;@4626e7d0
2025-06-28 10:02:28 ERROR network.object_protocol.ClientWorker 55 run - java.net.SocketException: Connection reset
2025-06-28 10:02:28 ERROR network.object_protocol.ClientWorker 56 run - [Ljava.lang.StackTraceElement;@33a7cebd
2025-06-28 10:02:29 ERROR network.object_protocol.ClientWorker 55 run - java.net.SocketException: Connection reset
2025-06-28 10:02:29 ERROR network.object_protocol.ClientWorker 56 run - [Ljava.lang.StackTraceElement;@5955d04f
2025-06-28 10:02:30 ERROR network.object_protocol.ClientWorker 55 run - java.net.SocketException: Connection reset
2025-06-28 10:02:30 ERROR network.object_protocol.ClientWorker 56 run - [Ljava.lang.StackTraceElement;@2700fc65
2025-06-28 10:02:31 ERROR network.object_protocol.ClientWorker 55 run - java.net.SocketException: Connection reset
2025-06-28 10:02:31 ERROR network.object_protocol.ClientWorker 56 run - [Ljava.lang.StackTraceElement;@56e98732
2025-06-28 10:02:32 ERROR network.object_protocol.ClientWorker 55 run - java.net.SocketException: Connection reset
2025-06-28 10:02:32 ERROR network.object_protocol.ClientWorker 56 run - [Ljava.lang.StackTraceElement;@5b366974
2025-06-28 10:02:33 ERROR network.object_protocol.ClientWorker 55 run - java.net.SocketException: Connection reset
2025-06-28 10:02:33 ERROR network.object_protocol.ClientWorker 56 run - [Ljava.lang.StackTraceElement;@2c960df5
2025-06-28 10:02:34 ERROR network.object_protocol.ClientWorker 55 run - java.net.SocketException: Connection reset
2025-06-28 10:02:34 ERROR network.object_protocol.ClientWorker 56 run - [Ljava.lang.StackTraceElement;@c552fd6
2025-06-28 10:02:35 ERROR network.object_protocol.ClientWorker 55 run - java.net.SocketException: Connection reset
2025-06-28 10:02:35 ERROR network.object_protocol.ClientWorker 56 run - [Ljava.lang.StackTraceElement;@161ff979
2025-06-28 10:02:36 ERROR network.object_protocol.ClientWorker 55 run - java.net.SocketException: Connection reset
2025-06-28 10:02:36 ERROR network.object_protocol.ClientWorker 56 run - [Ljava.lang.StackTraceElement;@7e0a4f07
2025-06-28 10:02:37 ERROR network.object_protocol.ClientWorker 55 run - java.net.SocketException: Connection reset
2025-06-28 10:02:37 ERROR network.object_protocol.ClientWorker 56 run - [Ljava.lang.StackTraceElement;@62ef1c96
2025-06-28 10:02:38 ERROR network.object_protocol.ClientWorker 55 run - java.net.SocketException: Connection reset
2025-06-28 10:02:38 ERROR network.object_protocol.ClientWorker 56 run - [Ljava.lang.StackTraceElement;@47e1a482
2025-06-28 10:02:39 ERROR network.object_protocol.ClientWorker 55 run - java.net.SocketException: Connection reset
2025-06-28 10:02:39 ERROR network.object_protocol.ClientWorker 56 run - [Ljava.lang.StackTraceElement;@2edc4936
2025-06-28 10:02:40 ERROR network.object_protocol.ClientWorker 55 run - java.net.SocketException: Connection reset
2025-06-28 10:02:40 ERROR network.object_protocol.ClientWorker 56 run - [Ljava.lang.StackTraceElement;@282599d
2025-06-28 10:02:41 ERROR network.object_protocol.ClientWorker 55 run - java.net.SocketException: Connection reset
2025-06-28 10:02:41 ERROR network.object_protocol.ClientWorker 56 run - [Ljava.lang.StackTraceElement;@1893eef7
2025-06-28 10:02:42 ERROR network.object_protocol.ClientWorker 55 run - java.net.SocketException: Connection reset
2025-06-28 10:02:42 ERROR network.object_protocol.ClientWorker 56 run - [Ljava.lang.StackTraceElement;@521c8cd3
2025-06-28 10:02:43 ERROR network.object_protocol.ClientWorker 55 run - java.net.SocketException: Connection reset
2025-06-28 10:02:43 ERROR network.object_protocol.ClientWorker 56 run - [Ljava.lang.StackTraceElement;@1ec5fa5f
2025-06-28 10:02:44 ERROR network.object_protocol.ClientWorker 55 run - java.net.SocketException: Connection reset
2025-06-28 10:02:44 ERROR network.object_protocol.ClientWorker 56 run - [Ljava.lang.StackTraceElement;@e1b16ab
2025-06-28 10:02:45 ERROR network.object_protocol.ClientWorker 55 run - java.net.SocketException: Connection reset
2025-06-28 10:02:45 ERROR network.object_protocol.ClientWorker 56 run - [Ljava.lang.StackTraceElement;@9f8a5c9
2025-06-28 10:02:46 ERROR network.object_protocol.ClientWorker 55 run - java.net.SocketException: Connection reset
2025-06-28 10:02:46 ERROR network.object_protocol.ClientWorker 56 run - [Ljava.lang.StackTraceElement;@3fb4ca31
2025-06-28 10:02:47 ERROR network.object_protocol.ClientWorker 55 run - java.net.SocketException: Connection reset
2025-06-28 10:02:47 ERROR network.object_protocol.ClientWorker 56 run - [Ljava.lang.StackTraceElement;@e12d89a
2025-06-28 10:02:48 ERROR network.object_protocol.ClientWorker 55 run - java.net.SocketException: Connection reset
2025-06-28 10:02:48 ERROR network.object_protocol.ClientWorker 56 run - [Ljava.lang.StackTraceElement;@586a29bd
2025-06-28 10:02:49 ERROR network.object_protocol.ClientWorker 55 run - java.net.SocketException: Connection reset
2025-06-28 10:02:49 ERROR network.object_protocol.ClientWorker 56 run - [Ljava.lang.StackTraceElement;@14701994
2025-06-28 10:02:50 ERROR network.object_protocol.ClientWorker 55 run - java.net.SocketException: Connection reset
2025-06-28 10:02:50 ERROR network.object_protocol.ClientWorker 56 run - [Ljava.lang.StackTraceElement;@d0cac69
2025-06-28 10:02:51 ERROR network.object_protocol.ClientWorker 55 run - java.net.SocketException: Connection reset
2025-06-28 10:02:51 ERROR network.object_protocol.ClientWorker 56 run - [Ljava.lang.StackTraceElement;@15c2735a
2025-06-28 10:02:52 ERROR network.object_protocol.ClientWorker 55 run - java.net.SocketException: Connection reset
2025-06-28 10:02:52 ERROR network.object_protocol.ClientWorker 56 run - [Ljava.lang.StackTraceElement;@1cec979e
2025-06-28 10:02:53 ERROR network.object_protocol.ClientWorker 55 run - java.net.SocketException: Connection reset
2025-06-28 10:02:53 ERROR network.object_protocol.ClientWorker 56 run - [Ljava.lang.StackTraceElement;@844912e
2025-06-28 10:02:54 ERROR network.object_protocol.ClientWorker 55 run - java.net.SocketException: Connection reset
2025-06-28 10:02:54 ERROR network.object_protocol.ClientWorker 56 run - [Ljava.lang.StackTraceElement;@60431bab
2025-06-28 10:02:55 ERROR network.object_protocol.ClientWorker 55 run - java.net.SocketException: Connection reset
2025-06-28 10:02:55 ERROR network.object_protocol.ClientWorker 56 run - [Ljava.lang.StackTraceElement;@661dec5a
2025-06-28 10:02:56 ERROR network.object_protocol.ClientWorker 55 run - java.net.SocketException: Connection reset
2025-06-28 10:02:56 ERROR network.object_protocol.ClientWorker 56 run - [Ljava.lang.StackTraceElement;@1e35d760
2025-06-28 10:02:57 ERROR network.object_protocol.ClientWorker 55 run - java.net.SocketException: Connection reset
2025-06-28 10:02:57 ERROR network.object_protocol.ClientWorker 56 run - [Ljava.lang.StackTraceElement;@32d4f869
2025-06-28 10:02:58 ERROR network.object_protocol.ClientWorker 55 run - java.net.SocketException: Connection reset
2025-06-28 10:02:58 ERROR network.object_protocol.ClientWorker 56 run - [Ljava.lang.StackTraceElement;@4a3223db
2025-06-28 10:02:59 ERROR network.object_protocol.ClientWorker 55 run - java.net.SocketException: Connection reset
2025-06-28 10:02:59 ERROR network.object_protocol.ClientWorker 56 run - [Ljava.lang.StackTraceElement;@43c469fb
2025-06-28 10:03:00 ERROR network.object_protocol.ClientWorker 55 run - java.net.SocketException: Connection reset
2025-06-28 10:03:00 ERROR network.object_protocol.ClientWorker 56 run - [Ljava.lang.StackTraceElement;@73fa2834
2025-06-28 10:03:01 ERROR network.object_protocol.ClientWorker 55 run - java.net.SocketException: Connection reset
2025-06-28 10:03:01 ERROR network.object_protocol.ClientWorker 56 run - [Ljava.lang.StackTraceElement;@66788192
2025-06-28 10:03:02 ERROR network.object_protocol.ClientWorker 55 run - java.net.SocketException: Connection reset
2025-06-28 10:03:02 ERROR network.object_protocol.ClientWorker 56 run - [Ljava.lang.StackTraceElement;@3d8f4a7d
2025-06-28 10:03:03 ERROR network.object_protocol.ClientWorker 55 run - java.net.SocketException: Connection reset
2025-06-28 10:03:03 ERROR network.object_protocol.ClientWorker 56 run - [Ljava.lang.StackTraceElement;@5de47786
2025-06-28 10:03:09 INFO  server.StartServer 43 main - Server properties set. {server.port=55556, jdbc.url=jdbc:sqlite:/D:/GithubRepositories/CS-UBB-FMI-INFO/2nd Year/2nd Semester/MPP/sesiune/Sesiune/JocTriviaMPP.db}
2025-06-28 10:03:09 INFO  network.utils.ConcurrentServer 20 <init> - Concurrent Server created!
2025-06-28 10:03:09 INFO  network.utils.AbstractServer 27 start - Waiting for clients...
2025-06-28 10:03:15 INFO  StartClient 31 start - Client properties set {server.host=localhost, server.port=55556}
2025-06-28 10:03:15 INFO  StartClient 47 start - Using server IP: localhost
2025-06-28 10:03:15 INFO  StartClient 48 start - Using server port: 55556
2025-06-28 10:03:18 INFO  gui.LoginController 52 onLoginButtonClick - Alias: Emi
2025-06-28 10:03:18 INFO  network.utils.AbstractServer 29 start - Client connected...
2025-06-28 10:03:18 INFO  network.utils.AbstractServer 27 start - Waiting for clients...
2025-06-28 10:03:18 INFO  persistence.repository.RepoJucatoriHibernate 93 findByNume - Finding Jucator by nume with Hibernate: Emi
2025-06-28 10:03:18 INFO  org.hibernate.Version 44 logVersion - HHH000412: Hibernate ORM core version 6.1.7.Final
2025-06-28 10:03:18 WARN  org.hibernate.engine.jdbc.connections.internal.DriverManagerConnectionProviderImpl 80 configure - HHH10001002: Using built-in connection pool (not intended for production use)
2025-06-28 10:03:18 INFO  org.hibernate.engine.jdbc.connections.internal.DriverManagerConnectionProviderImpl 139 buildCreator - HHH10001005: Loaded JDBC driver class: org.sqlite.JDBC
2025-06-28 10:03:18 INFO  org.hibernate.engine.jdbc.connections.internal.DriverManagerConnectionProviderImpl 161 buildCreator - HHH10001012: Connecting with JDBC URL [jdbc:sqlite:/D:/GithubRepositories/CS-UBB-FMI-INFO/2nd Year/2nd Semester/MPP/sesiune/Sesiune/JocTriviaMPP.db]
2025-06-28 10:03:18 INFO  org.hibernate.engine.jdbc.connections.internal.DriverManagerConnectionProviderImpl 170 buildCreator - HHH10001001: Connection properties: {}
2025-06-28 10:03:18 INFO  org.hibernate.engine.jdbc.connections.internal.DriverManagerConnectionProviderImpl 174 buildCreator - HHH10001003: Autocommit mode: false
2025-06-28 10:03:18 INFO  org.hibernate.engine.jdbc.connections.internal.DriverManagerConnectionProviderImpl$PooledConnections 366 <init> - HHH10001115: Connection pool size: 20 (min=1)
2025-06-28 10:03:19 INFO  org.hibernate.engine.jdbc.dialect.internal.DialectFactoryImpl 66 logSelectedDialect - HHH000400: Using dialect: org.hibernate.community.dialect.SQLiteDialect
2025-06-28 10:03:19 INFO  org.hibernate.validator.internal.util.Version 21 <clinit> - HV000001: Hibernate Validator 8.0.0.Final
2025-06-28 10:03:19 INFO  org.hibernate.resource.transaction.backend.jdbc.internal.DdlTransactionIsolatorNonJtaImpl 45 getIsolatedConnection - HHH10001501: Connection obtained from JdbcConnectionAccess [org.hibernate.engine.jdbc.env.internal.JdbcEnvironmentInitiator$ConnectionProviderJdbcConnectionAccess@63829917] for (non-JTA) DDL execution was not in auto-commit mode; the Connection 'local transaction' will be committed and the Connection will be set into auto-commit mode.
2025-06-28 10:03:19 INFO  org.hibernate.engine.transaction.jta.platform.internal.JtaPlatformInitiator 51 initiateService - HHH000490: Using JtaPlatform implementation: [org.hibernate.engine.transaction.jta.platform.internal.NoJtaPlatform]
2025-06-28 10:03:20 INFO  persistence.repository.RepoJucatoriHibernate 100 findByNume - Found Jucator with nume Emi: Entity{id=1}
2025-06-28 10:03:20 INFO  server.ServiceImpl 47 logIn - Jucator logged in: Emi
2025-06-28 10:03:21 INFO  server.ServiceImpl 62 getJocuriByJucator - Getting games for jucator: Emi
2025-06-28 10:03:21 INFO  persistence.repository.RepoJocuriHibernate 90 findByJucator - Finding Jocuri by Jucator: Entity{id=1}
2025-06-28 10:03:21 INFO  server.ServiceImpl 64 getJocuriByJucator - Found 1 games for jucator
2025-06-28 10:03:21 ERROR network.object_protocol.ClientWorker 55 run - java.io.NotSerializableException: domain.Joc
2025-06-28 10:03:21 ERROR network.object_protocol.ClientWorker 56 run - [Ljava.lang.StackTraceElement;@454cc507
2025-06-28 10:03:21 ERROR network.object_protocol.ServicesProxy$ReaderThread 123 run - Reading error java.io.WriteAbortedException: writing aborted; java.io.NotSerializableException: domain.Joc
2025-06-28 10:04:22 INFO  server.StartServer 43 main - Server properties set. {server.port=55556, jdbc.url=jdbc:sqlite:/D:/GithubRepositories/CS-UBB-FMI-INFO/2nd Year/2nd Semester/MPP/sesiune/Sesiune/JocTriviaMPP.db}
2025-06-28 10:04:22 INFO  network.utils.ConcurrentServer 20 <init> - Concurrent Server created!
2025-06-28 10:04:22 INFO  network.utils.AbstractServer 27 start - Waiting for clients...
2025-06-28 10:04:28 INFO  StartClient 31 start - Client properties set {server.host=localhost, server.port=55556}
2025-06-28 10:04:28 INFO  StartClient 47 start - Using server IP: localhost
2025-06-28 10:04:28 INFO  StartClient 48 start - Using server port: 55556
2025-06-28 10:04:31 INFO  gui.LoginController 52 onLoginButtonClick - Alias: Emi
2025-06-28 10:04:31 INFO  network.utils.AbstractServer 29 start - Client connected...
2025-06-28 10:04:31 INFO  network.utils.AbstractServer 27 start - Waiting for clients...
2025-06-28 10:04:31 INFO  persistence.repository.RepoJucatoriHibernate 93 findByNume - Finding Jucator by nume with Hibernate: Emi
2025-06-28 10:04:31 INFO  org.hibernate.Version 44 logVersion - HHH000412: Hibernate ORM core version 6.1.7.Final
2025-06-28 10:04:32 WARN  org.hibernate.engine.jdbc.connections.internal.DriverManagerConnectionProviderImpl 80 configure - HHH10001002: Using built-in connection pool (not intended for production use)
2025-06-28 10:04:32 INFO  org.hibernate.engine.jdbc.connections.internal.DriverManagerConnectionProviderImpl 139 buildCreator - HHH10001005: Loaded JDBC driver class: org.sqlite.JDBC
2025-06-28 10:04:32 INFO  org.hibernate.engine.jdbc.connections.internal.DriverManagerConnectionProviderImpl 161 buildCreator - HHH10001012: Connecting with JDBC URL [jdbc:sqlite:/D:/GithubRepositories/CS-UBB-FMI-INFO/2nd Year/2nd Semester/MPP/sesiune/Sesiune/JocTriviaMPP.db]
2025-06-28 10:04:32 INFO  org.hibernate.engine.jdbc.connections.internal.DriverManagerConnectionProviderImpl 170 buildCreator - HHH10001001: Connection properties: {}
2025-06-28 10:04:32 INFO  org.hibernate.engine.jdbc.connections.internal.DriverManagerConnectionProviderImpl 174 buildCreator - HHH10001003: Autocommit mode: false
2025-06-28 10:04:32 INFO  org.hibernate.engine.jdbc.connections.internal.DriverManagerConnectionProviderImpl$PooledConnections 366 <init> - HHH10001115: Connection pool size: 20 (min=1)
2025-06-28 10:04:32 INFO  org.hibernate.engine.jdbc.dialect.internal.DialectFactoryImpl 66 logSelectedDialect - HHH000400: Using dialect: org.hibernate.community.dialect.SQLiteDialect
2025-06-28 10:04:32 INFO  org.hibernate.validator.internal.util.Version 21 <clinit> - HV000001: Hibernate Validator 8.0.0.Final
2025-06-28 10:04:33 INFO  org.hibernate.resource.transaction.backend.jdbc.internal.DdlTransactionIsolatorNonJtaImpl 45 getIsolatedConnection - HHH10001501: Connection obtained from JdbcConnectionAccess [org.hibernate.engine.jdbc.env.internal.JdbcEnvironmentInitiator$ConnectionProviderJdbcConnectionAccess@63829917] for (non-JTA) DDL execution was not in auto-commit mode; the Connection 'local transaction' will be committed and the Connection will be set into auto-commit mode.
2025-06-28 10:04:33 INFO  org.hibernate.engine.transaction.jta.platform.internal.JtaPlatformInitiator 51 initiateService - HHH000490: Using JtaPlatform implementation: [org.hibernate.engine.transaction.jta.platform.internal.NoJtaPlatform]
2025-06-28 10:04:33 INFO  persistence.repository.RepoJucatoriHibernate 100 findByNume - Found Jucator with nume Emi: Entity{id=1}
2025-06-28 10:04:33 INFO  server.ServiceImpl 47 logIn - Jucator logged in: Emi
2025-06-28 10:04:34 INFO  server.ServiceImpl 62 getJocuriByJucator - Getting games for jucator: Emi
2025-06-28 10:04:34 INFO  persistence.repository.RepoJocuriHibernate 90 findByJucator - Finding Jocuri by Jucator: Entity{id=1}
2025-06-28 10:04:34 INFO  server.ServiceImpl 64 getJocuriByJucator - Found 1 games for jucator
2025-06-28 10:04:38 INFO  server.ServiceImpl 70 getRaspunsuriByJoc - Getting answers for joc: null
2025-06-28 10:04:38 INFO  persistence.repository.RepoRaspunsuriHibernate 91 findByJoc - Finding RaspunsJucator by Joc: Joc{id=null, jucator=Entity{id=null}, dataInceput=2025-06-28T09:54:13, dataSfarsit=2025-06-28T09:54:19, punctajTotal=74, finalizatCuSucces=true, nivelCurent=3, intrebariCorecteNivel=2}
2025-06-28 10:04:38 ERROR persistence.repository.RepoRaspunsuriHibernate 98 findByJoc - Error finding RaspunsJucator by Joc Joc{id=null, jucator=Entity{id=null}, dataInceput=2025-06-28T09:54:13, dataSfarsit=2025-06-28T09:54:19, punctajTotal=74, finalizatCuSucces=true, nivelCurent=3, intrebariCorecteNivel=2}: org.hibernate.TransientObjectException: object references an unsaved transient instance - save the transient instance before flushing: domain.Joc
2025-06-28 10:04:38 INFO  server.ServiceImpl 72 getRaspunsuriByJoc - Found 0 answers for joc
2025-06-28 10:05:58 ERROR network.object_protocol.ClientWorker 55 run - java.net.SocketException: Connection reset
2025-06-28 10:05:58 ERROR network.object_protocol.ClientWorker 56 run - [Ljava.lang.StackTraceElement;@7ff1e5d6
