     1                                  bits 32 ; assembling for the 32 bits architecture
     2                                  
     3                                  ; declare the EntryPoint (a label defining the very first instruction of the program)
     4                                  global start        
     5                                  
     6                                  ; declare external functions needed by our program
     7                                  extern exit               ; tell nasm that exit exists even if we won't be defining it
     8                                  import exit msvcrt.dll    ; exit is a function that ends the calling process. It is defined in msvcrt.dll
     9                                                            ; msvcrt.dll contains exit, printf and all the other important C-runtime specific functions
    10                                  
    11                                  ; our data is declared here (the variables needed by our program)
    12                                  segment data use32 class=data
    13                                      ; ...
    14                                      
    15                                      ; d-(a+b)+c
    16                                      
    17 00000000 03                          a db 3
    18 00000001 04                          b db 4
    19 00000002 05                          c db 5
    20 00000003 09                          d db 9
    21                                  ; our code starts here
    22                                  segment code use32 class=code
    23                                      start:
    24                                          ; ...
    25 00000000 A0[00000000]                MOV AL,[a] ;AL=3
    26 00000005 0205[01000000]              ADD AL,[b] ;AL=3+4=7
    27 0000000B 8A15[03000000]              MOV DL,[d] ;DL=9
    28 00000011 28C2                        SUB DL,AL  ;DL-AL=9-7=2
    29 00000013 0215[02000000]              ADD DL,[c] ;DL=2+5=7
    30                                      
    31                                          ; exit(0)
    32 00000019 6A00                            push    dword 0      ; push the parameter for exit onto the stack
    33 0000001B FF15[00000000]                  call    [exit]       ; call exit to terminate the program
