     1                                  bits 32 ; assembling for the 32 bits architecture
     2                                  
     3                                  ; declare the EntryPoint (a label defining the very first instruction of the program)
     4                                  global start        
     5                                  
     6                                  ; declare external functions needed by our program
     7                                  extern exit               ; tell nasm that exit exists even if we won't be defining it
     8                                  import exit msvcrt.dll    ; exit is a function that ends the calling process. It is defined in msvcrt.dll
     9                                                            ; msvcrt.dll contains exit, printf and all the other important C-runtime specific functions
    10                                  
    11                                  ; our data is declared here (the variables needed by our program)
    12                                  segment data use32 class=data
    13                                      ; ...
    14 00000000 09                          a db 9
    15 00000001 7A                          b db 122
    16 00000002 17                          c db 23
    17 00000003 B4000000                    d dd 180
    18                                  ;200 - [3 * (c + b - d / a) - 300]
    19                                  
    20                                  ; our code starts here
    21                                  segment code use32 class=code
    22                                      start:
    23                                          ; ...
    24 00000000 66A1[03000000]                  mov ax,[d]
    25 00000006 668B15[05000000]                mov dx,[d+2]
    26                                          
    27 0000000D B700                            mov bh,0
    28 0000000F 8A1D[00000000]                  mov bl,[a]
    29                                          
    30 00000015 66F7F3                          div bx
    31                                          
    32 00000018 B700                            mov bh,0
    33 0000001A 8A1D[02000000]                  mov bl,[c]
    34 00000020 021D[03000000]                  add bl,[d]
    35                                          
    36 00000026 6629C3                          sub bx,ax
    37                                          
    38 00000029 6689D8                          mov ax,bx
    39 0000002C 66B90300                        mov cx,3
    40 00000030 66F7E1                          mul cx
    41                                          
    42 00000033 662D2C01                        sub ax,300
    43                                          
    44 00000037 B700                            mov bh,0
    45 00000039 B3C8                            mov bl,200
    46                                          
    47 0000003B 6629C3                          sub bx,ax 
    48                                          
    49                                          ; exit(0)
    50 0000003E 6A00                            push    dword 0      ; push the parameter for exit onto the stack
    51 00000040 E8(00000000)                    call    exit       ; call exit to terminate the program
