     1                                  bits 32 ; assembling for the 32 bits architecture
     2                                  
     3                                  ; declare the EntryPoint (a label defining the very first instruction of the program)
     4                                  global start        
     5                                  
     6                                  ; declare external functions needed by our program
     7                                  extern exit               ; tell nasm that exit exists even if we won't be defining it
     8                                  import exit msvcrt.dll    ; exit is a function that ends the calling process. It is defined in msvcrt.dll
     9                                                            ; msvcrt.dll contains exit, printf and all the other important C-runtime specific functions
    10                                  
    11                                  ; our data is declared here (the variables needed by our program)
    12                                  segment data use32 class=data
    13                                      ; ...
    14 00000000 09                          a db 9
    15 00000001 0C                          c db 12
    16 00000002 08                          d db 8
    17 00000003 0700                        f dw 7
    18                                  
    19                                  ;f+(c-2)*(3+a)/(d-4)= 7+10*12/4=7+120/4=7+30=37
    20                                      
    21                                  ; our code starts here
    22                                  segment code use32 class=code
    23                                      start:
    24                                          ; ...       
    25 00000000 B400                            mov ah,0
    26 00000002 A0[00000000]                    mov al,[a]
    27 00000007 0403                            add al,3
    28                                          
    29 00000009 668B0D[01000000]                mov cx,[c]
    30 00000010 B500                            mov ch,0
    31 00000012 6683E902                        sub cx,2
    32 00000016 66F7E1                          mul cx
    33                                          
    34 00000019 8A15[02000000]                  mov dl,[d]
    35 0000001F 80EA04                          sub dl,4
    36                                          
    37 00000022 F6F2                            div dl 
    38                                          
    39                                          ; exit(0)
    40 00000024 6A00                            push    dword 0      ; push the parameter for exit onto the stack
    41 00000026 FF15[00000000]                  call    [exit]       ; call exit to terminate the program
